[[0]]	[[1]]	[[0 5 0 0 3 0 1 0 0 0 0 0]]	[[0 0 0 0 0 0 0 0 0 0 0 0]]	[[0. 0. 0. 0. 0. 0. 0. 0. 0. 0. 0. 0.]]	[[[0. 0. 0. 0. 0. 0. 0. 0. 0. 0. 0. 0.]
  [0. 0. 0. 0. 0. 0. 0. 0. 0. 0. 0. 0.]
  [0. 0. 0. 0. 0. 0. 0. 0. 0. 0. 0. 0.]
  [0. 0. 0. 0. 0. 0. 0. 0. 0. 0. 0. 0.]]]	[[[0.]
  [0.]
  [0.]
  [0.]]]	[[1. 1. 0. 0.]]	[[ 0.06616338 -0.39257848]]	[[-4.276045   -0.39257848]]	0	-4.328975573035049	0.066163376
[[0]]	[[1]]	[[0 5 0 0 3 0 1 0 0 0 0 0]]	[[0 0 0 0 0 0 0 0 0 0 0 0]]	[[0. 0. 0. 0. 0. 0. 0. 0. 0. 0. 0. 0.]]	[[[0. 0. 0. 0. 0. 0. 0. 0. 0. 0. 0. 0.]
  [0. 0. 0. 0. 0. 0. 0. 0. 0. 0. 0. 0.]
  [0. 0. 0. 0. 0. 0. 0. 0. 0. 0. 0. 0.]
  [0. 0. 0. 0. 0. 0. 0. 0. 0. 0. 0. 0.]]]	[[[0.]
  [0.]
  [0.]
  [0.]]]	[[1. 1. 0. 0.]]	[[ 0.06616338 -0.39257848]]	[[-0.74555844 -0.39257848]]	0	-0.7984891251913148	0.066163376
[[0]]	[[1]]	[[0 5 0 0 3 0 1 0 0 0 0 0]]	[[0 0 0 0 0 0 0 0 0 0 0 0]]	[[0. 0. 0. 0. 0. 0. 0. 0. 0. 0. 0. 0.]]	[[[0. 0. 0. 0. 0. 0. 0. 0. 0. 0. 0. 0.]
  [0. 0. 0. 0. 0. 0. 0. 0. 0. 0. 0. 0.]
  [0. 0. 0. 0. 0. 0. 0. 0. 0. 0. 0. 0.]
  [0. 0. 0. 0. 0. 0. 0. 0. 0. 0. 0. 0.]]]	[[[0.]
  [0.]
  [0.]
  [0.]]]	[[1. 1. 0. 0.]]	[[ 0.06616338 -0.39257848]]	[[-0.2131654  -0.39257848]]	0	-0.2660961064144745	0.066163376
[[0]]	[[1]]	[[0 5 0 0 3 0 1 0 0 0 0 0]]	[[0 0 0 0 0 0 0 0 0 0 0 0]]	[[0. 0. 0. 0. 0. 0. 0. 0. 0. 0. 0. 0.]]	[[[0. 0. 0. 0. 0. 0. 0. 0. 0. 0. 0. 0.]
  [0. 0. 0. 0. 0. 0. 0. 0. 0. 0. 0. 0.]
  [0. 0. 0. 0. 0. 0. 0. 0. 0. 0. 0. 0.]
  [0. 0. 0. 0. 0. 0. 0. 0. 0. 0. 0. 0.]]]	[[[0.]
  [0.]
  [0.]
  [0.]]]	[[1. 1. 0. 0.]]	[[ 0.06616338 -0.39257848]]	[[-2.3620899  -0.39257848]]	0	-2.4150205824320676	0.066163376
[[0]]	[[1]]	[[0 5 0 0 3 0 1 0 0 0 0 0]]	[[0 0 0 0 0 0 0 0 0 0 0 0]]	[[0. 0. 0. 0. 0. 0. 0. 0. 0. 0. 0. 0.]]	[[[0. 0. 0. 0. 0. 0. 0. 0. 0. 0. 0. 0.]
  [0. 0. 0. 0. 0. 0. 0. 0. 0. 0. 0. 0.]
  [0. 0. 0. 0. 0. 0. 0. 0. 0. 0. 0. 0.]
  [0. 0. 0. 0. 0. 0. 0. 0. 0. 0. 0. 0.]]]	[[[0.]
  [0.]
  [0.]
  [0.]]]	[[1. 1. 0. 0.]]	[[ 0.06616338 -0.39257848]]	[[-2.0094109  -0.39257848]]	0	-2.0623416135416486	0.066163376
[[0]]	[[1]]	[[0 5 0 0 3 0 1 0 0 0 0 0]]	[[0 0 0 0 0 0 0 0 0 0 0 0]]	[[0. 0. 0. 0. 0. 0. 0. 0. 0. 0. 0. 0.]]	[[[0. 0. 0. 0. 0. 0. 0. 0. 0. 0. 0. 0.]
  [0. 0. 0. 0. 0. 0. 0. 0. 0. 0. 0. 0.]
  [0. 0. 0. 0. 0. 0. 0. 0. 0. 0. 0. 0.]
  [0. 0. 0. 0. 0. 0. 0. 0. 0. 0. 0. 0.]]]	[[[0.]
  [0.]
  [0.]
  [0.]]]	[[1. 1. 0. 0.]]	[[ 0.06616338 -0.39257848]]	[[-0.14588346 -0.39257848]]	0	-0.1988141645771164	0.066163376
[[0]]	[[1]]	[[0 5 0 0 3 0 1 0 0 0 0 0]]	[[0 0 0 0 0 0 0 0 0 0 0 0]]	[[0. 0. 0. 0. 0. 0. 0. 0. 0. 0. 0. 0.]]	[[[0. 0. 0. 0. 0. 0. 0. 0. 0. 0. 0. 0.]
  [0. 0. 0. 0. 0. 0. 0. 0. 0. 0. 0. 0.]
  [0. 0. 0. 0. 0. 0. 0. 0. 0. 0. 0. 0.]
  [0. 0. 0. 0. 0. 0. 0. 0. 0. 0. 0. 0.]]]	[[[0.]
  [0.]
  [0.]
  [0.]]]	[[1. 1. 0. 0.]]	[[ 0.06616338 -0.39257848]]	[[-0.3073028  -0.39257848]]	0	-0.3602335049785312	0.066163376
[[0]]	[[1]]	[[0 5 0 0 3 0 1 0 0 0 0 0]]	[[0 0 0 0 0 0 0 0 0 0 0 0]]	[[0. 0. 0. 0. 0. 0. 0. 0. 0. 0. 0. 0.]]	[[[0. 0. 0. 0. 0. 0. 0. 0. 0. 0. 0. 0.]
  [0. 0. 0. 0. 0. 0. 0. 0. 0. 0. 0. 0.]
  [0. 0. 0. 0. 0. 0. 0. 0. 0. 0. 0. 0.]
  [0. 0. 0. 0. 0. 0. 0. 0. 0. 0. 0. 0.]]]	[[[0.]
  [0.]
  [0.]
  [0.]]]	[[1. 1. 0. 0.]]	[[ 0.06616338 -0.39257848]]	[[-0.02033757 -0.39257848]]	0	-0.07326826849625363	0.066163376
[[0]]	[[1]]	[[0 5 0 0 3 0 1 0 0 0 0 0]]	[[0 0 0 0 0 0 0 0 0 0 0 0]]	[[0. 0. 0. 0. 0. 0. 0. 0. 0. 0. 0. 0.]]	[[[0. 0. 0. 0. 0. 0. 0. 0. 0. 0. 0. 0.]
  [0. 0. 0. 0. 0. 0. 0. 0. 0. 0. 0. 0.]
  [0. 0. 0. 0. 0. 0. 0. 0. 0. 0. 0. 0.]
  [0. 0. 0. 0. 0. 0. 0. 0. 0. 0. 0. 0.]]]	[[[0.]
  [0.]
  [0.]
  [0.]]]	[[1. 1. 0. 0.]]	[[ 0.06616338 -0.39257848]]	[[-3.170391   -0.39257848]]	0	-3.2233218321004875	0.066163376
[[0]]	[[1]]	[[0 5 0 0 3 0 1 0 0 0 0 0]]	[[0 0 0 0 0 0 0 0 0 0 0 0]]	[[0. 0. 0. 0. 0. 0. 0. 0. 0. 0. 0. 0.]]	[[[0. 0. 0. 0. 0. 0. 0. 0. 0. 0. 0. 0.]
  [0. 0. 0. 0. 0. 0. 0. 0. 0. 0. 0. 0.]
  [0. 0. 0. 0. 0. 0. 0. 0. 0. 0. 0. 0.]
  [0. 0. 0. 0. 0. 0. 0. 0. 0. 0. 0. 0.]]]	[[[0.]
  [0.]
  [0.]
  [0.]]]	[[1. 1. 0. 0.]]	[[ 0.06616338 -0.39257848]]	[[-0.44912437 -0.39257848]]	0	-0.5020550658145305	0.066163376
[[0]]	[[1]]	[[0 5 0 0 3 0 1 0 0 0 0 0]]	[[0 0 0 0 0 0 0 0 0 0 0 0]]	[[0. 0. 0. 0. 0. 0. 0. 0. 0. 0. 0. 0.]]	[[[0. 0. 0. 0. 0. 0. 0. 0. 0. 0. 0. 0.]
  [0. 0. 0. 0. 0. 0. 0. 0. 0. 0. 0. 0.]
  [0. 0. 0. 0. 0. 0. 0. 0. 0. 0. 0. 0.]
  [0. 0. 0. 0. 0. 0. 0. 0. 0. 0. 0. 0.]]]	[[[0.]
  [0.]
  [0.]
  [0.]]]	[[1. 1. 0. 0.]]	[[ 0.06616338 -0.39257848]]	[[-3.8170986  -0.39257848]]	0	-3.870029407106747	0.066163376
[[0]]	[[1]]	[[0 5 0 0 3 0 1 0 0 0 0 0]]	[[0 0 0 0 0 0 0 0 0 0 0 0]]	[[0. 0. 0. 0. 0. 0. 0. 0. 0. 0. 0. 0.]]	[[[0. 0. 0. 0. 0. 0. 0. 0. 0. 0. 0. 0.]
  [0. 0. 0. 0. 0. 0. 0. 0. 0. 0. 0. 0.]
  [0. 0. 0. 0. 0. 0. 0. 0. 0. 0. 0. 0.]
  [0. 0. 0. 0. 0. 0. 0. 0. 0. 0. 0. 0.]]]	[[[0.]
  [0.]
  [0.]
  [0.]]]	[[1. 1. 0. 0.]]	[[ 0.06616338 -0.39257848]]	[[-3.1725812  -0.39257848]]	0	-3.22551182700982	0.066163376
[[0]]	[[1]]	[[0 5 0 0 3 0 1 0 0 0 0 0]]	[[0 0 0 0 0 0 0 0 0 0 0 0]]	[[0. 0. 0. 0. 0. 0. 0. 0. 0. 0. 0. 0.]]	[[[0. 0. 0. 0. 0. 0. 0. 0. 0. 0. 0. 0.]
  [0. 0. 0. 0. 0. 0. 0. 0. 0. 0. 0. 0.]
  [0. 0. 0. 0. 0. 0. 0. 0. 0. 0. 0. 0.]
  [0. 0. 0. 0. 0. 0. 0. 0. 0. 0. 0. 0.]]]	[[[0.]
  [0.]
  [0.]
  [0.]]]	[[1. 1. 0. 0.]]	[[ 0.06616338 -0.39257848]]	[[-0.83364445 -0.39257848]]	0	-0.8865751247104334	0.066163376
[[0]]	[[1]]	[[0 5 0 0 3 0 1 0 0 0 0 0]]	[[0 0 0 0 0 0 0 0 0 0 0 0]]	[[0. 0. 0. 0. 0. 0. 0. 0. 0. 0. 0. 0.]]	[[[0. 0. 0. 0. 0. 0. 0. 0. 0. 0. 0. 0.]
  [0. 0. 0. 0. 0. 0. 0. 0. 0. 0. 0. 0.]
  [0. 0. 0. 0. 0. 0. 0. 0. 0. 0. 0. 0.]
  [0. 0. 0. 0. 0. 0. 0. 0. 0. 0. 0. 0.]]]	[[[0.]
  [0.]
  [0.]
  [0.]]]	[[1. 1. 0. 0.]]	[[ 0.06616338 -0.39257848]]	[[-0.26366118 -0.39257848]]	0	-0.31659186612143664	0.066163376
[[0]]	[[1]]	[[0 5 0 0 3 0 1 0 0 0 0 0]]	[[0 0 0 0 0 0 0 0 0 0 0 0]]	[[0. 0. 0. 0. 0. 0. 0. 0. 0. 0. 0. 0.]]	[[[0. 0. 0. 0. 0. 0. 0. 0. 0. 0. 0. 0.]
  [0. 0. 0. 0. 0. 0. 0. 0. 0. 0. 0. 0.]
  [0. 0. 0. 0. 0. 0. 0. 0. 0. 0. 0. 0.]
  [0. 0. 0. 0. 0. 0. 0. 0. 0. 0. 0. 0.]]]	[[[0.]
  [0.]
  [0.]
  [0.]]]	[[1. 1. 0. 0.]]	[[ 0.06616338 -0.39257848]]	[[-0.43413278 -0.39257848]]	0	-0.48706349504134916	0.066163376
[[0]]	[[1]]	[[0 5 0 0 3 0 1 0 0 0 0 0]]	[[0 0 0 0 0 0 0 0 0 0 0 0]]	[[0. 0. 0. 0. 0. 0. 0. 0. 0. 0. 0. 0.]]	[[[0. 0. 0. 0. 0. 0. 0. 0. 0. 0. 0. 0.]
  [0. 0. 0. 0. 0. 0. 0. 0. 0. 0. 0. 0.]
  [0. 0. 0. 0. 0. 0. 0. 0. 0. 0. 0. 0.]
  [0. 0. 0. 0. 0. 0. 0. 0. 0. 0. 0. 0.]]]	[[[0.]
  [0.]
  [0.]
  [0.]]]	[[1. 1. 0. 0.]]	[[ 0.06616338 -0.39257848]]	[[-1.9699899  -0.39257848]]	0	-2.0229205955689062	0.066163376
[[0]]	[[1]]	[[0 5 0 0 3 0 1 0 0 0 0 0]]	[[0 0 0 0 0 0 0 0 0 0 0 0]]	[[0. 0. 0. 0. 0. 0. 0. 0. 0. 0. 0. 0.]]	[[[0. 0. 0. 0. 0. 0. 0. 0. 0. 0. 0. 0.]
  [0. 0. 0. 0. 0. 0. 0. 0. 0. 0. 0. 0.]
  [0. 0. 0. 0. 0. 0. 0. 0. 0. 0. 0. 0.]
  [0. 0. 0. 0. 0. 0. 0. 0. 0. 0. 0. 0.]]]	[[[0.]
  [0.]
  [0.]
  [0.]]]	[[1. 1. 0. 0.]]	[[ 0.06616338 -0.39257848]]	[[-1.841227   -0.39257848]]	0	-1.8941577684397874	0.066163376
[[0]]	[[1]]	[[0 5 0 0 3 0 1 0 0 0 0 0]]	[[0 0 0 0 0 0 0 0 0 0 0 0]]	[[0. 0. 0. 0. 0. 0. 0. 0. 0. 0. 0. 0.]]	[[[0. 0. 0. 0. 0. 0. 0. 0. 0. 0. 0. 0.]
  [0. 0. 0. 0. 0. 0. 0. 0. 0. 0. 0. 0.]
  [0. 0. 0. 0. 0. 0. 0. 0. 0. 0. 0. 0.]
  [0. 0. 0. 0. 0. 0. 0. 0. 0. 0. 0. 0.]]]	[[[0.]
  [0.]
  [0.]
  [0.]]]	[[1. 1. 0. 0.]]	[[ 0.06616338 -0.39257848]]	[[-0.90559167 -0.39257848]]	0	-0.9585223806854852	0.066163376
[[0]]	[[1]]	[[0 5 0 0 3 0 1 0 0 0 0 0]]	[[0 0 0 0 0 0 0 0 0 0 0 0]]	[[0. 0. 0. 0. 0. 0. 0. 0. 0. 0. 0. 0.]]	[[[0. 0. 0. 0. 0. 0. 0. 0. 0. 0. 0. 0.]
  [0. 0. 0. 0. 0. 0. 0. 0. 0. 0. 0. 0.]
  [0. 0. 0. 0. 0. 0. 0. 0. 0. 0. 0. 0.]
  [0. 0. 0. 0. 0. 0. 0. 0. 0. 0. 0. 0.]]]	[[[0.]
  [0.]
  [0.]
  [0.]]]	[[1. 1. 0. 0.]]	[[ 0.06616338 -0.39257848]]	[[-0.37511203 -0.39257848]]	0	-0.4280427326725986	0.066163376
[[0]]	[[1]]	[[0 5 0 0 3 0 1 0 0 0 0 0]]	[[0 0 0 0 0 0 0 0 0 0 0 0]]	[[0. 0. 0. 0. 0. 0. 0. 0. 0. 0. 0. 0.]]	[[[0. 0. 0. 0. 0. 0. 0. 0. 0. 0. 0. 0.]
  [0. 0. 0. 0. 0. 0. 0. 0. 0. 0. 0. 0.]
  [0. 0. 0. 0. 0. 0. 0. 0. 0. 0. 0. 0.]
  [0. 0. 0. 0. 0. 0. 0. 0. 0. 0. 0. 0.]]]	[[[0.]
  [0.]
  [0.]
  [0.]]]	[[1. 1. 0. 0.]]	[[ 0.06616338 -0.39257848]]	[[-0.14828368 -0.39257848]]	0	-0.20121437058710617	0.066163376
[[0]]	[[1]]	[[0 5 0 0 3 0 1 0 0 0 0 0]]	[[0 0 0 0 0 0 0 0 0 0 0 0]]	[[0. 0. 0. 0. 0. 0. 0. 0. 0. 0. 0. 0.]]	[[[0. 0. 0. 0. 0. 0. 0. 0. 0. 0. 0. 0.]
  [0. 0. 0. 0. 0. 0. 0. 0. 0. 0. 0. 0.]
  [0. 0. 0. 0. 0. 0. 0. 0. 0. 0. 0. 0.]
  [0. 0. 0. 0. 0. 0. 0. 0. 0. 0. 0. 0.]]]	[[[0.]
  [0.]
  [0.]
  [0.]]]	[[1. 1. 0. 0.]]	[[ 0.06616338 -0.39257848]]	[[-2.4220002  -0.39257848]]	0	-2.474930938100456	0.066163376
[[0]]	[[1]]	[[0 5 0 0 3 0 1 0 0 0 0 0]]	[[0 0 0 0 0 0 0 0 0 0 0 0]]	[[0. 0. 0. 0. 0. 0. 0. 0. 0. 0. 0. 0.]]	[[[0. 0. 0. 0. 0. 0. 0. 0. 0. 0. 0. 0.]
  [0. 0. 0. 0. 0. 0. 0. 0. 0. 0. 0. 0.]
  [0. 0. 0. 0. 0. 0. 0. 0. 0. 0. 0. 0.]
  [0. 0. 0. 0. 0. 0. 0. 0. 0. 0. 0. 0.]]]	[[[0.]
  [0.]
  [0.]
  [0.]]]	[[1. 1. 0. 0.]]	[[ 0.06616338 -0.39257848]]	[[-3.5203536  -0.39257848]]	0	-3.573284235416544	0.066163376
[[0]]	[[1]]	[[0 5 0 0 3 0 1 0 0 0 0 0]]	[[0 0 0 0 0 0 0 0 0 0 0 0]]	[[0. 0. 0. 0. 0. 0. 0. 0. 0. 0. 0. 0.]]	[[[0. 0. 0. 0. 0. 0. 0. 0. 0. 0. 0. 0.]
  [0. 0. 0. 0. 0. 0. 0. 0. 0. 0. 0. 0.]
  [0. 0. 0. 0. 0. 0. 0. 0. 0. 0. 0. 0.]
  [0. 0. 0. 0. 0. 0. 0. 0. 0. 0. 0. 0.]]]	[[[0.]
  [0.]
  [0.]
  [0.]]]	[[1. 1. 0. 0.]]	[[ 0.06616338 -0.39257848]]	[[-4.1014576  -0.39257848]]	0	-4.154388322740544	0.066163376
[[0]]	[[1]]	[[0 5 0 0 3 0 1 0 0 0 0 0]]	[[0 0 0 0 0 0 0 0 0 0 0 0]]	[[0. 0. 0. 0. 0. 0. 0. 0. 0. 0. 0. 0.]]	[[[0. 0. 0. 0. 0. 0. 0. 0. 0. 0. 0. 0.]
  [0. 0. 0. 0. 0. 0. 0. 0. 0. 0. 0. 0.]
  [0. 0. 0. 0. 0. 0. 0. 0. 0. 0. 0. 0.]
  [0. 0. 0. 0. 0. 0. 0. 0. 0. 0. 0. 0.]]]	[[[0.]
  [0.]
  [0.]
  [0.]]]	[[1. 1. 0. 0.]]	[[ 0.06616338 -0.39257848]]	[[-4.1516194  -0.39257848]]	0	-4.204550298003386	0.066163376
[[0]]	[[1]]	[[0 5 0 0 3 0 1 0 0 0 0 0]]	[[0 0 0 0 0 0 0 0 0 0 0 0]]	[[0. 0. 0. 0. 0. 0. 0. 0. 0. 0. 0. 0.]]	[[[0. 0. 0. 0. 0. 0. 0. 0. 0. 0. 0. 0.]
  [0. 0. 0. 0. 0. 0. 0. 0. 0. 0. 0. 0.]
  [0. 0. 0. 0. 0. 0. 0. 0. 0. 0. 0. 0.]
  [0. 0. 0. 0. 0. 0. 0. 0. 0. 0. 0. 0.]]]	[[[0.]
  [0.]
  [0.]
  [0.]]]	[[1. 1. 0. 0.]]	[[ 0.06616338 -0.39257848]]	[[-0.41224825 -0.39257848]]	0	-0.4651789457311962	0.066163376
[[0]]	[[1]]	[[0 5 0 0 3 0 1 0 0 0 0 0]]	[[0 0 0 0 0 0 0 0 0 0 0 0]]	[[0. 0. 0. 0. 0. 0. 0. 0. 0. 0. 0. 0.]]	[[[0. 0. 0. 0. 0. 0. 0. 0. 0. 0. 0. 0.]
  [0. 0. 0. 0. 0. 0. 0. 0. 0. 0. 0. 0.]
  [0. 0. 0. 0. 0. 0. 0. 0. 0. 0. 0. 0.]
  [0. 0. 0. 0. 0. 0. 0. 0. 0. 0. 0. 0.]]]	[[[0.]
  [0.]
  [0.]
  [0.]]]	[[1. 1. 0. 0.]]	[[ 0.06616338 -0.39257848]]	[[-0.7405976  -0.39257848]]	0	-0.793528281445312	0.066163376
[[0]]	[[1]]	[[0 5 0 0 3 0 1 0 0 0 0 0]]	[[0 0 0 0 0 0 0 0 0 0 0 0]]	[[0. 0. 0. 0. 0. 0. 0. 0. 0. 0. 0. 0.]]	[[[0. 0. 0. 0. 0. 0. 0. 0. 0. 0. 0. 0.]
  [0. 0. 0. 0. 0. 0. 0. 0. 0. 0. 0. 0.]
  [0. 0. 0. 0. 0. 0. 0. 0. 0. 0. 0. 0.]
  [0. 0. 0. 0. 0. 0. 0. 0. 0. 0. 0. 0.]]]	[[[0.]
  [0.]
  [0.]
  [0.]]]	[[1. 1. 0. 0.]]	[[ 0.06616338 -0.39257848]]	[[-0.74038553 -0.39257848]]	0	-0.793316235599327	0.066163376
[[0]]	[[1]]	[[0 5 0 0 3 0 1 0 0 0 0 0]]	[[0 0 0 0 0 0 0 0 0 0 0 0]]	[[0. 0. 0. 0. 0. 0. 0. 0. 0. 0. 0. 0.]]	[[[0. 0. 0. 0. 0. 0. 0. 0. 0. 0. 0. 0.]
  [0. 0. 0. 0. 0. 0. 0. 0. 0. 0. 0. 0.]
  [0. 0. 0. 0. 0. 0. 0. 0. 0. 0. 0. 0.]
  [0. 0. 0. 0. 0. 0. 0. 0. 0. 0. 0. 0.]]]	[[[0.]
  [0.]
  [0.]
  [0.]]]	[[1. 1. 0. 0.]]	[[ 0.06616338 -0.39257848]]	[[-2.0954874  -0.39257848]]	0	-2.1484179773607663	0.066163376
[[0]]	[[1]]	[[0 5 0 0 3 0 1 0 0 0 0 0]]	[[0 0 0 0 0 0 0 0 0 0 0 0]]	[[0. 0. 0. 0. 0. 0. 0. 0. 0. 0. 0. 0.]]	[[[0. 0. 0. 0. 0. 0. 0. 0. 0. 0. 0. 0.]
  [0. 0. 0. 0. 0. 0. 0. 0. 0. 0. 0. 0.]
  [0. 0. 0. 0. 0. 0. 0. 0. 0. 0. 0. 0.]
  [0. 0. 0. 0. 0. 0. 0. 0. 0. 0. 0. 0.]]]	[[[0.]
  [0.]
  [0.]
  [0.]]]	[[1. 1. 0. 0.]]	[[ 0.06616338 -0.39257848]]	[[-3.1331298  -0.39257848]]	0	-3.186060472800628	0.066163376
[[0]]	[[1]]	[[0 5 0 0 3 0 1 0 0 0 0 0]]	[[0 0 0 0 0 0 0 0 0 0 0 0]]	[[0. 0. 0. 0. 0. 0. 0. 0. 0. 0. 0. 0.]]	[[[0. 0. 0. 0. 0. 0. 0. 0. 0. 0. 0. 0.]
  [0. 0. 0. 0. 0. 0. 0. 0. 0. 0. 0. 0.]
  [0. 0. 0. 0. 0. 0. 0. 0. 0. 0. 0. 0.]
  [0. 0. 0. 0. 0. 0. 0. 0. 0. 0. 0. 0.]]]	[[[0.]
  [0.]
  [0.]
  [0.]]]	[[1. 1. 0. 0.]]	[[ 0.06616338 -0.39257848]]	[[-1.9813503  -0.39257848]]	0	-2.0342810100744386	0.066163376
[[0]]	[[1]]	[[0 5 0 0 3 0 1 0 0 0 0 0]]	[[0 0 0 0 0 0 0 0 0 0 0 0]]	[[0. 0. 0. 0. 0. 0. 0. 0. 0. 0. 0. 0.]]	[[[0. 0. 0. 0. 0. 0. 0. 0. 0. 0. 0. 0.]
  [0. 0. 0. 0. 0. 0. 0. 0. 0. 0. 0. 0.]
  [0. 0. 0. 0. 0. 0. 0. 0. 0. 0. 0. 0.]
  [0. 0. 0. 0. 0. 0. 0. 0. 0. 0. 0. 0.]]]	[[[0.]
  [0.]
  [0.]
  [0.]]]	[[1. 1. 0. 0.]]	[[ 0.06616338 -0.39257848]]	[[-1.4576812  -0.39257848]]	0	-1.5106119398306252	0.066163376
[[0]]	[[1]]	[[0 5 0 0 3 0 1 0 0 0 0 0]]	[[0 0 0 0 0 0 0 0 0 0 0 0]]	[[0. 0. 0. 0. 0. 0. 0. 0. 0. 0. 0. 0.]]	[[[0. 0. 0. 0. 0. 0. 0. 0. 0. 0. 0. 0.]
  [0. 0. 0. 0. 0. 0. 0. 0. 0. 0. 0. 0.]
  [0. 0. 0. 0. 0. 0. 0. 0. 0. 0. 0. 0.]
  [0. 0. 0. 0. 0. 0. 0. 0. 0. 0. 0. 0.]]]	[[[0.]
  [0.]
  [0.]
  [0.]]]	[[1. 1. 0. 0.]]	[[ 0.06616338 -0.39257848]]	[[-3.6298747  -0.39257848]]	0	-3.6828054571537088	0.066163376
[[0]]	[[1]]	[[0 5 0 0 3 0 1 0 0 0 0 0]]	[[0 0 0 0 0 0 0 0 0 0 0 0]]	[[0. 0. 0. 0. 0. 0. 0. 0. 0. 0. 0. 0.]]	[[[0. 0. 0. 0. 0. 0. 0. 0. 0. 0. 0. 0.]
  [0. 0. 0. 0. 0. 0. 0. 0. 0. 0. 0. 0.]
  [0. 0. 0. 0. 0. 0. 0. 0. 0. 0. 0. 0.]
  [0. 0. 0. 0. 0. 0. 0. 0. 0. 0. 0. 0.]]]	[[[0.]
  [0.]
  [0.]
  [0.]]]	[[1. 1. 0. 0.]]	[[ 0.06616338 -0.39257848]]	[[-0.686623   -0.39257848]]	0	-0.739553658788767	0.066163376
[[0]]	[[1]]	[[0 5 0 0 3 0 1 0 0 0 0 0]]	[[0 0 0 0 0 0 0 0 0 0 0 0]]	[[0. 0. 0. 0. 0. 0. 0. 0. 0. 0. 0. 0.]]	[[[0. 0. 0. 0. 0. 0. 0. 0. 0. 0. 0. 0.]
  [0. 0. 0. 0. 0. 0. 0. 0. 0. 0. 0. 0.]
  [0. 0. 0. 0. 0. 0. 0. 0. 0. 0. 0. 0.]
  [0. 0. 0. 0. 0. 0. 0. 0. 0. 0. 0. 0.]]]	[[[0.]
  [0.]
  [0.]
  [0.]]]	[[1. 1. 0. 0.]]	[[ 0.06616338 -0.39257848]]	[[-0.32431456 -0.39257848]]	0	-0.37724526247276124	0.066163376
[[0]]	[[1]]	[[0 5 0 0 3 0 1 0 0 0 0 0]]	[[0 0 0 0 0 0 0 0 0 0 0 0]]	[[0. 0. 0. 0. 0. 0. 0. 0. 0. 0. 0. 0.]]	[[[0. 0. 0. 0. 0. 0. 0. 0. 0. 0. 0. 0.]
  [0. 0. 0. 0. 0. 0. 0. 0. 0. 0. 0. 0.]
  [0. 0. 0. 0. 0. 0. 0. 0. 0. 0. 0. 0.]
  [0. 0. 0. 0. 0. 0. 0. 0. 0. 0. 0. 0.]]]	[[[0.]
  [0.]
  [0.]
  [0.]]]	[[1. 1. 0. 0.]]	[[ 0.06616338 -0.39257848]]	[[-2.9405198  -0.39257848]]	0	-2.9934504911583617	0.066163376
[[0]]	[[1]]	[[0 5 0 0 3 0 1 0 0 0 0 0]]	[[0 0 0 0 0 0 0 0 0 0 0 0]]	[[0. 0. 0. 0. 0. 0. 0. 0. 0. 0. 0. 0.]]	[[[0. 0. 0. 0. 0. 0. 0. 0. 0. 0. 0. 0.]
  [0. 0. 0. 0. 0. 0. 0. 0. 0. 0. 0. 0.]
  [0. 0. 0. 0. 0. 0. 0. 0. 0. 0. 0. 0.]
  [0. 0. 0. 0. 0. 0. 0. 0. 0. 0. 0. 0.]]]	[[[0.]
  [0.]
  [0.]
  [0.]]]	[[1. 1. 0. 0.]]	[[ 0.06616338 -0.39257848]]	[[-2.5383189  -0.39257848]]	0	-2.591249578292307	0.066163376
[[0]]	[[1]]	[[0 5 0 0 3 0 1 0 0 0 0 0]]	[[0 0 0 0 0 0 0 0 0 0 0 0]]	[[0. 0. 0. 0. 0. 0. 0. 0. 0. 0. 0. 0.]]	[[[0. 0. 0. 0. 0. 0. 0. 0. 0. 0. 0. 0.]
  [0. 0. 0. 0. 0. 0. 0. 0. 0. 0. 0. 0.]
  [0. 0. 0. 0. 0. 0. 0. 0. 0. 0. 0. 0.]
  [0. 0. 0. 0. 0. 0. 0. 0. 0. 0. 0. 0.]]]	[[[0.]
  [0.]
  [0.]
  [0.]]]	[[1. 1. 0. 0.]]	[[ 0.06616338 -0.39257848]]	[[-0.64437425 -0.39257848]]	0	-0.6973049576636815	0.066163376
[[0]]	[[1]]	[[0 5 0 0 3 0 1 0 0 0 0 0]]	[[0 0 0 0 0 0 0 0 0 0 0 0]]	[[0. 0. 0. 0. 0. 0. 0. 0. 0. 0. 0. 0.]]	[[[0. 0. 0. 0. 0. 0. 0. 0. 0. 0. 0. 0.]
  [0. 0. 0. 0. 0. 0. 0. 0. 0. 0. 0. 0.]
  [0. 0. 0. 0. 0. 0. 0. 0. 0. 0. 0. 0.]
  [0. 0. 0. 0. 0. 0. 0. 0. 0. 0. 0. 0.]]]	[[[0.]
  [0.]
  [0.]
  [0.]]]	[[1. 1. 0. 0.]]	[[ 0.06616338 -0.39257848]]	[[-1.0081583  -0.39257848]]	0	-1.0610889887799804	0.066163376
[[0]]	[[1]]	[[0 5 0 0 3 0 1 0 0 0 0 0]]	[[0 0 0 0 0 0 0 0 0 0 0 0]]	[[0. 0. 0. 0. 0. 0. 0. 0. 0. 0. 0. 0.]]	[[[0. 0. 0. 0. 0. 0. 0. 0. 0. 0. 0. 0.]
  [0. 0. 0. 0. 0. 0. 0. 0. 0. 0. 0. 0.]
  [0. 0. 0. 0. 0. 0. 0. 0. 0. 0. 0. 0.]
  [0. 0. 0. 0. 0. 0. 0. 0. 0. 0. 0. 0.]]]	[[[0.]
  [0.]
  [0.]
  [0.]]]	[[1. 1. 0. 0.]]	[[ 0.06616338 -0.39257848]]	[[-0.8534239  -0.39257848]]	0	-0.9063545809914917	0.066163376
[[0]]	[[1]]	[[0 5 0 0 3 0 1 0 0 0 0 0]]	[[0 0 0 0 0 0 0 0 0 0 0 0]]	[[0. 0. 0. 0. 0. 0. 0. 0. 0. 0. 0. 0.]]	[[[0. 0. 0. 0. 0. 0. 0. 0. 0. 0. 0. 0.]
  [0. 0. 0. 0. 0. 0. 0. 0. 0. 0. 0. 0.]
  [0. 0. 0. 0. 0. 0. 0. 0. 0. 0. 0. 0.]
  [0. 0. 0. 0. 0. 0. 0. 0. 0. 0. 0. 0.]]]	[[[0.]
  [0.]
  [0.]
  [0.]]]	[[1. 1. 0. 0.]]	[[ 0.06616338 -0.39257848]]	[[-3.3288672  -0.39257848]]	0	-3.3817978173306216	0.066163376
[[0]]	[[1]]	[[0 0 0 0 0 0 0 0 0 0 0 0]]	[[0 0 0 0 0 0 0 0 0 0 0 0]]	[[0. 0. 0. 0. 0. 0. 0. 0. 0. 0. 0. 0.]]	[[[0. 0. 0. 0. 0. 0. 0. 0. 0. 0. 0. 0.]
  [0. 0. 0. 0. 0. 0. 0. 0. 0. 0. 0. 0.]
  [0. 0. 0. 0. 0. 0. 0. 0. 0. 0. 0. 0.]
  [0. 0. 0. 0. 0. 0. 0. 0. 0. 0. 0. 0.]]]	[[[0.]
  [0.]
  [0.]
  [0.]]]	[[1. 1. 0. 0.]]	[[-0.4340777 -0.3188156]]	[[-0.4340777 -1.7737211]]	1	-1.518668606592621	-0.3188156
[[0]]	[[1]]	[[0 0 0 0 0 0 0 0 0 0 0 0]]	[[0 0 0 0 0 0 0 0 0 0 0 0]]	[[0. 0. 0. 0. 0. 0. 0. 0. 0. 0. 0. 0.]]	[[[0. 0. 0. 0. 0. 0. 0. 0. 0. 0. 0. 0.]
  [0. 0. 0. 0. 0. 0. 0. 0. 0. 0. 0. 0.]
  [0. 0. 0. 0. 0. 0. 0. 0. 0. 0. 0. 0.]
  [0. 0. 0. 0. 0. 0. 0. 0. 0. 0. 0. 0.]]]	[[[0.]
  [0.]
  [0.]
  [0.]]]	[[1. 1. 0. 0.]]	[[-0.4340777 -0.3188156]]	[[-0.4340777 -2.147543 ]]	1	-1.892490518273776	-0.3188156
[[0]]	[[1]]	[[0 0 0 0 0 0 0 0 0 0 0 0]]	[[0 0 0 0 0 0 0 0 0 0 0 0]]	[[0. 0. 0. 0. 0. 0. 0. 0. 0. 0. 0. 0.]]	[[[0. 0. 0. 0. 0. 0. 0. 0. 0. 0. 0. 0.]
  [0. 0. 0. 0. 0. 0. 0. 0. 0. 0. 0. 0.]
  [0. 0. 0. 0. 0. 0. 0. 0. 0. 0. 0. 0.]
  [0. 0. 0. 0. 0. 0. 0. 0. 0. 0. 0. 0.]]]	[[[0.]
  [0.]
  [0.]
  [0.]]]	[[1. 1. 0. 0.]]	[[-0.4340777 -0.3188156]]	[[-0.4340777 -1.2920974]]	1	-1.0370450224928986	-0.3188156
[[0]]	[[1]]	[[0 0 0 0 0 0 0 0 0 0 0 0]]	[[0 0 0 0 0 0 0 0 0 0 0 0]]	[[0. 0. 0. 0. 0. 0. 0. 0. 0. 0. 0. 0.]]	[[[0. 0. 0. 0. 0. 0. 0. 0. 0. 0. 0. 0.]
  [0. 0. 0. 0. 0. 0. 0. 0. 0. 0. 0. 0.]
  [0. 0. 0. 0. 0. 0. 0. 0. 0. 0. 0. 0.]
  [0. 0. 0. 0. 0. 0. 0. 0. 0. 0. 0. 0.]]]	[[[0.]
  [0.]
  [0.]
  [0.]]]	[[1. 1. 0. 0.]]	[[-0.4340777 -0.3188156]]	[[-0.4340777 -1.5939951]]	1	-1.3389426326163831	-0.3188156
[[0]]	[[1]]	[[0 0 0 0 0 0 0 0 0 0 0 0]]	[[0 0 0 0 0 0 0 0 0 0 0 0]]	[[0. 0. 0. 0. 0. 0. 0. 0. 0. 0. 0. 0.]]	[[[0. 0. 0. 0. 0. 0. 0. 0. 0. 0. 0. 0.]
  [0. 0. 0. 0. 0. 0. 0. 0. 0. 0. 0. 0.]
  [0. 0. 0. 0. 0. 0. 0. 0. 0. 0. 0. 0.]
  [0. 0. 0. 0. 0. 0. 0. 0. 0. 0. 0. 0.]]]	[[[0.]
  [0.]
  [0.]
  [0.]]]	[[1. 1. 0. 0.]]	[[-0.4340777 -0.3188156]]	[[-0.4340777 -2.3802445]]	1	-2.1251920419211467	-0.3188156
[[0]]	[[1]]	[[0 0 0 0 0 0 0 0 0 0 0 0]]	[[0 0 0 0 0 0 0 0 0 0 0 0]]	[[0. 0. 0. 0. 0. 0. 0. 0. 0. 0. 0. 0.]]	[[[0. 0. 0. 0. 0. 0. 0. 0. 0. 0. 0. 0.]
  [0. 0. 0. 0. 0. 0. 0. 0. 0. 0. 0. 0.]
  [0. 0. 0. 0. 0. 0. 0. 0. 0. 0. 0. 0.]
  [0. 0. 0. 0. 0. 0. 0. 0. 0. 0. 0. 0.]]]	[[[0.]
  [0.]
  [0.]
  [0.]]]	[[1. 1. 0. 0.]]	[[-0.4340777 -0.3188156]]	[[-0.4340777 -2.5000436]]	1	-2.2449912332161572	-0.3188156
[[0]]	[[1]]	[[0 0 0 0 0 0 0 0 0 0 0 0]]	[[0 0 0 0 0 0 0 0 0 0 0 0]]	[[0. 0. 0. 0. 0. 0. 0. 0. 0. 0. 0. 0.]]	[[[0. 0. 0. 0. 0. 0. 0. 0. 0. 0. 0. 0.]
  [0. 0. 0. 0. 0. 0. 0. 0. 0. 0. 0. 0.]
  [0. 0. 0. 0. 0. 0. 0. 0. 0. 0. 0. 0.]
  [0. 0. 0. 0. 0. 0. 0. 0. 0. 0. 0. 0.]]]	[[[0.]
  [0.]
  [0.]
  [0.]]]	[[1. 1. 0. 0.]]	[[-0.4340777 -0.3188156]]	[[-0.4340777 -2.3042192]]	1	-2.0491666666666664	-0.3188156
[[0]]	[[1]]	[[0 0 0 0 0 0 0 0 0 0 0 0]]	[[0 0 0 0 0 0 0 0 0 0 0 0]]	[[0. 0. 0. 0. 0. 0. 0. 0. 0. 0. 0. 0.]]	[[[0. 0. 0. 0. 0. 0. 0. 0. 0. 0. 0. 0.]
  [0. 0. 0. 0. 0. 0. 0. 0. 0. 0. 0. 0.]
  [0. 0. 0. 0. 0. 0. 0. 0. 0. 0. 0. 0.]
  [0. 0. 0. 0. 0. 0. 0. 0. 0. 0. 0. 0.]]]	[[[0.]
  [0.]
  [0.]
  [0.]]]	[[1. 1. 0. 0.]]	[[-0.4340777 -0.3188156]]	[[-0.4340777 -2.407517 ]]	1	-2.152464509391868	-0.3188156
[[0]]	[[1]]	[[0 0 0 0 0 0 0 0 0 0 0 0]]	[[0 0 0 0 0 0 0 0 0 0 0 0]]	[[0. 0. 0. 0. 0. 0. 0. 0. 0. 0. 0. 0.]]	[[[0. 0. 0. 0. 0. 0. 0. 0. 0. 0. 0. 0.]
  [0. 0. 0. 0. 0. 0. 0. 0. 0. 0. 0. 0.]
  [0. 0. 0. 0. 0. 0. 0. 0. 0. 0. 0. 0.]
  [0. 0. 0. 0. 0. 0. 0. 0. 0. 0. 0. 0.]]]	[[[0.]
  [0.]
  [0.]
  [0.]]]	[[1. 1. 0. 0.]]	[[-0.4340777 -0.3188156]]	[[-0.4340777 -2.7675524]]	1	-2.5124999999999993	-0.3188156
[[0]]	[[1]]	[[0 0 0 0 0 0 0 0 0 0 0 0]]	[[0 0 0 0 0 0 0 0 0 0 0 0]]	[[0. 0. 0. 0. 0. 0. 0. 0. 0. 0. 0. 0.]]	[[[0. 0. 0. 0. 0. 0. 0. 0. 0. 0. 0. 0.]
  [0. 0. 0. 0. 0. 0. 0. 0. 0. 0. 0. 0.]
  [0. 0. 0. 0. 0. 0. 0. 0. 0. 0. 0. 0.]
  [0. 0. 0. 0. 0. 0. 0. 0. 0. 0. 0. 0.]]]	[[[0.]
  [0.]
  [0.]
  [0.]]]	[[1. 1. 0. 0.]]	[[-0.4340777 -0.3188156]]	[[-0.4340777 -2.5691526]]	1	-2.314100130683288	-0.3188156
[[0]]	[[1]]	[[0 0 0 0 0 0 0 0 0 0 0 0]]	[[0 0 0 0 0 0 0 0 0 0 0 0]]	[[0. 0. 0. 0. 0. 0. 0. 0. 0. 0. 0. 0.]]	[[[0. 0. 0. 0. 0. 0. 0. 0. 0. 0. 0. 0.]
  [0. 0. 0. 0. 0. 0. 0. 0. 0. 0. 0. 0.]
  [0. 0. 0. 0. 0. 0. 0. 0. 0. 0. 0. 0.]
  [0. 0. 0. 0. 0. 0. 0. 0. 0. 0. 0. 0.]]]	[[[0.]
  [0.]
  [0.]
  [0.]]]	[[1. 1. 0. 0.]]	[[-0.4340777 -0.3188156]]	[[-0.4340777 -2.1159782]]	1	-1.8609257502712027	-0.3188156
[[0]]	[[1]]	[[0 0 0 0 0 0 0 0 0 0 0 0]]	[[0 0 0 0 0 0 0 0 0 0 0 0]]	[[0. 0. 0. 0. 0. 0. 0. 0. 0. 0. 0. 0.]]	[[[0. 0. 0. 0. 0. 0. 0. 0. 0. 0. 0. 0.]
  [0. 0. 0. 0. 0. 0. 0. 0. 0. 0. 0. 0.]
  [0. 0. 0. 0. 0. 0. 0. 0. 0. 0. 0. 0.]
  [0. 0. 0. 0. 0. 0. 0. 0. 0. 0. 0. 0.]]]	[[[0.]
  [0.]
  [0.]
  [0.]]]	[[1. 1. 0. 0.]]	[[-0.4340777 -0.3188156]]	[[-0.4340777 -1.5795925]]	1	-1.3245400104482081	-0.3188156
[[0]]	[[1]]	[[0 0 0 0 0 0 0 0 0 0 0 0]]	[[0 0 0 0 0 0 0 0 0 0 0 0]]	[[0. 0. 0. 0. 0. 0. 0. 0. 0. 0. 0. 0.]]	[[[0. 0. 0. 0. 0. 0. 0. 0. 0. 0. 0. 0.]
  [0. 0. 0. 0. 0. 0. 0. 0. 0. 0. 0. 0.]
  [0. 0. 0. 0. 0. 0. 0. 0. 0. 0. 0. 0.]
  [0. 0. 0. 0. 0. 0. 0. 0. 0. 0. 0. 0.]]]	[[[0.]
  [0.]
  [0.]
  [0.]]]	[[1. 1. 0. 0.]]	[[-0.4340777 -0.3188156]]	[[-0.4340777 -1.6625615]]	1	-1.4075090831848458	-0.3188156
[[0]]	[[1]]	[[0 0 0 0 0 0 0 0 0 0 0 0]]	[[0 0 0 0 0 0 0 0 0 0 0 0]]	[[0. 0. 0. 0. 0. 0. 0. 0. 0. 0. 0. 0.]]	[[[0. 0. 0. 0. 0. 0. 0. 0. 0. 0. 0. 0.]
  [0. 0. 0. 0. 0. 0. 0. 0. 0. 0. 0. 0.]
  [0. 0. 0. 0. 0. 0. 0. 0. 0. 0. 0. 0.]
  [0. 0. 0. 0. 0. 0. 0. 0. 0. 0. 0. 0.]]]	[[[0.]
  [0.]
  [0.]
  [0.]]]	[[1. 1. 0. 0.]]	[[-0.4340777 -0.3188156]]	[[-0.4340777 -1.7902234]]	1	-1.5351708514827034	-0.3188156
[[0]]	[[1]]	[[0 0 0 0 0 0 0 0 0 0 0 0]]	[[0 0 0 0 0 0 0 0 0 0 0 0]]	[[0. 0. 0. 0. 0. 0. 0. 0. 0. 0. 0. 0.]]	[[[0. 0. 0. 0. 0. 0. 0. 0. 0. 0. 0. 0.]
  [0. 0. 0. 0. 0. 0. 0. 0. 0. 0. 0. 0.]
  [0. 0. 0. 0. 0. 0. 0. 0. 0. 0. 0. 0.]
  [0. 0. 0. 0. 0. 0. 0. 0. 0. 0. 0. 0.]]]	[[[0.]
  [0.]
  [0.]
  [0.]]]	[[1. 1. 0. 0.]]	[[-0.4340777 -0.3188156]]	[[-0.4340777 -2.2129295]]	1	-1.9578769207388158	-0.3188156
[[0]]	[[1]]	[[0 0 0 0 0 0 0 0 0 0 0 0]]	[[0 0 0 0 0 0 0 0 0 0 0 0]]	[[0. 0. 0. 0. 0. 0. 0. 0. 0. 0. 0. 0.]]	[[[0. 0. 0. 0. 0. 0. 0. 0. 0. 0. 0. 0.]
  [0. 0. 0. 0. 0. 0. 0. 0. 0. 0. 0. 0.]
  [0. 0. 0. 0. 0. 0. 0. 0. 0. 0. 0. 0.]
  [0. 0. 0. 0. 0. 0. 0. 0. 0. 0. 0. 0.]]]	[[[0.]
  [0.]
  [0.]
  [0.]]]	[[1. 1. 0. 0.]]	[[-0.4340777 -0.3188156]]	[[-0.4340777 -1.3600525]]	1	-1.1049999999999998	-0.3188156
[[0]]	[[1]]	[[0 0 0 0 0 0 0 0 0 0 0 0]]	[[0 0 0 0 0 0 0 0 0 0 0 0]]	[[0. 0. 0. 0. 0. 0. 0. 0. 0. 0. 0. 0.]]	[[[0. 0. 0. 0. 0. 0. 0. 0. 0. 0. 0. 0.]
  [0. 0. 0. 0. 0. 0. 0. 0. 0. 0. 0. 0.]
  [0. 0. 0. 0. 0. 0. 0. 0. 0. 0. 0. 0.]
  [0. 0. 0. 0. 0. 0. 0. 0. 0. 0. 0. 0.]]]	[[[0.]
  [0.]
  [0.]
  [0.]]]	[[1. 1. 0. 0.]]	[[-0.4340777 -0.3188156]]	[[-0.4340777 -1.5674965]]	1	-1.3124440553591679	-0.3188156
[[0]]	[[1]]	[[0 0 0 0 0 0 0 0 0 0 0 0]]	[[0 0 0 0 0 0 0 0 0 0 0 0]]	[[0. 0. 0. 0. 0. 0. 0. 0. 0. 0. 0. 0.]]	[[[0. 0. 0. 0. 0. 0. 0. 0. 0. 0. 0. 0.]
  [0. 0. 0. 0. 0. 0. 0. 0. 0. 0. 0. 0.]
  [0. 0. 0. 0. 0. 0. 0. 0. 0. 0. 0. 0.]
  [0. 0. 0. 0. 0. 0. 0. 0. 0. 0. 0. 0.]]]	[[[0.]
  [0.]
  [0.]
  [0.]]]	[[1. 1. 0. 0.]]	[[-0.4340777 -0.3188156]]	[[-0.4340777 -1.9899971]]	1	-1.7349446930354375	-0.3188156
[[0]]	[[1]]	[[0 0 0 0 0 0 0 0 0 0 0 0]]	[[0 0 0 0 0 0 0 0 0 0 0 0]]	[[0. 0. 0. 0. 0. 0. 0. 0. 0. 0. 0. 0.]]	[[[0. 0. 0. 0. 0. 0. 0. 0. 0. 0. 0. 0.]
  [0. 0. 0. 0. 0. 0. 0. 0. 0. 0. 0. 0.]
  [0. 0. 0. 0. 0. 0. 0. 0. 0. 0. 0. 0.]
  [0. 0. 0. 0. 0. 0. 0. 0. 0. 0. 0. 0.]]]	[[[0.]
  [0.]
  [0.]
  [0.]]]	[[1. 1. 0. 0.]]	[[-0.4340777 -0.3188156]]	[[-0.4340777 -2.4436302]]	1	-2.1885778022777176	-0.3188156
[[0]]	[[1]]	[[0 0 0 0 0 0 0 0 0 0 0 0]]	[[0 0 0 0 0 0 0 0 0 0 0 0]]	[[0. 0. 0. 0. 0. 0. 0. 0. 0. 0. 0. 0.]]	[[[0. 0. 0. 0. 0. 0. 0. 0. 0. 0. 0. 0.]
  [0. 0. 0. 0. 0. 0. 0. 0. 0. 0. 0. 0.]
  [0. 0. 0. 0. 0. 0. 0. 0. 0. 0. 0. 0.]
  [0. 0. 0. 0. 0. 0. 0. 0. 0. 0. 0. 0.]]]	[[[0.]
  [0.]
  [0.]
  [0.]]]	[[1. 1. 0. 0.]]	[[-0.4340777 -0.3188156]]	[[-0.4340777 -2.1369903]]	1	-1.8819377537874178	-0.3188156
[[0]]	[[1]]	[[0 0 0 0 0 0 0 0 0 0 0 0]]	[[0 0 0 0 0 0 0 0 0 0 0 0]]	[[0. 0. 0. 0. 0. 0. 0. 0. 0. 0. 0. 0.]]	[[[0. 0. 0. 0. 0. 0. 0. 0. 0. 0. 0. 0.]
  [0. 0. 0. 0. 0. 0. 0. 0. 0. 0. 0. 0.]
  [0. 0. 0. 0. 0. 0. 0. 0. 0. 0. 0. 0.]
  [0. 0. 0. 0. 0. 0. 0. 0. 0. 0. 0. 0.]]]	[[[0.]
  [0.]
  [0.]
  [0.]]]	[[1. 1. 0. 0.]]	[[-0.4340777 -0.3188156]]	[[-0.4340777 -1.2550524]]	1	-0.9999999999999998	-0.3188156
[[0]]	[[1]]	[[0 0 0 0 0 0 0 0 0 0 0 0]]	[[0 0 0 0 0 0 0 0 0 0 0 0]]	[[0. 0. 0. 0. 0. 0. 0. 0. 0. 0. 0. 0.]]	[[[0. 0. 0. 0. 0. 0. 0. 0. 0. 0. 0. 0.]
  [0. 0. 0. 0. 0. 0. 0. 0. 0. 0. 0. 0.]
  [0. 0. 0. 0. 0. 0. 0. 0. 0. 0. 0. 0.]
  [0. 0. 0. 0. 0. 0. 0. 0. 0. 0. 0. 0.]]]	[[[0.]
  [0.]
  [0.]
  [0.]]]	[[1. 1. 0. 0.]]	[[-0.4340777 -0.3188156]]	[[-0.4340777 -1.2550524]]	1	-0.9999999999999998	-0.3188156
[[0]]	[[1]]	[[0 0 0 0 0 0 0 0 0 0 0 0]]	[[0 0 0 0 0 0 0 0 0 0 0 0]]	[[0. 0. 0. 0. 0. 0. 0. 0. 0. 0. 0. 0.]]	[[[0. 0. 0. 0. 0. 0. 0. 0. 0. 0. 0. 0.]
  [0. 0. 0. 0. 0. 0. 0. 0. 0. 0. 0. 0.]
  [0. 0. 0. 0. 0. 0. 0. 0. 0. 0. 0. 0.]
  [0. 0. 0. 0. 0. 0. 0. 0. 0. 0. 0. 0.]]]	[[[0.]
  [0.]
  [0.]
  [0.]]]	[[1. 1. 0. 0.]]	[[-0.4340777 -0.3188156]]	[[-0.4340777 -1.7799712]]	1	-1.524918794382178	-0.3188156
[[0]]	[[1]]	[[0 0 0 0 0 0 0 0 0 0 0 0]]	[[0 0 0 0 0 0 0 0 0 0 0 0]]	[[0. 0. 0. 0. 0. 0. 0. 0. 0. 0. 0. 0.]]	[[[0. 0. 0. 0. 0. 0. 0. 0. 0. 0. 0. 0.]
  [0. 0. 0. 0. 0. 0. 0. 0. 0. 0. 0. 0.]
  [0. 0. 0. 0. 0. 0. 0. 0. 0. 0. 0. 0.]
  [0. 0. 0. 0. 0. 0. 0. 0. 0. 0. 0. 0.]]]	[[[0.]
  [0.]
  [0.]
  [0.]]]	[[1. 1. 0. 0.]]	[[-0.4340777 -0.3188156]]	[[-0.4340777 -2.5933857]]	1	-2.338333333333333	-0.3188156
[[0]]	[[1]]	[[0 0 0 0 0 0 0 0 0 0 0 0]]	[[0 0 0 0 0 0 0 0 0 0 0 0]]	[[0. 0. 0. 0. 0. 0. 0. 0. 0. 0. 0. 0.]]	[[[0. 0. 0. 0. 0. 0. 0. 0. 0. 0. 0. 0.]
  [0. 0. 0. 0. 0. 0. 0. 0. 0. 0. 0. 0.]
  [0. 0. 0. 0. 0. 0. 0. 0. 0. 0. 0. 0.]
  [0. 0. 0. 0. 0. 0. 0. 0. 0. 0. 0. 0.]]]	[[[0.]
  [0.]
  [0.]
  [0.]]]	[[1. 1. 0. 0.]]	[[-0.4340777 -0.3188156]]	[[-0.4340777 -2.3800526]]	1	-2.1249999999999996	-0.3188156
[[0]]	[[1]]	[[0 0 0 0 0 0 0 0 0 0 0 0]]	[[0 0 0 0 0 0 0 0 0 0 0 0]]	[[0. 0. 0. 0. 0. 0. 0. 0. 0. 0. 0. 0.]]	[[[0. 0. 0. 0. 0. 0. 0. 0. 0. 0. 0. 0.]
  [0. 0. 0. 0. 0. 0. 0. 0. 0. 0. 0. 0.]
  [0. 0. 0. 0. 0. 0. 0. 0. 0. 0. 0. 0.]
  [0. 0. 0. 0. 0. 0. 0. 0. 0. 0. 0. 0.]]]	[[[0.]
  [0.]
  [0.]
  [0.]]]	[[1. 1. 0. 0.]]	[[-0.4340777 -0.3188156]]	[[-0.4340777 -1.4000971]]	1	-1.145044677354675	-0.3188156
[[0]]	[[1]]	[[0 0 0 0 0 0 0 0 0 0 0 0]]	[[0 0 0 0 0 0 0 0 0 0 0 0]]	[[0. 0. 0. 0. 0. 0. 0. 0. 0. 0. 0. 0.]]	[[[0. 0. 0. 0. 0. 0. 0. 0. 0. 0. 0. 0.]
  [0. 0. 0. 0. 0. 0. 0. 0. 0. 0. 0. 0.]
  [0. 0. 0. 0. 0. 0. 0. 0. 0. 0. 0. 0.]
  [0. 0. 0. 0. 0. 0. 0. 0. 0. 0. 0. 0.]]]	[[[0.]
  [0.]
  [0.]
  [0.]]]	[[1. 1. 0. 0.]]	[[-0.4340777 -0.3188156]]	[[-0.4340777 -2.2087057]]	1	-1.953653223064845	-0.3188156
[[0]]	[[1]]	[[0 0 0 0 0 0 0 0 0 0 0 0]]	[[0 0 0 0 0 0 0 0 0 0 0 0]]	[[0. 0. 0. 0. 0. 0. 0. 0. 0. 0. 0. 0.]]	[[[0. 0. 0. 0. 0. 0. 0. 0. 0. 0. 0. 0.]
  [0. 0. 0. 0. 0. 0. 0. 0. 0. 0. 0. 0.]
  [0. 0. 0. 0. 0. 0. 0. 0. 0. 0. 0. 0.]
  [0. 0. 0. 0. 0. 0. 0. 0. 0. 0. 0. 0.]]]	[[[0.]
  [0.]
  [0.]
  [0.]]]	[[1. 1. 0. 0.]]	[[-0.4340777 -0.3188156]]	[[-0.4340777 -2.2796311]]	1	-2.0245787560896416	-0.3188156
[[0]]	[[1]]	[[0 0 0 0 0 0 0 0 0 0 0 0]]	[[0 0 0 0 0 0 0 0 0 0 0 0]]	[[0. 0. 0. 0. 0. 0. 0. 0. 0. 0. 0. 0.]]	[[[0. 0. 0. 0. 0. 0. 0. 0. 0. 0. 0. 0.]
  [0. 0. 0. 0. 0. 0. 0. 0. 0. 0. 0. 0.]
  [0. 0. 0. 0. 0. 0. 0. 0. 0. 0. 0. 0.]
  [0. 0. 0. 0. 0. 0. 0. 0. 0. 0. 0. 0.]]]	[[[0.]
  [0.]
  [0.]
  [0.]]]	[[1. 1. 0. 0.]]	[[-0.4340777 -0.3188156]]	[[-0.4340777 -2.2283857]]	1	-1.9733332822725584	-0.3188156
[[0]]	[[1]]	[[0 0 0 0 0 0 0 0 0 0 0 0]]	[[0 0 0 0 0 0 0 0 0 0 0 0]]	[[0. 0. 0. 0. 0. 0. 0. 0. 0. 0. 0. 0.]]	[[[0. 0. 0. 0. 0. 0. 0. 0. 0. 0. 0. 0.]
  [0. 0. 0. 0. 0. 0. 0. 0. 0. 0. 0. 0.]
  [0. 0. 0. 0. 0. 0. 0. 0. 0. 0. 0. 0.]
  [0. 0. 0. 0. 0. 0. 0. 0. 0. 0. 0. 0.]]]	[[[0.]
  [0.]
  [0.]
  [0.]]]	[[1. 1. 0. 0.]]	[[-0.4340777 -0.3188156]]	[[-0.4340777 -1.6617192]]	1	-1.4066666666666663	-0.3188156
[[0]]	[[1]]	[[0 0 0 0 0 0 0 0 0 0 0 0]]	[[0 0 0 0 0 0 0 0 0 0 0 0]]	[[0. 0. 0. 0. 0. 0. 0. 0. 0. 0. 0. 0.]]	[[[0. 0. 0. 0. 0. 0. 0. 0. 0. 0. 0. 0.]
  [0. 0. 0. 0. 0. 0. 0. 0. 0. 0. 0. 0.]
  [0. 0. 0. 0. 0. 0. 0. 0. 0. 0. 0. 0.]
  [0. 0. 0. 0. 0. 0. 0. 0. 0. 0. 0. 0.]]]	[[[0.]
  [0.]
  [0.]
  [0.]]]	[[1. 1. 0. 0.]]	[[-0.4340777 -0.3188156]]	[[-0.4340777 -2.455886 ]]	1	-2.2008333333333328	-0.3188156
[[0]]	[[1]]	[[0 0 0 0 0 0 0 0 0 0 0 0]]	[[0 0 0 0 0 0 0 0 0 0 0 0]]	[[0. 0. 0. 0. 0. 0. 0. 0. 0. 0. 0. 0.]]	[[[0. 0. 0. 0. 0. 0. 0. 0. 0. 0. 0. 0.]
  [0. 0. 0. 0. 0. 0. 0. 0. 0. 0. 0. 0.]
  [0. 0. 0. 0. 0. 0. 0. 0. 0. 0. 0. 0.]
  [0. 0. 0. 0. 0. 0. 0. 0. 0. 0. 0. 0.]]]	[[[0.]
  [0.]
  [0.]
  [0.]]]	[[1. 1. 0. 0.]]	[[-0.4340777 -0.3188156]]	[[-0.4340777 -2.6867192]]	1	-2.431666666666666	-0.3188156
[[0]]	[[1]]	[[0 0 0 0 0 0 0 0 0 0 0 0]]	[[0 0 0 0 0 0 0 0 0 0 0 0]]	[[0. 0. 0. 0. 0. 0. 0. 0. 0. 0. 0. 0.]]	[[[0. 0. 0. 0. 0. 0. 0. 0. 0. 0. 0. 0.]
  [0. 0. 0. 0. 0. 0. 0. 0. 0. 0. 0. 0.]
  [0. 0. 0. 0. 0. 0. 0. 0. 0. 0. 0. 0.]
  [0. 0. 0. 0. 0. 0. 0. 0. 0. 0. 0. 0.]]]	[[[0.]
  [0.]
  [0.]
  [0.]]]	[[1. 1. 0. 0.]]	[[-0.4340777 -0.3188156]]	[[-0.4340777 -2.6683857]]	1	-2.4133333333333327	-0.3188156
[[0]]	[[1]]	[[0 0 0 0 0 0 0 0 0 0 0 0]]	[[0 0 0 0 0 0 0 0 0 0 0 0]]	[[0. 0. 0. 0. 0. 0. 0. 0. 0. 0. 0. 0.]]	[[[0. 0. 0. 0. 0. 0. 0. 0. 0. 0. 0. 0.]
  [0. 0. 0. 0. 0. 0. 0. 0. 0. 0. 0. 0.]
  [0. 0. 0. 0. 0. 0. 0. 0. 0. 0. 0. 0.]
  [0. 0. 0. 0. 0. 0. 0. 0. 0. 0. 0. 0.]]]	[[[0.]
  [0.]
  [0.]
  [0.]]]	[[1. 1. 0. 0.]]	[[-0.4340777 -0.3188156]]	[[-0.4340777 -1.7768315]]	1	-1.5217790615951672	-0.3188156
[[0]]	[[1]]	[[0 0 0 0 0 0 0 0 0 0 0 0]]	[[0 0 0 0 0 0 0 0 0 0 0 0]]	[[0. 0. 0. 0. 0. 0. 0. 0. 0. 0. 0. 0.]]	[[[0. 0. 0. 0. 0. 0. 0. 0. 0. 0. 0. 0.]
  [0. 0. 0. 0. 0. 0. 0. 0. 0. 0. 0. 0.]
  [0. 0. 0. 0. 0. 0. 0. 0. 0. 0. 0. 0.]
  [0. 0. 0. 0. 0. 0. 0. 0. 0. 0. 0. 0.]]]	[[[0.]
  [0.]
  [0.]
  [0.]]]	[[1. 1. 0. 0.]]	[[-0.4340777 -0.3188156]]	[[-0.4340777 -1.3485389]]	1	-1.0934863555357854	-0.3188156
[[0]]	[[1]]	[[0 0 0 0 0 0 0 0 0 0 0 0]]	[[0 0 0 0 0 0 0 0 0 0 0 0]]	[[0. 0. 0. 0. 0. 0. 0. 0. 0. 0. 0. 0.]]	[[[0. 0. 0. 0. 0. 0. 0. 0. 0. 0. 0. 0.]
  [0. 0. 0. 0. 0. 0. 0. 0. 0. 0. 0. 0.]
  [0. 0. 0. 0. 0. 0. 0. 0. 0. 0. 0. 0.]
  [0. 0. 0. 0. 0. 0. 0. 0. 0. 0. 0. 0.]]]	[[[0.]
  [0.]
  [0.]
  [0.]]]	[[1. 1. 0. 0.]]	[[-0.4340777 -0.3188156]]	[[-0.4340777 -2.0339432]]	1	-1.7788907745989093	-0.3188156
[[0]]	[[1]]	[[0 0 0 0 0 0 0 0 0 0 0 0]]	[[0 0 0 0 0 0 0 0 0 0 0 0]]	[[0. 0. 0. 0. 0. 0. 0. 0. 0. 0. 0. 0.]]	[[[0. 0. 0. 0. 0. 0. 0. 0. 0. 0. 0. 0.]
  [0. 0. 0. 0. 0. 0. 0. 0. 0. 0. 0. 0.]
  [0. 0. 0. 0. 0. 0. 0. 0. 0. 0. 0. 0.]
  [0. 0. 0. 0. 0. 0. 0. 0. 0. 0. 0. 0.]]]	[[[0.]
  [0.]
  [0.]
  [0.]]]	[[1. 1. 0. 0.]]	[[-0.4340777 -0.3188156]]	[[-0.4340777 -2.1058824]]	1	-1.8508298767917608	-0.3188156
[[0]]	[[1]]	[[0 0 0 0 0 0 0 0 0 0 0 0]]	[[0 0 0 0 0 0 0 0 0 0 0 0]]	[[0. 0. 0. 0. 0. 0. 0. 0. 0. 0. 0. 0.]]	[[[0. 0. 0. 0. 0. 0. 0. 0. 0. 0. 0. 0.]
  [0. 0. 0. 0. 0. 0. 0. 0. 0. 0. 0. 0.]
  [0. 0. 0. 0. 0. 0. 0. 0. 0. 0. 0. 0.]
  [0. 0. 0. 0. 0. 0. 0. 0. 0. 0. 0. 0.]]]	[[[0.]
  [0.]
  [0.]
  [0.]]]	[[1. 1. 0. 0.]]	[[-0.4340777 -0.3188156]]	[[-0.4340777 -2.0227833]]	1	-1.7677309018267835	-0.3188156
[[0]]	[[1]]	[[0 0 0 0 0 0 0 0 0 0 0 0]]	[[0 0 0 0 0 0 0 0 0 0 0 0]]	[[0. 0. 0. 0. 0. 0. 0. 0. 0. 0. 0. 0.]]	[[[0. 0. 0. 0. 0. 0. 0. 0. 0. 0. 0. 0.]
  [0. 0. 0. 0. 0. 0. 0. 0. 0. 0. 0. 0.]
  [0. 0. 0. 0. 0. 0. 0. 0. 0. 0. 0. 0.]
  [0. 0. 0. 0. 0. 0. 0. 0. 0. 0. 0. 0.]]]	[[[0.]
  [0.]
  [0.]
  [0.]]]	[[1. 1. 0. 0.]]	[[-0.4340777 -0.3188156]]	[[-0.4340777 -1.5264841]]	1	-1.2714316717959058	-0.3188156
[[0]]	[[1]]	[[0 0 0 0 0 0 0 0 0 0 0 0]]	[[0 0 0 0 0 0 0 0 0 0 0 0]]	[[0. 0. 0. 0. 0. 0. 0. 0. 0. 0. 0. 0.]]	[[[0. 0. 0. 0. 0. 0. 0. 0. 0. 0. 0. 0.]
  [0. 0. 0. 0. 0. 0. 0. 0. 0. 0. 0. 0.]
  [0. 0. 0. 0. 0. 0. 0. 0. 0. 0. 0. 0.]
  [0. 0. 0. 0. 0. 0. 0. 0. 0. 0. 0. 0.]]]	[[[0.]
  [0.]
  [0.]
  [0.]]]	[[1. 1. 0. 0.]]	[[-0.4340777 -0.3188156]]	[[-0.4340777 -1.9358698]]	1	-1.6808173502529347	-0.3188156
[[0]]	[[1]]	[[0 0 0 0 0 0 0 0 0 0 0 0]]	[[0 0 0 0 0 0 0 0 0 0 0 0]]	[[0. 0. 0. 0. 0. 0. 0. 0. 0. 0. 0. 0.]]	[[[0. 0. 0. 0. 0. 0. 0. 0. 0. 0. 0. 0.]
  [0. 0. 0. 0. 0. 0. 0. 0. 0. 0. 0. 0.]
  [0. 0. 0. 0. 0. 0. 0. 0. 0. 0. 0. 0.]
  [0. 0. 0. 0. 0. 0. 0. 0. 0. 0. 0. 0.]]]	[[[0.]
  [0.]
  [0.]
  [0.]]]	[[1. 1. 0. 0.]]	[[-0.66178656  0.6275037 ]]	[[-0.66178656 -0.69795305]]	1	-1.1999559711633858	0.6275037
[[0]]	[[1]]	[[0 0 0 0 0 0 0 0 0 0 0 0]]	[[0 0 0 0 0 0 0 0 0 0 0 0]]	[[0. 0. 0. 0. 0. 0. 0. 0. 0. 0. 0. 0.]]	[[[0. 0. 0. 0. 0. 0. 0. 0. 0. 0. 0. 0.]
  [0. 0. 0. 0. 0. 0. 0. 0. 0. 0. 0. 0.]
  [0. 0. 0. 0. 0. 0. 0. 0. 0. 0. 0. 0.]
  [0. 0. 0. 0. 0. 0. 0. 0. 0. 0. 0. 0.]]]	[[[0.]
  [0.]
  [0.]
  [0.]]]	[[1. 1. 0. 0.]]	[[-0.66178656  0.6275037 ]]	[[-0.66178656 -1.2612785 ]]	1	-1.7632814921943818	0.6275037
[[0]]	[[1]]	[[0 0 0 0 0 0 0 0 0 0 0 0]]	[[0 0 0 0 0 0 0 0 0 0 0 0]]	[[0. 0. 0. 0. 0. 0. 0. 0. 0. 0. 0. 0.]]	[[[0. 0. 0. 0. 0. 0. 0. 0. 0. 0. 0. 0.]
  [0. 0. 0. 0. 0. 0. 0. 0. 0. 0. 0. 0.]
  [0. 0. 0. 0. 0. 0. 0. 0. 0. 0. 0. 0.]
  [0. 0. 0. 0. 0. 0. 0. 0. 0. 0. 0. 0.]]]	[[[0.]
  [0.]
  [0.]
  [0.]]]	[[1. 1. 0. 0.]]	[[-0.66178656  0.6275037 ]]	[[-0.66178656 -0.6441393 ]]	1	-1.14614221833222	0.6275037
[[0]]	[[1]]	[[0 0 0 0 0 0 0 0 0 0 0 0]]	[[0 0 0 0 0 0 0 0 0 0 0 0]]	[[0. 0. 0. 0. 0. 0. 0. 0. 0. 0. 0. 0.]]	[[[0. 0. 0. 0. 0. 0. 0. 0. 0. 0. 0. 0.]
  [0. 0. 0. 0. 0. 0. 0. 0. 0. 0. 0. 0.]
  [0. 0. 0. 0. 0. 0. 0. 0. 0. 0. 0. 0.]
  [0. 0. 0. 0. 0. 0. 0. 0. 0. 0. 0. 0.]]]	[[[0.]
  [0.]
  [0.]
  [0.]]]	[[1. 1. 0. 0.]]	[[-0.66178656  0.6275037 ]]	[[-0.66178656 -1.3197101 ]]	1	-1.821713037987077	0.6275037
[[0]]	[[1]]	[[0 0 0 0 0 0 0 0 0 0 0 0]]	[[0 0 0 0 0 0 0 0 0 0 0 0]]	[[0. 0. 0. 0. 0. 0. 0. 0. 0. 0. 0. 0.]]	[[[0. 0. 0. 0. 0. 0. 0. 0. 0. 0. 0. 0.]
  [0. 0. 0. 0. 0. 0. 0. 0. 0. 0. 0. 0.]
  [0. 0. 0. 0. 0. 0. 0. 0. 0. 0. 0. 0.]
  [0. 0. 0. 0. 0. 0. 0. 0. 0. 0. 0. 0.]]]	[[[0.]
  [0.]
  [0.]
  [0.]]]	[[1. 1. 0. 0.]]	[[-0.66178656  0.6275037 ]]	[[-0.66178656 -0.70421255]]	1	-1.2062155024936	0.6275037
[[0]]	[[1]]	[[0 0 0 0 0 0 0 0 0 0 0 0]]	[[0 0 0 0 0 0 0 0 0 0 0 0]]	[[0. 0. 0. 0. 0. 0. 0. 0. 0. 0. 0. 0.]]	[[[0. 0. 0. 0. 0. 0. 0. 0. 0. 0. 0. 0.]
  [0. 0. 0. 0. 0. 0. 0. 0. 0. 0. 0. 0.]
  [0. 0. 0. 0. 0. 0. 0. 0. 0. 0. 0. 0.]
  [0. 0. 0. 0. 0. 0. 0. 0. 0. 0. 0. 0.]]]	[[[0.]
  [0.]
  [0.]
  [0.]]]	[[1. 1. 0. 0.]]	[[-0.66178656  0.6275037 ]]	[[-0.66178656 -1.3804969 ]]	1	-1.882499811272018	0.6275037
[[0]]	[[1]]	[[0 0 0 0 0 0 0 0 0 0 0 0]]	[[0 0 0 0 0 0 0 0 0 0 0 0]]	[[0. 0. 0. 0. 0. 0. 0. 0. 0. 0. 0. 0.]]	[[[0. 0. 0. 0. 0. 0. 0. 0. 0. 0. 0. 0.]
  [0. 0. 0. 0. 0. 0. 0. 0. 0. 0. 0. 0.]
  [0. 0. 0. 0. 0. 0. 0. 0. 0. 0. 0. 0.]
  [0. 0. 0. 0. 0. 0. 0. 0. 0. 0. 0. 0.]]]	[[[0.]
  [0.]
  [0.]
  [0.]]]	[[1. 1. 0. 0.]]	[[-0.66178656  0.6275037 ]]	[[-0.66178656 -1.4563304 ]]	1	-1.9583333333333328	0.6275037
[[0]]	[[1]]	[[0 0 0 0 0 0 0 0 0 0 0 0]]	[[0 0 0 0 0 0 0 0 0 0 0 0]]	[[0. 0. 0. 0. 0. 0. 0. 0. 0. 0. 0. 0.]]	[[[0. 0. 0. 0. 0. 0. 0. 0. 0. 0. 0. 0.]
  [0. 0. 0. 0. 0. 0. 0. 0. 0. 0. 0. 0.]
  [0. 0. 0. 0. 0. 0. 0. 0. 0. 0. 0. 0.]
  [0. 0. 0. 0. 0. 0. 0. 0. 0. 0. 0. 0.]]]	[[[0.]
  [0.]
  [0.]
  [0.]]]	[[1. 1. 0. 0.]]	[[-0.66178656  0.6275037 ]]	[[-0.66178656 -0.96716374]]	1	-1.4691666666666663	0.6275037
[[0]]	[[1]]	[[0 0 0 0 0 0 0 0 0 0 0 0]]	[[0 0 0 0 0 0 0 0 0 0 0 0]]	[[0. 0. 0. 0. 0. 0. 0. 0. 0. 0. 0. 0.]]	[[[0. 0. 0. 0. 0. 0. 0. 0. 0. 0. 0. 0.]
  [0. 0. 0. 0. 0. 0. 0. 0. 0. 0. 0. 0.]
  [0. 0. 0. 0. 0. 0. 0. 0. 0. 0. 0. 0.]
  [0. 0. 0. 0. 0. 0. 0. 0. 0. 0. 0. 0.]]]	[[[0.]
  [0.]
  [0.]
  [0.]]]	[[1. 1. 0. 0.]]	[[-0.66178656  0.6275037 ]]	[[-0.66178656 -1.409663  ]]	1	-1.9116659528249142	0.6275037
[[0]]	[[1]]	[[0 0 0 0 0 0 0 0 0 0 0 0]]	[[0 0 0 0 0 0 0 0 0 0 0 0]]	[[0. 0. 0. 0. 0. 0. 0. 0. 0. 0. 0. 0.]]	[[[0. 0. 0. 0. 0. 0. 0. 0. 0. 0. 0. 0.]
  [0. 0. 0. 0. 0. 0. 0. 0. 0. 0. 0. 0.]
  [0. 0. 0. 0. 0. 0. 0. 0. 0. 0. 0. 0.]
  [0. 0. 0. 0. 0. 0. 0. 0. 0. 0. 0. 0.]]]	[[[0.]
  [0.]
  [0.]
  [0.]]]	[[1. 1. 0. 0.]]	[[-0.66178656  0.6275037 ]]	[[-0.66178656 -0.8013483 ]]	1	-1.3033512974133235	0.6275037
[[0]]	[[1]]	[[0 0 0 0 0 0 0 0 0 0 0 0]]	[[0 0 0 0 0 0 0 0 0 0 0 0]]	[[0. 0. 0. 0. 0. 0. 0. 0. 0. 0. 0. 0.]]	[[[0. 0. 0. 0. 0. 0. 0. 0. 0. 0. 0. 0.]
  [0. 0. 0. 0. 0. 0. 0. 0. 0. 0. 0. 0.]
  [0. 0. 0. 0. 0. 0. 0. 0. 0. 0. 0. 0.]
  [0. 0. 0. 0. 0. 0. 0. 0. 0. 0. 0. 0.]]]	[[[0.]
  [0.]
  [0.]
  [0.]]]	[[1. 1. 0. 0.]]	[[-0.66178656  0.6275037 ]]	[[-0.66178656 -1.0991572 ]]	1	-1.601160163871798	0.6275037
[[0]]	[[1]]	[[0 0 0 0 0 0 0 0 0 0 0 0]]	[[0 0 0 0 0 0 0 0 0 0 0 0]]	[[0. 0. 0. 0. 0. 0. 0. 0. 0. 0. 0. 0.]]	[[[0. 0. 0. 0. 0. 0. 0. 0. 0. 0. 0. 0.]
  [0. 0. 0. 0. 0. 0. 0. 0. 0. 0. 0. 0.]
  [0. 0. 0. 0. 0. 0. 0. 0. 0. 0. 0. 0.]
  [0. 0. 0. 0. 0. 0. 0. 0. 0. 0. 0. 0.]]]	[[[0.]
  [0.]
  [0.]
  [0.]]]	[[1. 1. 0. 0.]]	[[-0.66178656  0.6275037 ]]	[[-0.66178656 -1.4463304 ]]	1	-1.948333333333333	0.6275037
[[0]]	[[1]]	[[0 0 0 0 0 0 0 0 0 0 0 0]]	[[0 0 0 0 0 0 0 0 0 0 0 0]]	[[0. 0. 0. 0. 0. 0. 0. 0. 0. 0. 0. 0.]]	[[[0. 0. 0. 0. 0. 0. 0. 0. 0. 0. 0. 0.]
  [0. 0. 0. 0. 0. 0. 0. 0. 0. 0. 0. 0.]
  [0. 0. 0. 0. 0. 0. 0. 0. 0. 0. 0. 0.]
  [0. 0. 0. 0. 0. 0. 0. 0. 0. 0. 0. 0.]]]	[[[0.]
  [0.]
  [0.]
  [0.]]]	[[1. 1. 0. 0.]]	[[-0.66178656  0.6275037 ]]	[[-0.66178656 -1.3242612 ]]	1	-1.8262640938142805	0.6275037
[[0]]	[[1]]	[[0 0 0 0 0 0 0 0 0 0 0 0]]	[[0 0 0 0 0 0 0 0 0 0 0 0]]	[[0. 0. 0. 0. 0. 0. 0. 0. 0. 0. 0. 0.]]	[[[0. 0. 0. 0. 0. 0. 0. 0. 0. 0. 0. 0.]
  [0. 0. 0. 0. 0. 0. 0. 0. 0. 0. 0. 0.]
  [0. 0. 0. 0. 0. 0. 0. 0. 0. 0. 0. 0.]
  [0. 0. 0. 0. 0. 0. 0. 0. 0. 0. 0. 0.]]]	[[[0.]
  [0.]
  [0.]
  [0.]]]	[[1. 1. 0. 0.]]	[[-0.66178656  0.6275037 ]]	[[-0.66178656 -0.9013098 ]]	1	-1.4033127320697856	0.6275037
[[0]]	[[1]]	[[0 0 0 0 0 0 0 0 0 0 0 0]]	[[0 0 0 0 0 0 0 0 0 0 0 0]]	[[0. 0. 0. 0. 0. 0. 0. 0. 0. 0. 0. 0.]]	[[[0. 0. 0. 0. 0. 0. 0. 0. 0. 0. 0. 0.]
  [0. 0. 0. 0. 0. 0. 0. 0. 0. 0. 0. 0.]
  [0. 0. 0. 0. 0. 0. 0. 0. 0. 0. 0. 0.]
  [0. 0. 0. 0. 0. 0. 0. 0. 0. 0. 0. 0.]]]	[[[0.]
  [0.]
  [0.]
  [0.]]]	[[1. 1. 0. 0.]]	[[-0.66178656  0.6275037 ]]	[[-0.66178656 -1.4216162 ]]	1	-1.9236192072842402	0.6275037
[[0]]	[[1]]	[[0 0 0 0 0 0 0 0 0 0 0 0]]	[[0 0 0 0 0 0 0 0 0 0 0 0]]	[[0. 0. 0. 0. 0. 0. 0. 0. 0. 0. 0. 0.]]	[[[0. 0. 0. 0. 0. 0. 0. 0. 0. 0. 0. 0.]
  [0. 0. 0. 0. 0. 0. 0. 0. 0. 0. 0. 0.]
  [0. 0. 0. 0. 0. 0. 0. 0. 0. 0. 0. 0.]
  [0. 0. 0. 0. 0. 0. 0. 0. 0. 0. 0. 0.]]]	[[[0.]
  [0.]
  [0.]
  [0.]]]	[[1. 1. 0. 0.]]	[[-0.66178656  0.6275037 ]]	[[-0.66178656 -1.2553699 ]]	1	-1.757372859488884	0.6275037
[[0]]	[[1]]	[[0 0 0 0 0 0 0 0 0 0 0 0]]	[[0 0 0 0 0 0 0 0 0 0 0 0]]	[[0. 0. 0. 0. 0. 0. 0. 0. 0. 0. 0. 0.]]	[[[0. 0. 0. 0. 0. 0. 0. 0. 0. 0. 0. 0.]
  [0. 0. 0. 0. 0. 0. 0. 0. 0. 0. 0. 0.]
  [0. 0. 0. 0. 0. 0. 0. 0. 0. 0. 0. 0.]
  [0. 0. 0. 0. 0. 0. 0. 0. 0. 0. 0. 0.]]]	[[[0.]
  [0.]
  [0.]
  [0.]]]	[[1. 1. 0. 0.]]	[[-0.66178656  0.6275037 ]]	[[-0.66178656 -0.6990239 ]]	1	-1.2010268406083238	0.6275037
[[0]]	[[1]]	[[0 0 0 0 0 0 0 0 0 0 0 0]]	[[0 0 0 0 0 0 0 0 0 0 0 0]]	[[0. 0. 0. 0. 0. 0. 0. 0. 0. 0. 0. 0.]]	[[[0. 0. 0. 0. 0. 0. 0. 0. 0. 0. 0. 0.]
  [0. 0. 0. 0. 0. 0. 0. 0. 0. 0. 0. 0.]
  [0. 0. 0. 0. 0. 0. 0. 0. 0. 0. 0. 0.]
  [0. 0. 0. 0. 0. 0. 0. 0. 0. 0. 0. 0.]]]	[[[0.]
  [0.]
  [0.]
  [0.]]]	[[1. 1. 0. 0.]]	[[-0.66178656  0.6275037 ]]	[[-0.66178656 -0.8007932 ]]	1	-1.3027961230556044	0.6275037
[[0]]	[[1]]	[[0 0 0 0 0 0 0 0 0 0 0 0]]	[[0 0 0 0 0 0 0 0 0 0 0 0]]	[[0. 0. 0. 0. 0. 0. 0. 0. 0. 0. 0. 0.]]	[[[0. 0. 0. 0. 0. 0. 0. 0. 0. 0. 0. 0.]
  [0. 0. 0. 0. 0. 0. 0. 0. 0. 0. 0. 0.]
  [0. 0. 0. 0. 0. 0. 0. 0. 0. 0. 0. 0.]
  [0. 0. 0. 0. 0. 0. 0. 0. 0. 0. 0. 0.]]]	[[[0.]
  [0.]
  [0.]
  [0.]]]	[[1. 1. 0. 0.]]	[[-0.66178656  0.6275037 ]]	[[-0.66178656 -0.5269455 ]]	1	-1.028948434043752	0.6275037
[[0]]	[[1]]	[[0 0 0 0 0 0 0 0 0 0 0 0]]	[[0 0 0 0 0 0 0 0 0 0 0 0]]	[[0. 0. 0. 0. 0. 0. 0. 0. 0. 0. 0. 0.]]	[[[0. 0. 0. 0. 0. 0. 0. 0. 0. 0. 0. 0.]
  [0. 0. 0. 0. 0. 0. 0. 0. 0. 0. 0. 0.]
  [0. 0. 0. 0. 0. 0. 0. 0. 0. 0. 0. 0.]
  [0. 0. 0. 0. 0. 0. 0. 0. 0. 0. 0. 0.]]]	[[[0.]
  [0.]
  [0.]
  [0.]]]	[[1. 1. 0. 0.]]	[[-0.66178656  0.6275037 ]]	[[-0.66178656 -1.4329965 ]]	1	-1.9349994537114592	0.6275037
[[0]]	[[1]]	[[0 0 0 0 0 0 0 0 0 0 0 0]]	[[0 0 0 0 0 0 0 0 0 0 0 0]]	[[0. 0. 0. 0. 0. 0. 0. 0. 0. 0. 0. 0.]]	[[[0. 0. 0. 0. 0. 0. 0. 0. 0. 0. 0. 0.]
  [0. 0. 0. 0. 0. 0. 0. 0. 0. 0. 0. 0.]
  [0. 0. 0. 0. 0. 0. 0. 0. 0. 0. 0. 0.]
  [0. 0. 0. 0. 0. 0. 0. 0. 0. 0. 0. 0.]]]	[[[0.]
  [0.]
  [0.]
  [0.]]]	[[1. 1. 0. 0.]]	[[-0.66178656  0.6275037 ]]	[[-0.66178656 -0.9325343 ]]	1	-1.4345372302507418	0.6275037
[[0]]	[[1]]	[[0 0 0 0 0 0 0 0 0 0 0 0]]	[[0 0 0 0 0 0 0 0 0 0 0 0]]	[[0. 0. 0. 0. 0. 0. 0. 0. 0. 0. 0. 0.]]	[[[0. 0. 0. 0. 0. 0. 0. 0. 0. 0. 0. 0.]
  [0. 0. 0. 0. 0. 0. 0. 0. 0. 0. 0. 0.]
  [0. 0. 0. 0. 0. 0. 0. 0. 0. 0. 0. 0.]
  [0. 0. 0. 0. 0. 0. 0. 0. 0. 0. 0. 0.]]]	[[[0.]
  [0.]
  [0.]
  [0.]]]	[[1. 1. 0. 0.]]	[[-0.66178656  0.6275037 ]]	[[-0.66178656 -0.80181605]]	1	-1.303818974552527	0.6275037
[[0]]	[[1]]	[[0 0 0 0 0 0 0 0 0 0 0 0]]	[[0 0 0 0 0 0 0 0 0 0 0 0]]	[[0. 0. 0. 0. 0. 0. 0. 0. 0. 0. 0. 0.]]	[[[0. 0. 0. 0. 0. 0. 0. 0. 0. 0. 0. 0.]
  [0. 0. 0. 0. 0. 0. 0. 0. 0. 0. 0. 0.]
  [0. 0. 0. 0. 0. 0. 0. 0. 0. 0. 0. 0.]
  [0. 0. 0. 0. 0. 0. 0. 0. 0. 0. 0. 0.]]]	[[[0.]
  [0.]
  [0.]
  [0.]]]	[[1. 1. 0. 0.]]	[[-0.66178656  0.6275037 ]]	[[-0.66178656 -0.64542025]]	1	-1.147423197027311	0.6275037
[[0]]	[[1]]	[[0 0 0 0 0 0 0 0 0 0 0 0]]	[[0 0 0 0 0 0 0 0 0 0 0 0]]	[[0. 0. 0. 0. 0. 0. 0. 0. 0. 0. 0. 0.]]	[[[0. 0. 0. 0. 0. 0. 0. 0. 0. 0. 0. 0.]
  [0. 0. 0. 0. 0. 0. 0. 0. 0. 0. 0. 0.]
  [0. 0. 0. 0. 0. 0. 0. 0. 0. 0. 0. 0.]
  [0. 0. 0. 0. 0. 0. 0. 0. 0. 0. 0. 0.]]]	[[[0.]
  [0.]
  [0.]
  [0.]]]	[[1. 1. 0. 0.]]	[[-0.66178656  0.6275037 ]]	[[-0.66178656 -1.2358003 ]]	1	-1.7378031859177414	0.6275037
[[0]]	[[1]]	[[0 0 0 0 0 0 0 0 0 0 0 0]]	[[0 0 0 0 0 0 0 0 0 0 0 0]]	[[0. 0. 0. 0. 0. 0. 0. 0. 0. 0. 0. 0.]]	[[[0. 0. 0. 0. 0. 0. 0. 0. 0. 0. 0. 0.]
  [0. 0. 0. 0. 0. 0. 0. 0. 0. 0. 0. 0.]
  [0. 0. 0. 0. 0. 0. 0. 0. 0. 0. 0. 0.]
  [0. 0. 0. 0. 0. 0. 0. 0. 0. 0. 0. 0.]]]	[[[0.]
  [0.]
  [0.]
  [0.]]]	[[1. 1. 0. 0.]]	[[-0.66178656  0.6275037 ]]	[[-0.66178656 -1.5321637 ]]	1	-2.0341666666666662	0.6275037
[[0]]	[[1]]	[[0 0 0 0 0 0 0 0 0 0 0 0]]	[[0 0 0 0 0 0 0 0 0 0 0 0]]	[[0. 0. 0. 0. 0. 0. 0. 0. 0. 0. 0. 0.]]	[[[0. 0. 0. 0. 0. 0. 0. 0. 0. 0. 0. 0.]
  [0. 0. 0. 0. 0. 0. 0. 0. 0. 0. 0. 0.]
  [0. 0. 0. 0. 0. 0. 0. 0. 0. 0. 0. 0.]
  [0. 0. 0. 0. 0. 0. 0. 0. 0. 0. 0. 0.]]]	[[[0.]
  [0.]
  [0.]
  [0.]]]	[[1. 1. 0. 0.]]	[[-0.66178656  0.6275037 ]]	[[-0.66178656 -1.4442636 ]]	1	-1.9462665226956393	0.6275037
[[0]]	[[1]]	[[0 0 0 0 0 0 0 0 0 0 0 0]]	[[0 0 0 0 0 0 0 0 0 0 0 0]]	[[0. 0. 0. 0. 0. 0. 0. 0. 0. 0. 0. 0.]]	[[[0. 0. 0. 0. 0. 0. 0. 0. 0. 0. 0. 0.]
  [0. 0. 0. 0. 0. 0. 0. 0. 0. 0. 0. 0.]
  [0. 0. 0. 0. 0. 0. 0. 0. 0. 0. 0. 0.]
  [0. 0. 0. 0. 0. 0. 0. 0. 0. 0. 0. 0.]]]	[[[0.]
  [0.]
  [0.]
  [0.]]]	[[1. 1. 0. 0.]]	[[-0.66178656  0.6275037 ]]	[[-0.66178656 -0.64522004]]	1	-1.1472229908912244	0.6275037
[[0]]	[[1]]	[[0 0 0 0 0 0 0 0 0 0 0 0]]	[[0 0 0 0 0 0 0 0 0 0 0 0]]	[[0. 0. 0. 0. 0. 0. 0. 0. 0. 0. 0. 0.]]	[[[0. 0. 0. 0. 0. 0. 0. 0. 0. 0. 0. 0.]
  [0. 0. 0. 0. 0. 0. 0. 0. 0. 0. 0. 0.]
  [0. 0. 0. 0. 0. 0. 0. 0. 0. 0. 0. 0.]
  [0. 0. 0. 0. 0. 0. 0. 0. 0. 0. 0. 0.]]]	[[[0.]
  [0.]
  [0.]
  [0.]]]	[[1. 1. 0. 0.]]	[[-0.66178656  0.6275037 ]]	[[-0.66178656 -0.547536  ]]	1	-1.0495389770504748	0.6275037
[[0]]	[[1]]	[[0 0 0 0 0 0 0 0 0 0 0 0]]	[[0 0 0 0 0 0 0 0 0 0 0 0]]	[[0. 0. 0. 0. 0. 0. 0. 0. 0. 0. 0. 0.]]	[[[0. 0. 0. 0. 0. 0. 0. 0. 0. 0. 0. 0.]
  [0. 0. 0. 0. 0. 0. 0. 0. 0. 0. 0. 0.]
  [0. 0. 0. 0. 0. 0. 0. 0. 0. 0. 0. 0.]
  [0. 0. 0. 0. 0. 0. 0. 0. 0. 0. 0. 0.]]]	[[[0.]
  [0.]
  [0.]
  [0.]]]	[[1. 1. 0. 0.]]	[[-0.66178656  0.6275037 ]]	[[-0.66178656 -0.7003162 ]]	1	-1.2023191281827346	0.6275037
[[0]]	[[1]]	[[0 0 0 0 0 0 0 0 0 0 0 0]]	[[0 0 0 0 0 0 0 0 0 0 0 0]]	[[0. 0. 0. 0. 0. 0. 0. 0. 0. 0. 0. 0.]]	[[[0. 0. 0. 0. 0. 0. 0. 0. 0. 0. 0. 0.]
  [0. 0. 0. 0. 0. 0. 0. 0. 0. 0. 0. 0.]
  [0. 0. 0. 0. 0. 0. 0. 0. 0. 0. 0. 0.]
  [0. 0. 0. 0. 0. 0. 0. 0. 0. 0. 0. 0.]]]	[[[0.]
  [0.]
  [0.]
  [0.]]]	[[1. 1. 0. 0.]]	[[-0.66178656  0.6275037 ]]	[[-0.66178656 -0.49799705]]	1	-0.9999999999999998	0.6275037
[[0]]	[[1]]	[[0 0 0 0 0 0 0 0 0 0 0 0]]	[[0 0 0 0 0 0 0 0 0 0 0 0]]	[[0. 0. 0. 0. 0. 0. 0. 0. 0. 0. 0. 0.]]	[[[0. 0. 0. 0. 0. 0. 0. 0. 0. 0. 0. 0.]
  [0. 0. 0. 0. 0. 0. 0. 0. 0. 0. 0. 0.]
  [0. 0. 0. 0. 0. 0. 0. 0. 0. 0. 0. 0.]
  [0. 0. 0. 0. 0. 0. 0. 0. 0. 0. 0. 0.]]]	[[[0.]
  [0.]
  [0.]
  [0.]]]	[[1. 1. 0. 0.]]	[[-0.66178656  0.6275037 ]]	[[-0.66178656 -0.8785392 ]]	1	-1.380542175848505	0.6275037
[[0]]	[[1]]	[[0 0 0 0 0 0 0 0 0 0 0 0]]	[[0 0 0 0 0 0 0 0 0 0 0 0]]	[[0. 0. 0. 0. 0. 0. 0. 0. 0. 0. 0. 0.]]	[[[0. 0. 0. 0. 0. 0. 0. 0. 0. 0. 0. 0.]
  [0. 0. 0. 0. 0. 0. 0. 0. 0. 0. 0. 0.]
  [0. 0. 0. 0. 0. 0. 0. 0. 0. 0. 0. 0.]
  [0. 0. 0. 0. 0. 0. 0. 0. 0. 0. 0. 0.]]]	[[[0.]
  [0.]
  [0.]
  [0.]]]	[[1. 1. 0. 0.]]	[[-0.66178656  0.6275037 ]]	[[-0.66178656 -0.7479724 ]]	1	-1.2499753666247304	0.6275037
[[0]]	[[1]]	[[0 0 0 0 0 0 0 0 0 0 0 0]]	[[0 0 0 0 0 0 0 0 0 0 0 0]]	[[0. 0. 0. 0. 0. 0. 0. 0. 0. 0. 0. 0.]]	[[[0. 0. 0. 0. 0. 0. 0. 0. 0. 0. 0. 0.]
  [0. 0. 0. 0. 0. 0. 0. 0. 0. 0. 0. 0.]
  [0. 0. 0. 0. 0. 0. 0. 0. 0. 0. 0. 0.]
  [0. 0. 0. 0. 0. 0. 0. 0. 0. 0. 0. 0.]]]	[[[0.]
  [0.]
  [0.]
  [0.]]]	[[1. 1. 0. 0.]]	[[-0.66178656  0.6275037 ]]	[[-0.66178656 -0.650583  ]]	1	-1.1525860046759597	0.6275037
[[0]]	[[1]]	[[0 0 0 0 0 0 0 0 0 0 0 0]]	[[0 0 0 0 0 0 0 0 0 0 0 0]]	[[0. 0. 0. 0. 0. 0. 0. 0. 0. 0. 0. 0.]]	[[[0. 0. 0. 0. 0. 0. 0. 0. 0. 0. 0. 0.]
  [0. 0. 0. 0. 0. 0. 0. 0. 0. 0. 0. 0.]
  [0. 0. 0. 0. 0. 0. 0. 0. 0. 0. 0. 0.]
  [0. 0. 0. 0. 0. 0. 0. 0. 0. 0. 0. 0.]]]	[[[0.]
  [0.]
  [0.]
  [0.]]]	[[1. 1. 0. 0.]]	[[-0.66178656  0.6275037 ]]	[[-0.66178656 -1.1994027 ]]	1	-1.7014056606482522	0.6275037
[[0]]	[[1]]	[[0 0 0 0 0 0 0 0 0 0 0 0]]	[[0 0 0 0 0 0 0 0 0 0 0 0]]	[[0. 0. 0. 0. 0. 0. 0. 0. 0. 0. 0. 0.]]	[[[0. 0. 0. 0. 0. 0. 0. 0. 0. 0. 0. 0.]
  [0. 0. 0. 0. 0. 0. 0. 0. 0. 0. 0. 0.]
  [0. 0. 0. 0. 0. 0. 0. 0. 0. 0. 0. 0.]
  [0. 0. 0. 0. 0. 0. 0. 0. 0. 0. 0. 0.]]]	[[[0.]
  [0.]
  [0.]
  [0.]]]	[[1. 1. 0. 0.]]	[[-0.66178656  0.6275037 ]]	[[-0.66178656 -1.5088304 ]]	1	-2.010833333333333	0.6275037
[[0]]	[[1]]	[[0 0 0 0 0 0 0 0 0 0 0 0]]	[[0 0 0 0 0 0 0 0 0 0 0 0]]	[[0. 0. 0. 0. 0. 0. 0. 0. 0. 0. 0. 0.]]	[[[0. 0. 0. 0. 0. 0. 0. 0. 0. 0. 0. 0.]
  [0. 0. 0. 0. 0. 0. 0. 0. 0. 0. 0. 0.]
  [0. 0. 0. 0. 0. 0. 0. 0. 0. 0. 0. 0.]
  [0. 0. 0. 0. 0. 0. 0. 0. 0. 0. 0. 0.]]]	[[[0.]
  [0.]
  [0.]
  [0.]]]	[[1. 1. 0. 0.]]	[[-0.66178656  0.6275037 ]]	[[-0.66178656 -1.5221637 ]]	1	-2.0241666666666664	0.6275037
[[0]]	[[1]]	[[0 0 0 0 0 0 0 0 0 0 0 0]]	[[0 0 0 0 0 0 0 0 0 0 0 0]]	[[0. 0. 0. 0. 0. 0. 0. 0. 0. 0. 0. 0.]]	[[[0. 0. 0. 0. 0. 0. 0. 0. 0. 0. 0. 0.]
  [0. 0. 0. 0. 0. 0. 0. 0. 0. 0. 0. 0.]
  [0. 0. 0. 0. 0. 0. 0. 0. 0. 0. 0. 0.]
  [0. 0. 0. 0. 0. 0. 0. 0. 0. 0. 0. 0.]]]	[[[0.]
  [0.]
  [0.]
  [0.]]]	[[1. 1. 0. 0.]]	[[-0.66178656  0.6275037 ]]	[[-0.66178656 -1.4357998 ]]	1	-1.9378028385031676	0.6275037
[[0]]	[[1]]	[[0 0 0 0 0 0 0 0 0 0 0 0]]	[[0 0 0 0 0 0 0 0 0 0 0 0]]	[[0. 0. 0. 0. 0. 0. 0. 0. 0. 0. 0. 0.]]	[[[0. 0. 0. 0. 0. 0. 0. 0. 0. 0. 0. 0.]
  [0. 0. 0. 0. 0. 0. 0. 0. 0. 0. 0. 0.]
  [0. 0. 0. 0. 0. 0. 0. 0. 0. 0. 0. 0.]
  [0. 0. 0. 0. 0. 0. 0. 0. 0. 0. 0. 0.]]]	[[[0.]
  [0.]
  [0.]
  [0.]]]	[[1. 1. 0. 0.]]	[[-0.66178656  0.6275037 ]]	[[-0.66178656 -0.6965724 ]]	1	-1.198575398041358	0.6275037
[[0]]	[[1]]	[[0 0 0 0 0 0 0 0 0 0 0 0]]	[[0 0 0 0 0 0 0 0 0 0 0 0]]	[[0. 0. 0. 0. 0. 0. 0. 0. 0. 0. 0. 0.]]	[[[0. 0. 0. 0. 0. 0. 0. 0. 0. 0. 0. 0.]
  [0. 0. 0. 0. 0. 0. 0. 0. 0. 0. 0. 0.]
  [0. 0. 0. 0. 0. 0. 0. 0. 0. 0. 0. 0.]
  [0. 0. 0. 0. 0. 0. 0. 0. 0. 0. 0. 0.]]]	[[[0.]
  [0.]
  [0.]
  [0.]]]	[[1. 1. 0. 0.]]	[[-0.66178656  0.6275037 ]]	[[-0.66178656 -0.69794834]]	1	-1.1999512724056407	0.6275037
[[0]]	[[1]]	[[0 0 0 0 0 0 0 0 0 0 0 0]]	[[0 0 0 0 0 0 0 0 0 0 0 0]]	[[0. 0. 0. 0. 0. 0. 0. 0. 0. 0. 0. 0.]]	[[[0. 0. 0. 0. 0. 0. 0. 0. 0. 0. 0. 0.]
  [0. 0. 0. 0. 0. 0. 0. 0. 0. 0. 0. 0.]
  [0. 0. 0. 0. 0. 0. 0. 0. 0. 0. 0. 0.]
  [0. 0. 0. 0. 0. 0. 0. 0. 0. 0. 0. 0.]]]	[[[0.]
  [0.]
  [0.]
  [0.]]]	[[1. 1. 0. 0.]]	[[-0.66178656  0.6275037 ]]	[[-0.66178656 -0.6429976 ]]	1	-1.1450005659633125	0.6275037
[[0]]	[[1]]	[[0 0 0 0 0 0 0 0 0 0 0 0]]	[[0 0 0 0 0 0 0 0 0 0 0 0]]	[[0. 0. 0. 0. 0. 0. 0. 0. 0. 0. 0. 0.]]	[[[0. 0. 0. 0. 0. 0. 0. 0. 0. 0. 0. 0.]
  [0. 0. 0. 0. 0. 0. 0. 0. 0. 0. 0. 0.]
  [0. 0. 0. 0. 0. 0. 0. 0. 0. 0. 0. 0.]
  [0. 0. 0. 0. 0. 0. 0. 0. 0. 0. 0. 0.]]]	[[[0.]
  [0.]
  [0.]
  [0.]]]	[[1. 1. 0. 0.]]	[[ 0.4997531 -0.7512686]]	[[ 0.39980248 -0.7512686 ]]	0	0.0	0.4997531
[[0]]	[[1]]	[[0 0 0 0 0 0 0 0 0 0 0 0]]	[[0 0 0 0 0 0 0 0 0 0 0 0]]	[[0. 0. 0. 0. 0. 0. 0. 0. 0. 0. 0. 0.]]	[[[0. 0. 0. 0. 0. 0. 0. 0. 0. 0. 0. 0.]
  [0. 0. 0. 0. 0. 0. 0. 0. 0. 0. 0. 0.]
  [0. 0. 0. 0. 0. 0. 0. 0. 0. 0. 0. 0.]
  [0. 0. 0. 0. 0. 0. 0. 0. 0. 0. 0. 0.]]]	[[[0.]
  [0.]
  [0.]
  [0.]]]	[[1. 1. 0. 0.]]	[[ 0.4997531 -0.7512686]]	[[ 0.39980248 -0.7512686 ]]	0	0.0	0.4997531
[[0]]	[[1]]	[[0 0 0 0 0 0 0 0 0 0 0 0]]	[[0 0 0 0 0 0 0 0 0 0 0 0]]	[[0. 0. 0. 0. 0. 0. 0. 0. 0. 0. 0. 0.]]	[[[0. 0. 0. 0. 0. 0. 0. 0. 0. 0. 0. 0.]
  [0. 0. 0. 0. 0. 0. 0. 0. 0. 0. 0. 0.]
  [0. 0. 0. 0. 0. 0. 0. 0. 0. 0. 0. 0.]
  [0. 0. 0. 0. 0. 0. 0. 0. 0. 0. 0. 0.]]]	[[[0.]
  [0.]
  [0.]
  [0.]]]	[[1. 1. 0. 0.]]	[[ 0.4997531 -0.7512686]]	[[ 0.3642955 -0.7512686]]	0	-0.03550696283871856	0.4997531
[[0]]	[[1]]	[[0 0 0 0 0 0 0 0 0 0 0 0]]	[[0 0 0 0 0 0 0 0 0 0 0 0]]	[[0. 0. 0. 0. 0. 0. 0. 0. 0. 0. 0. 0.]]	[[[0. 0. 0. 0. 0. 0. 0. 0. 0. 0. 0. 0.]
  [0. 0. 0. 0. 0. 0. 0. 0. 0. 0. 0. 0.]
  [0. 0. 0. 0. 0. 0. 0. 0. 0. 0. 0. 0.]
  [0. 0. 0. 0. 0. 0. 0. 0. 0. 0. 0. 0.]]]	[[[0.]
  [0.]
  [0.]
  [0.]]]	[[1. 1. 0. 0.]]	[[ 0.4997531 -0.7512686]]	[[ 0.39980248 -0.7512686 ]]	0	0.0	0.4997531
[[0]]	[[1]]	[[0 0 0 0 0 0 0 0 0 0 0 0]]	[[0 0 0 0 0 0 0 0 0 0 0 0]]	[[0. 0. 0. 0. 0. 0. 0. 0. 0. 0. 0. 0.]]	[[[0. 0. 0. 0. 0. 0. 0. 0. 0. 0. 0. 0.]
  [0. 0. 0. 0. 0. 0. 0. 0. 0. 0. 0. 0.]
  [0. 0. 0. 0. 0. 0. 0. 0. 0. 0. 0. 0.]
  [0. 0. 0. 0. 0. 0. 0. 0. 0. 0. 0. 0.]]]	[[[0.]
  [0.]
  [0.]
  [0.]]]	[[1. 1. 0. 0.]]	[[ 0.4997531 -0.7512686]]	[[ 0.25896913 -0.7512686 ]]	0	-0.14083333333333328	0.4997531
[[0]]	[[1]]	[[0 0 0 0 0 0 0 0 0 0 0 0]]	[[0 0 0 0 0 0 0 0 0 0 0 0]]	[[0. 0. 0. 0. 0. 0. 0. 0. 0. 0. 0. 0.]]	[[[0. 0. 0. 0. 0. 0. 0. 0. 0. 0. 0. 0.]
  [0. 0. 0. 0. 0. 0. 0. 0. 0. 0. 0. 0.]
  [0. 0. 0. 0. 0. 0. 0. 0. 0. 0. 0. 0.]
  [0. 0. 0. 0. 0. 0. 0. 0. 0. 0. 0. 0.]]]	[[[0.]
  [0.]
  [0.]
  [0.]]]	[[1. 1. 0. 0.]]	[[ 0.4997531 -0.7512686]]	[[ 0.39980248 -0.7512686 ]]	0	0.0	0.4997531
[[0]]	[[1]]	[[0 0 0 0 0 0 0 0 0 0 0 0]]	[[0 0 0 0 0 0 0 0 0 0 0 0]]	[[0. 0. 0. 0. 0. 0. 0. 0. 0. 0. 0. 0.]]	[[[0. 0. 0. 0. 0. 0. 0. 0. 0. 0. 0. 0.]
  [0. 0. 0. 0. 0. 0. 0. 0. 0. 0. 0. 0.]
  [0. 0. 0. 0. 0. 0. 0. 0. 0. 0. 0. 0.]
  [0. 0. 0. 0. 0. 0. 0. 0. 0. 0. 0. 0.]]]	[[[0.]
  [0.]
  [0.]
  [0.]]]	[[1. 1. 0. 0.]]	[[ 0.4997531 -0.7512686]]	[[ 0.39980248 -0.7512686 ]]	0	0.0	0.4997531
[[0]]	[[1]]	[[0 0 0 0 0 0 0 0 0 0 0 0]]	[[0 0 0 0 0 0 0 0 0 0 0 0]]	[[0. 0. 0. 0. 0. 0. 0. 0. 0. 0. 0. 0.]]	[[[0. 0. 0. 0. 0. 0. 0. 0. 0. 0. 0. 0.]
  [0. 0. 0. 0. 0. 0. 0. 0. 0. 0. 0. 0.]
  [0. 0. 0. 0. 0. 0. 0. 0. 0. 0. 0. 0.]
  [0. 0. 0. 0. 0. 0. 0. 0. 0. 0. 0. 0.]]]	[[[0.]
  [0.]
  [0.]
  [0.]]]	[[1. 1. 0. 0.]]	[[ 0.4997531 -0.7512686]]	[[ 0.21646914 -0.7512686 ]]	0	-0.1833333333333333	0.4997531
[[0]]	[[1]]	[[0 0 0 0 0 0 0 0 0 0 0 0]]	[[0 0 0 0 0 0 0 0 0 0 0 0]]	[[0. 0. 0. 0. 0. 0. 0. 0. 0. 0. 0. 0.]]	[[[0. 0. 0. 0. 0. 0. 0. 0. 0. 0. 0. 0.]
  [0. 0. 0. 0. 0. 0. 0. 0. 0. 0. 0. 0.]
  [0. 0. 0. 0. 0. 0. 0. 0. 0. 0. 0. 0.]
  [0. 0. 0. 0. 0. 0. 0. 0. 0. 0. 0. 0.]]]	[[[0.]
  [0.]
  [0.]
  [0.]]]	[[1. 1. 0. 0.]]	[[ 0.4997531 -0.7512686]]	[[ 0.39980248 -0.7512686 ]]	0	0.0	0.4997531
[[0]]	[[1]]	[[0 0 0 0 0 0 0 0 0 0 0 0]]	[[0 0 0 0 0 0 0 0 0 0 0 0]]	[[0. 0. 0. 0. 0. 0. 0. 0. 0. 0. 0. 0.]]	[[[0. 0. 0. 0. 0. 0. 0. 0. 0. 0. 0. 0.]
  [0. 0. 0. 0. 0. 0. 0. 0. 0. 0. 0. 0.]
  [0. 0. 0. 0. 0. 0. 0. 0. 0. 0. 0. 0.]
  [0. 0. 0. 0. 0. 0. 0. 0. 0. 0. 0. 0.]]]	[[[0.]
  [0.]
  [0.]
  [0.]]]	[[1. 1. 0. 0.]]	[[ 0.4997531 -0.7512686]]	[[ 0.36241174 -0.7512686 ]]	0	-0.03739072734388129	0.4997531
[[0]]	[[1]]	[[0 0 0 0 0 0 0 0 0 0 0 0]]	[[0 0 0 0 0 0 0 0 0 0 0 0]]	[[0. 0. 0. 0. 0. 0. 0. 0. 0. 0. 0. 0.]]	[[[0. 0. 0. 0. 0. 0. 0. 0. 0. 0. 0. 0.]
  [0. 0. 0. 0. 0. 0. 0. 0. 0. 0. 0. 0.]
  [0. 0. 0. 0. 0. 0. 0. 0. 0. 0. 0. 0.]
  [0. 0. 0. 0. 0. 0. 0. 0. 0. 0. 0. 0.]]]	[[[0.]
  [0.]
  [0.]
  [0.]]]	[[1. 1. 0. 0.]]	[[ 0.4997531 -0.7512686]]	[[ 0.36345005 -0.7512686 ]]	0	-0.03635243197377012	0.4997531
[[0]]	[[1]]	[[0 0 0 0 0 0 0 0 0 0 0 0]]	[[0 0 0 0 0 0 0 0 0 0 0 0]]	[[0. 0. 0. 0. 0. 0. 0. 0. 0. 0. 0. 0.]]	[[[0. 0. 0. 0. 0. 0. 0. 0. 0. 0. 0. 0.]
  [0. 0. 0. 0. 0. 0. 0. 0. 0. 0. 0. 0.]
  [0. 0. 0. 0. 0. 0. 0. 0. 0. 0. 0. 0.]
  [0. 0. 0. 0. 0. 0. 0. 0. 0. 0. 0. 0.]]]	[[[0.]
  [0.]
  [0.]
  [0.]]]	[[1. 1. 0. 0.]]	[[ 0.4997531 -0.7512686]]	[[ 0.39980248 -0.7512686 ]]	0	0.0	0.4997531
[[0]]	[[1]]	[[0 0 0 0 0 0 0 0 0 0 0 0]]	[[0 0 0 0 0 0 0 0 0 0 0 0]]	[[0. 0. 0. 0. 0. 0. 0. 0. 0. 0. 0. 0.]]	[[[0. 0. 0. 0. 0. 0. 0. 0. 0. 0. 0. 0.]
  [0. 0. 0. 0. 0. 0. 0. 0. 0. 0. 0. 0.]
  [0. 0. 0. 0. 0. 0. 0. 0. 0. 0. 0. 0.]
  [0. 0. 0. 0. 0. 0. 0. 0. 0. 0. 0. 0.]]]	[[[0.]
  [0.]
  [0.]
  [0.]]]	[[1. 1. 0. 0.]]	[[ 0.4997531 -0.7512686]]	[[ 0.3534674 -0.7512686]]	0	-0.04633507201345855	0.4997531
[[0]]	[[1]]	[[0 0 0 0 0 0 0 0 0 0 0 0]]	[[0 0 0 0 0 0 0 0 0 0 0 0]]	[[0. 0. 0. 0. 0. 0. 0. 0. 0. 0. 0. 0.]]	[[[0. 0. 0. 0. 0. 0. 0. 0. 0. 0. 0. 0.]
  [0. 0. 0. 0. 0. 0. 0. 0. 0. 0. 0. 0.]
  [0. 0. 0. 0. 0. 0. 0. 0. 0. 0. 0. 0.]
  [0. 0. 0. 0. 0. 0. 0. 0. 0. 0. 0. 0.]]]	[[[0.]
  [0.]
  [0.]
  [0.]]]	[[1. 1. 0. 0.]]	[[ 0.4997531 -0.7512686]]	[[ 0.22813581 -0.7512686 ]]	0	-0.17166666666666663	0.4997531
[[0]]	[[1]]	[[0 0 0 0 0 0 0 0 0 0 0 0]]	[[0 0 0 0 0 0 0 0 0 0 0 0]]	[[0. 0. 0. 0. 0. 0. 0. 0. 0. 0. 0. 0.]]	[[[0. 0. 0. 0. 0. 0. 0. 0. 0. 0. 0. 0.]
  [0. 0. 0. 0. 0. 0. 0. 0. 0. 0. 0. 0.]
  [0. 0. 0. 0. 0. 0. 0. 0. 0. 0. 0. 0.]
  [0. 0. 0. 0. 0. 0. 0. 0. 0. 0. 0. 0.]]]	[[[0.]
  [0.]
  [0.]
  [0.]]]	[[1. 1. 0. 0.]]	[[ 0.4997531 -0.7512686]]	[[ 0.39980248 -0.7512686 ]]	0	0.0	0.4997531
[[0]]	[[1]]	[[0 0 0 0 0 0 0 0 0 0 0 0]]	[[0 0 0 0 0 0 0 0 0 0 0 0]]	[[0. 0. 0. 0. 0. 0. 0. 0. 0. 0. 0. 0.]]	[[[0. 0. 0. 0. 0. 0. 0. 0. 0. 0. 0. 0.]
  [0. 0. 0. 0. 0. 0. 0. 0. 0. 0. 0. 0.]
  [0. 0. 0. 0. 0. 0. 0. 0. 0. 0. 0. 0.]
  [0. 0. 0. 0. 0. 0. 0. 0. 0. 0. 0. 0.]]]	[[[0.]
  [0.]
  [0.]
  [0.]]]	[[1. 1. 0. 0.]]	[[ 0.4997531 -0.7512686]]	[[ 0.2648025 -0.7512686]]	0	-0.13499999999999998	0.4997531
[[0]]	[[1]]	[[0 0 0 0 0 0 0 0 0 0 0 0]]	[[0 0 0 0 0 0 0 0 0 0 0 0]]	[[0. 0. 0. 0. 0. 0. 0. 0. 0. 0. 0. 0.]]	[[[0. 0. 0. 0. 0. 0. 0. 0. 0. 0. 0. 0.]
  [0. 0. 0. 0. 0. 0. 0. 0. 0. 0. 0. 0.]
  [0. 0. 0. 0. 0. 0. 0. 0. 0. 0. 0. 0.]
  [0. 0. 0. 0. 0. 0. 0. 0. 0. 0. 0. 0.]]]	[[[0.]
  [0.]
  [0.]
  [0.]]]	[[1. 1. 0. 0.]]	[[ 0.4997531 -0.7512686]]	[[ 0.39980248 -0.7512686 ]]	0	0.0	0.4997531
[[0]]	[[1]]	[[0 0 0 0 0 0 0 0 0 0 0 0]]	[[0 0 0 0 0 0 0 0 0 0 0 0]]	[[0. 0. 0. 0. 0. 0. 0. 0. 0. 0. 0. 0.]]	[[[0. 0. 0. 0. 0. 0. 0. 0. 0. 0. 0. 0.]
  [0. 0. 0. 0. 0. 0. 0. 0. 0. 0. 0. 0.]
  [0. 0. 0. 0. 0. 0. 0. 0. 0. 0. 0. 0.]
  [0. 0. 0. 0. 0. 0. 0. 0. 0. 0. 0. 0.]]]	[[[0.]
  [0.]
  [0.]
  [0.]]]	[[1. 1. 0. 0.]]	[[ 0.4997531 -0.7512686]]	[[ 0.39980248 -0.7512686 ]]	0	0.0	0.4997531
[[0]]	[[1]]	[[0 0 0 0 0 0 0 0 0 0 0 0]]	[[0 0 0 0 0 0 0 0 0 0 0 0]]	[[0. 0. 0. 0. 0. 0. 0. 0. 0. 0. 0. 0.]]	[[[0. 0. 0. 0. 0. 0. 0. 0. 0. 0. 0. 0.]
  [0. 0. 0. 0. 0. 0. 0. 0. 0. 0. 0. 0.]
  [0. 0. 0. 0. 0. 0. 0. 0. 0. 0. 0. 0.]
  [0. 0. 0. 0. 0. 0. 0. 0. 0. 0. 0. 0.]]]	[[[0.]
  [0.]
  [0.]
  [0.]]]	[[1. 1. 0. 0.]]	[[ 0.4997531 -0.7512686]]	[[ 0.39980248 -0.7512686 ]]	0	0.0	0.4997531
[[0]]	[[1]]	[[0 0 0 0 0 0 0 0 0 0 0 0]]	[[0 0 0 0 0 0 0 0 0 0 0 0]]	[[0. 0. 0. 0. 0. 0. 0. 0. 0. 0. 0. 0.]]	[[[0. 0. 0. 0. 0. 0. 0. 0. 0. 0. 0. 0.]
  [0. 0. 0. 0. 0. 0. 0. 0. 0. 0. 0. 0.]
  [0. 0. 0. 0. 0. 0. 0. 0. 0. 0. 0. 0.]
  [0. 0. 0. 0. 0. 0. 0. 0. 0. 0. 0. 0.]]]	[[[0.]
  [0.]
  [0.]
  [0.]]]	[[1. 1. 0. 0.]]	[[ 0.4997531 -0.7512686]]	[[ 0.39980248 -0.7512686 ]]	0	0.0	0.4997531
[[0]]	[[1]]	[[0 0 0 0 0 0 0 0 0 0 0 0]]	[[0 0 0 0 0 0 0 0 0 0 0 0]]	[[0. 0. 0. 0. 0. 0. 0. 0. 0. 0. 0. 0.]]	[[[0. 0. 0. 0. 0. 0. 0. 0. 0. 0. 0. 0.]
  [0. 0. 0. 0. 0. 0. 0. 0. 0. 0. 0. 0.]
  [0. 0. 0. 0. 0. 0. 0. 0. 0. 0. 0. 0.]
  [0. 0. 0. 0. 0. 0. 0. 0. 0. 0. 0. 0.]]]	[[[0.]
  [0.]
  [0.]
  [0.]]]	[[1. 1. 0. 0.]]	[[ 0.4997531 -0.7512686]]	[[ 0.39980248 -0.7512686 ]]	0	0.0	0.4997531
[[0]]	[[1]]	[[0 0 0 0 0 0 0 0 0 0 0 0]]	[[0 0 0 0 0 0 0 0 0 0 0 0]]	[[0. 0. 0. 0. 0. 0. 0. 0. 0. 0. 0. 0.]]	[[[0. 0. 0. 0. 0. 0. 0. 0. 0. 0. 0. 0.]
  [0. 0. 0. 0. 0. 0. 0. 0. 0. 0. 0. 0.]
  [0. 0. 0. 0. 0. 0. 0. 0. 0. 0. 0. 0.]
  [0. 0. 0. 0. 0. 0. 0. 0. 0. 0. 0. 0.]]]	[[[0.]
  [0.]
  [0.]
  [0.]]]	[[1. 1. 0. 0.]]	[[ 0.4997531 -0.7512686]]	[[ 0.39980248 -0.7512686 ]]	0	0.0	0.4997531
[[0]]	[[1]]	[[0 0 0 0 0 0 0 0 0 0 0 0]]	[[0 0 0 0 0 0 0 0 0 0 0 0]]	[[0. 0. 0. 0. 0. 0. 0. 0. 0. 0. 0. 0.]]	[[[0. 0. 0. 0. 0. 0. 0. 0. 0. 0. 0. 0.]
  [0. 0. 0. 0. 0. 0. 0. 0. 0. 0. 0. 0.]
  [0. 0. 0. 0. 0. 0. 0. 0. 0. 0. 0. 0.]
  [0. 0. 0. 0. 0. 0. 0. 0. 0. 0. 0. 0.]]]	[[[0.]
  [0.]
  [0.]
  [0.]]]	[[1. 1. 0. 0.]]	[[ 0.4997531 -0.7512686]]	[[ 0.30498528 -0.7512686 ]]	0	-0.09481719211472091	0.4997531
[[0]]	[[1]]	[[0 0 0 0 0 0 0 0 0 0 0 0]]	[[0 0 0 0 0 0 0 0 0 0 0 0]]	[[0. 0. 0. 0. 0. 0. 0. 0. 0. 0. 0. 0.]]	[[[0. 0. 0. 0. 0. 0. 0. 0. 0. 0. 0. 0.]
  [0. 0. 0. 0. 0. 0. 0. 0. 0. 0. 0. 0.]
  [0. 0. 0. 0. 0. 0. 0. 0. 0. 0. 0. 0.]
  [0. 0. 0. 0. 0. 0. 0. 0. 0. 0. 0. 0.]]]	[[[0.]
  [0.]
  [0.]
  [0.]]]	[[1. 1. 0. 0.]]	[[ 0.4997531 -0.7512686]]	[[ 0.39980248 -0.7512686 ]]	0	0.0	0.4997531
[[0]]	[[1]]	[[0 0 0 0 0 0 0 0 0 0 0 0]]	[[0 0 0 0 0 0 0 0 0 0 0 0]]	[[0. 0. 0. 0. 0. 0. 0. 0. 0. 0. 0. 0.]]	[[[0. 0. 0. 0. 0. 0. 0. 0. 0. 0. 0. 0.]
  [0. 0. 0. 0. 0. 0. 0. 0. 0. 0. 0. 0.]
  [0. 0. 0. 0. 0. 0. 0. 0. 0. 0. 0. 0.]
  [0. 0. 0. 0. 0. 0. 0. 0. 0. 0. 0. 0.]]]	[[[0.]
  [0.]
  [0.]
  [0.]]]	[[1. 1. 0. 0.]]	[[ 0.4997531 -0.7512686]]	[[ 0.39980248 -0.7512686 ]]	0	0.0	0.4997531
[[0]]	[[1]]	[[0 0 0 0 0 0 0 0 0 0 0 0]]	[[0 0 0 0 0 0 0 0 0 0 0 0]]	[[0. 0. 0. 0. 0. 0. 0. 0. 0. 0. 0. 0.]]	[[[0. 0. 0. 0. 0. 0. 0. 0. 0. 0. 0. 0.]
  [0. 0. 0. 0. 0. 0. 0. 0. 0. 0. 0. 0.]
  [0. 0. 0. 0. 0. 0. 0. 0. 0. 0. 0. 0.]
  [0. 0. 0. 0. 0. 0. 0. 0. 0. 0. 0. 0.]]]	[[[0.]
  [0.]
  [0.]
  [0.]]]	[[1. 1. 0. 0.]]	[[ 0.4997531 -0.7512686]]	[[ 0.2706358 -0.7512686]]	0	-0.12916666666666665	0.4997531
[[0]]	[[1]]	[[0 0 0 0 0 0 0 0 0 0 0 0]]	[[0 0 0 0 0 0 0 0 0 0 0 0]]	[[0. 0. 0. 0. 0. 0. 0. 0. 0. 0. 0. 0.]]	[[[0. 0. 0. 0. 0. 0. 0. 0. 0. 0. 0. 0.]
  [0. 0. 0. 0. 0. 0. 0. 0. 0. 0. 0. 0.]
  [0. 0. 0. 0. 0. 0. 0. 0. 0. 0. 0. 0.]
  [0. 0. 0. 0. 0. 0. 0. 0. 0. 0. 0. 0.]]]	[[[0.]
  [0.]
  [0.]
  [0.]]]	[[1. 1. 0. 0.]]	[[ 0.4997531 -0.7512686]]	[[ 0.39980248 -0.7512686 ]]	0	0.0	0.4997531
[[0]]	[[1]]	[[0 0 0 0 0 0 0 0 0 0 0 0]]	[[0 0 0 0 0 0 0 0 0 0 0 0]]	[[0. 0. 0. 0. 0. 0. 0. 0. 0. 0. 0. 0.]]	[[[0. 0. 0. 0. 0. 0. 0. 0. 0. 0. 0. 0.]
  [0. 0. 0. 0. 0. 0. 0. 0. 0. 0. 0. 0.]
  [0. 0. 0. 0. 0. 0. 0. 0. 0. 0. 0. 0.]
  [0. 0. 0. 0. 0. 0. 0. 0. 0. 0. 0. 0.]]]	[[[0.]
  [0.]
  [0.]
  [0.]]]	[[1. 1. 0. 0.]]	[[ 0.4997531 -0.7512686]]	[[ 0.39980248 -0.7512686 ]]	0	0.0	0.4997531
[[0]]	[[1]]	[[0 0 0 0 0 0 0 0 0 0 0 0]]	[[0 0 0 0 0 0 0 0 0 0 0 0]]	[[0. 0. 0. 0. 0. 0. 0. 0. 0. 0. 0. 0.]]	[[[0. 0. 0. 0. 0. 0. 0. 0. 0. 0. 0. 0.]
  [0. 0. 0. 0. 0. 0. 0. 0. 0. 0. 0. 0.]
  [0. 0. 0. 0. 0. 0. 0. 0. 0. 0. 0. 0.]
  [0. 0. 0. 0. 0. 0. 0. 0. 0. 0. 0. 0.]]]	[[[0.]
  [0.]
  [0.]
  [0.]]]	[[1. 1. 0. 0.]]	[[ 0.4997531 -0.7512686]]	[[ 0.29396963 -0.7512686 ]]	0	-0.1058328590938959	0.4997531
[[0]]	[[1]]	[[0 0 0 0 0 0 0 0 0 0 0 0]]	[[0 0 0 0 0 0 0 0 0 0 0 0]]	[[0. 0. 0. 0. 0. 0. 0. 0. 0. 0. 0. 0.]]	[[[0. 0. 0. 0. 0. 0. 0. 0. 0. 0. 0. 0.]
  [0. 0. 0. 0. 0. 0. 0. 0. 0. 0. 0. 0.]
  [0. 0. 0. 0. 0. 0. 0. 0. 0. 0. 0. 0.]
  [0. 0. 0. 0. 0. 0. 0. 0. 0. 0. 0. 0.]]]	[[[0.]
  [0.]
  [0.]
  [0.]]]	[[1. 1. 0. 0.]]	[[ 0.4997531 -0.7512686]]	[[ 0.36277705 -0.7512686 ]]	0	-0.0370254250248023	0.4997531
[[0]]	[[1]]	[[0 0 0 0 0 0 0 0 0 0 0 0]]	[[0 0 0 0 0 0 0 0 0 0 0 0]]	[[0. 0. 0. 0. 0. 0. 0. 0. 0. 0. 0. 0.]]	[[[0. 0. 0. 0. 0. 0. 0. 0. 0. 0. 0. 0.]
  [0. 0. 0. 0. 0. 0. 0. 0. 0. 0. 0. 0.]
  [0. 0. 0. 0. 0. 0. 0. 0. 0. 0. 0. 0.]
  [0. 0. 0. 0. 0. 0. 0. 0. 0. 0. 0. 0.]]]	[[[0.]
  [0.]
  [0.]
  [0.]]]	[[1. 1. 0. 0.]]	[[ 0.4997531 -0.7512686]]	[[ 0.2881358 -0.7512686]]	0	-0.11166666666666665	0.4997531
[[0]]	[[1]]	[[0 0 0 0 0 0 0 0 0 0 0 0]]	[[0 0 0 0 0 0 0 0 0 0 0 0]]	[[0. 0. 0. 0. 0. 0. 0. 0. 0. 0. 0. 0.]]	[[[0. 0. 0. 0. 0. 0. 0. 0. 0. 0. 0. 0.]
  [0. 0. 0. 0. 0. 0. 0. 0. 0. 0. 0. 0.]
  [0. 0. 0. 0. 0. 0. 0. 0. 0. 0. 0. 0.]
  [0. 0. 0. 0. 0. 0. 0. 0. 0. 0. 0. 0.]]]	[[[0.]
  [0.]
  [0.]
  [0.]]]	[[1. 1. 0. 0.]]	[[ 0.4997531 -0.7512686]]	[[ 0.39980248 -0.7512686 ]]	0	0.0	0.4997531
[[0]]	[[1]]	[[0 0 0 0 0 0 0 0 0 0 0 0]]	[[0 0 0 0 0 0 0 0 0 0 0 0]]	[[0. 0. 0. 0. 0. 0. 0. 0. 0. 0. 0. 0.]]	[[[0. 0. 0. 0. 0. 0. 0. 0. 0. 0. 0. 0.]
  [0. 0. 0. 0. 0. 0. 0. 0. 0. 0. 0. 0.]
  [0. 0. 0. 0. 0. 0. 0. 0. 0. 0. 0. 0.]
  [0. 0. 0. 0. 0. 0. 0. 0. 0. 0. 0. 0.]]]	[[[0.]
  [0.]
  [0.]
  [0.]]]	[[1. 1. 0. 0.]]	[[ 0.4997531 -0.7512686]]	[[ 0.39980248 -0.7512686 ]]	0	0.0	0.4997531
[[0]]	[[1]]	[[0 0 0 0 0 0 0 0 0 0 0 0]]	[[0 0 0 0 0 0 0 0 0 0 0 0]]	[[0. 0. 0. 0. 0. 0. 0. 0. 0. 0. 0. 0.]]	[[[0. 0. 0. 0. 0. 0. 0. 0. 0. 0. 0. 0.]
  [0. 0. 0. 0. 0. 0. 0. 0. 0. 0. 0. 0.]
  [0. 0. 0. 0. 0. 0. 0. 0. 0. 0. 0. 0.]
  [0. 0. 0. 0. 0. 0. 0. 0. 0. 0. 0. 0.]]]	[[[0.]
  [0.]
  [0.]
  [0.]]]	[[1. 1. 0. 0.]]	[[ 0.4997531 -0.7512686]]	[[ 0.23980612 -0.7512686 ]]	0	-0.1599963535124681	0.4997531
[[0]]	[[1]]	[[0 0 0 0 0 0 0 0 0 0 0 0]]	[[0 0 0 0 0 0 0 0 0 0 0 0]]	[[0. 0. 0. 0. 0. 0. 0. 0. 0. 0. 0. 0.]]	[[[0. 0. 0. 0. 0. 0. 0. 0. 0. 0. 0. 0.]
  [0. 0. 0. 0. 0. 0. 0. 0. 0. 0. 0. 0.]
  [0. 0. 0. 0. 0. 0. 0. 0. 0. 0. 0. 0.]
  [0. 0. 0. 0. 0. 0. 0. 0. 0. 0. 0. 0.]]]	[[[0.]
  [0.]
  [0.]
  [0.]]]	[[1. 1. 0. 0.]]	[[ 0.4997531 -0.7512686]]	[[ 0.39980248 -0.7512686 ]]	0	0.0	0.4997531
[[0]]	[[1]]	[[0 0 0 0 0 0 0 0 0 0 0 0]]	[[0 0 0 0 0 0 0 0 0 0 0 0]]	[[0. 0. 0. 0. 0. 0. 0. 0. 0. 0. 0. 0.]]	[[[0. 0. 0. 0. 0. 0. 0. 0. 0. 0. 0. 0.]
  [0. 0. 0. 0. 0. 0. 0. 0. 0. 0. 0. 0.]
  [0. 0. 0. 0. 0. 0. 0. 0. 0. 0. 0. 0.]
  [0. 0. 0. 0. 0. 0. 0. 0. 0. 0. 0. 0.]]]	[[[0.]
  [0.]
  [0.]
  [0.]]]	[[1. 1. 0. 0.]]	[[ 0.4997531 -0.7512686]]	[[ 0.28053707 -0.7512686 ]]	0	-0.11926541244226445	0.4997531
[[0]]	[[1]]	[[0 0 0 0 0 0 0 0 0 0 0 0]]	[[0 0 0 0 0 0 0 0 0 0 0 0]]	[[0. 0. 0. 0. 0. 0. 0. 0. 0. 0. 0. 0.]]	[[[0. 0. 0. 0. 0. 0. 0. 0. 0. 0. 0. 0.]
  [0. 0. 0. 0. 0. 0. 0. 0. 0. 0. 0. 0.]
  [0. 0. 0. 0. 0. 0. 0. 0. 0. 0. 0. 0.]
  [0. 0. 0. 0. 0. 0. 0. 0. 0. 0. 0. 0.]]]	[[[0.]
  [0.]
  [0.]
  [0.]]]	[[1. 1. 0. 0.]]	[[ 0.4997531 -0.7512686]]	[[ 0.39980248 -0.7512686 ]]	0	0.0	0.4997531
[[0]]	[[1]]	[[0 0 0 0 0 0 0 0 0 0 0 0]]	[[0 0 0 0 0 0 0 0 0 0 0 0]]	[[0. 0. 0. 0. 0. 0. 0. 0. 0. 0. 0. 0.]]	[[[0. 0. 0. 0. 0. 0. 0. 0. 0. 0. 0. 0.]
  [0. 0. 0. 0. 0. 0. 0. 0. 0. 0. 0. 0.]
  [0. 0. 0. 0. 0. 0. 0. 0. 0. 0. 0. 0.]
  [0. 0. 0. 0. 0. 0. 0. 0. 0. 0. 0. 0.]]]	[[[0.]
  [0.]
  [0.]
  [0.]]]	[[1. 1. 0. 0.]]	[[ 0.4997531 -0.7512686]]	[[ 0.39980248 -0.7512686 ]]	0	0.0	0.4997531
[[0]]	[[1]]	[[0 0 0 0 0 0 0 0 0 0 0 0]]	[[0 0 0 0 0 0 0 0 0 0 0 0]]	[[0. 0. 0. 0. 0. 0. 0. 0. 0. 0. 0. 0.]]	[[[0. 0. 0. 0. 0. 0. 0. 0. 0. 0. 0. 0.]
  [0. 0. 0. 0. 0. 0. 0. 0. 0. 0. 0. 0.]
  [0. 0. 0. 0. 0. 0. 0. 0. 0. 0. 0. 0.]
  [0. 0. 0. 0. 0. 0. 0. 0. 0. 0. 0. 0.]]]	[[[0.]
  [0.]
  [0.]
  [0.]]]	[[1. 1. 0. 0.]]	[[ 0.4997531 -0.7512686]]	[[ 0.27646914 -0.7512686 ]]	0	-0.12333333333333331	0.4997531
[[0]]	[[1]]	[[0 0 0 0 0 0 0 0 0 0 0 0]]	[[0 0 0 0 0 0 0 0 0 0 0 0]]	[[0. 0. 0. 0. 0. 0. 0. 0. 0. 0. 0. 0.]]	[[[0. 0. 0. 0. 0. 0. 0. 0. 0. 0. 0. 0.]
  [0. 0. 0. 0. 0. 0. 0. 0. 0. 0. 0. 0.]
  [0. 0. 0. 0. 0. 0. 0. 0. 0. 0. 0. 0.]
  [0. 0. 0. 0. 0. 0. 0. 0. 0. 0. 0. 0.]]]	[[[0.]
  [0.]
  [0.]
  [0.]]]	[[1. 1. 0. 0.]]	[[ 0.4997531 -0.7512686]]	[[ 0.28230247 -0.7512686 ]]	0	-0.11749999999999998	0.4997531
