[[0]]	[[1]]	[[0 0 0 5 5 0 0 1 0 0 0 0]]	[[0 0 0 1 0 0 0 0 0 0 0 0]]	[[0. 0. 0. 0. 0. 0. 0. 0. 0. 0. 0. 0.]]	[[[0. 0. 0. 0. 0. 0. 0. 0. 0. 0. 0. 0.]
  [0. 0. 0. 0. 0. 0. 0. 0. 0. 0. 0. 0.]
  [0. 0. 0. 0. 0. 0. 0. 0. 0. 0. 0. 0.]
  [0. 0. 0. 0. 0. 0. 0. 0. 0. 0. 0. 0.]]]	[[[0.]
  [0.]
  [0.]
  [0.]]]	[[1. 1. 0. 0.]]	[[ 0.07077253 -0.37772653]]	[[-4.609102   -0.37772653]]	0	-4.665719620963157	0.07077253
[[0]]	[[1]]	[[0 0 0 5 5 0 0 1 0 0 0 0]]	[[0 0 0 1 0 0 0 0 0 0 0 0]]	[[0. 0. 0. 0. 0. 0. 0. 0. 0. 0. 0. 0.]]	[[[0. 0. 0. 0. 0. 0. 0. 0. 0. 0. 0. 0.]
  [0. 0. 0. 0. 0. 0. 0. 0. 0. 0. 0. 0.]
  [0. 0. 0. 0. 0. 0. 0. 0. 0. 0. 0. 0.]
  [0. 0. 0. 0. 0. 0. 0. 0. 0. 0. 0. 0.]]]	[[[0.]
  [0.]
  [0.]
  [0.]]]	[[1. 1. 0. 0.]]	[[ 0.07077253 -0.37772653]]	[[-0.79419535 -0.37772653]]	0	-0.8508133573548006	0.07077253
[[0]]	[[1]]	[[0 0 0 5 5 0 0 1 0 0 0 0]]	[[0 0 0 1 0 0 0 0 0 0 0 0]]	[[0. 0. 0. 0. 0. 0. 0. 0. 0. 0. 0. 0.]]	[[[0. 0. 0. 0. 0. 0. 0. 0. 0. 0. 0. 0.]
  [0. 0. 0. 0. 0. 0. 0. 0. 0. 0. 0. 0.]
  [0. 0. 0. 0. 0. 0. 0. 0. 0. 0. 0. 0.]
  [0. 0. 0. 0. 0. 0. 0. 0. 0. 0. 0. 0.]]]	[[[0.]
  [0.]
  [0.]
  [0.]]]	[[1. 1. 0. 0.]]	[[ 0.07077253 -0.37772653]]	[[-0.20137106 -0.37772653]]	0	-0.2579890825648646	0.07077253
[[0]]	[[1]]	[[0 0 0 5 5 0 0 1 0 0 0 0]]	[[0 0 0 1 0 0 0 0 0 0 0 0]]	[[0. 0. 0. 0. 0. 0. 0. 0. 0. 0. 0. 0.]]	[[[0. 0. 0. 0. 0. 0. 0. 0. 0. 0. 0. 0.]
  [0. 0. 0. 0. 0. 0. 0. 0. 0. 0. 0. 0.]
  [0. 0. 0. 0. 0. 0. 0. 0. 0. 0. 0. 0.]
  [0. 0. 0. 0. 0. 0. 0. 0. 0. 0. 0. 0.]]]	[[[0.]
  [0.]
  [0.]
  [0.]]]	[[1. 1. 0. 0.]]	[[ 0.07077253 -0.37772653]]	[[-3.190961   -0.37772653]]	0	-3.2475788923514273	0.07077253
[[0]]	[[1]]	[[0 0 0 5 5 0 0 1 0 0 0 0]]	[[0 0 0 1 0 0 0 0 0 0 0 0]]	[[0. 0. 0. 0. 0. 0. 0. 0. 0. 0. 0. 0.]]	[[[0. 0. 0. 0. 0. 0. 0. 0. 0. 0. 0. 0.]
  [0. 0. 0. 0. 0. 0. 0. 0. 0. 0. 0. 0.]
  [0. 0. 0. 0. 0. 0. 0. 0. 0. 0. 0. 0.]
  [0. 0. 0. 0. 0. 0. 0. 0. 0. 0. 0. 0.]]]	[[[0.]
  [0.]
  [0.]
  [0.]]]	[[1. 1. 0. 0.]]	[[ 0.07077253 -0.37772653]]	[[-2.916493   -0.37772653]]	0	-2.9731110425015124	0.07077253
[[0]]	[[1]]	[[0 0 0 5 5 0 0 1 0 0 0 0]]	[[0 0 0 1 0 0 0 0 0 0 0 0]]	[[0. 0. 0. 0. 0. 0. 0. 0. 0. 0. 0. 0.]]	[[[0. 0. 0. 0. 0. 0. 0. 0. 0. 0. 0. 0.]
  [0. 0. 0. 0. 0. 0. 0. 0. 0. 0. 0. 0.]
  [0. 0. 0. 0. 0. 0. 0. 0. 0. 0. 0. 0.]
  [0. 0. 0. 0. 0. 0. 0. 0. 0. 0. 0. 0.]]]	[[[0.]
  [0.]
  [0.]
  [0.]]]	[[1. 1. 0. 0.]]	[[ 0.07077253 -0.37772653]]	[[-0.09572507 -0.37772653]]	0	-0.15234308933779508	0.07077253
[[0]]	[[1]]	[[0 0 0 5 5 0 0 1 0 0 0 0]]	[[0 0 0 1 0 0 0 0 0 0 0 0]]	[[0. 0. 0. 0. 0. 0. 0. 0. 0. 0. 0. 0.]]	[[[0. 0. 0. 0. 0. 0. 0. 0. 0. 0. 0. 0.]
  [0. 0. 0. 0. 0. 0. 0. 0. 0. 0. 0. 0.]
  [0. 0. 0. 0. 0. 0. 0. 0. 0. 0. 0. 0.]
  [0. 0. 0. 0. 0. 0. 0. 0. 0. 0. 0. 0.]]]	[[[0.]
  [0.]
  [0.]
  [0.]]]	[[1. 1. 0. 0.]]	[[ 0.07077253 -0.37772653]]	[[-0.76108086 -0.37772653]]	0	-0.8176988667995756	0.07077253
[[0]]	[[1]]	[[0 0 0 5 5 0 0 1 0 0 0 0]]	[[0 0 0 1 0 0 0 0 0 0 0 0]]	[[0. 0. 0. 0. 0. 0. 0. 0. 0. 0. 0. 0.]]	[[[0. 0. 0. 0. 0. 0. 0. 0. 0. 0. 0. 0.]
  [0. 0. 0. 0. 0. 0. 0. 0. 0. 0. 0. 0.]
  [0. 0. 0. 0. 0. 0. 0. 0. 0. 0. 0. 0.]
  [0. 0. 0. 0. 0. 0. 0. 0. 0. 0. 0. 0.]]]	[[[0.]
  [0.]
  [0.]
  [0.]]]	[[1. 1. 0. 0.]]	[[ 0.07077253 -0.37772653]]	[[-0.02130675 -0.37772653]]	0	-0.07792476993620784	0.07077253
[[0]]	[[1]]	[[0 0 0 5 5 0 0 1 0 0 0 0]]	[[0 0 0 1 0 0 0 0 0 0 0 0]]	[[0. 0. 0. 0. 0. 0. 0. 0. 0. 0. 0. 0.]]	[[[0. 0. 0. 0. 0. 0. 0. 0. 0. 0. 0. 0.]
  [0. 0. 0. 0. 0. 0. 0. 0. 0. 0. 0. 0.]
  [0. 0. 0. 0. 0. 0. 0. 0. 0. 0. 0. 0.]
  [0. 0. 0. 0. 0. 0. 0. 0. 0. 0. 0. 0.]]]	[[[0.]
  [0.]
  [0.]
  [0.]]]	[[1. 1. 0. 0.]]	[[ 0.07077253 -0.37772653]]	[[-4.079398   -0.37772653]]	0	-4.136016319922126	0.07077253
[[0]]	[[1]]	[[0 0 0 5 5 0 0 1 0 0 0 0]]	[[0 0 0 1 0 0 0 0 0 0 0 0]]	[[0. 0. 0. 0. 0. 0. 0. 0. 0. 0. 0. 0.]]	[[[0. 0. 0. 0. 0. 0. 0. 0. 0. 0. 0. 0.]
  [0. 0. 0. 0. 0. 0. 0. 0. 0. 0. 0. 0.]
  [0. 0. 0. 0. 0. 0. 0. 0. 0. 0. 0. 0.]
  [0. 0. 0. 0. 0. 0. 0. 0. 0. 0. 0. 0.]]]	[[[0.]
  [0.]
  [0.]
  [0.]]]	[[1. 1. 0. 0.]]	[[ 0.07077253 -0.37772653]]	[[-0.5028756  -0.37772653]]	0	-0.55949367321029	0.07077253
[[0]]	[[1]]	[[0 0 0 5 5 0 0 1 0 0 0 0]]	[[0 0 0 1 0 0 0 0 0 0 0 0]]	[[0. 0. 0. 0. 0. 0. 0. 0. 0. 0. 0. 0.]]	[[[0. 0. 0. 0. 0. 0. 0. 0. 0. 0. 0. 0.]
  [0. 0. 0. 0. 0. 0. 0. 0. 0. 0. 0. 0.]
  [0. 0. 0. 0. 0. 0. 0. 0. 0. 0. 0. 0.]
  [0. 0. 0. 0. 0. 0. 0. 0. 0. 0. 0. 0.]]]	[[[0.]
  [0.]
  [0.]
  [0.]]]	[[1. 1. 0. 0.]]	[[ 0.07077253 -0.37772653]]	[[-3.9831665  -0.37772653]]	0	-4.039784455038042	0.07077253
[[0]]	[[1]]	[[0 0 0 5 5 0 0 1 0 0 0 0]]	[[0 0 0 1 0 0 0 0 0 0 0 0]]	[[0. 0. 0. 0. 0. 0. 0. 0. 0. 0. 0. 0.]]	[[[0. 0. 0. 0. 0. 0. 0. 0. 0. 0. 0. 0.]
  [0. 0. 0. 0. 0. 0. 0. 0. 0. 0. 0. 0.]
  [0. 0. 0. 0. 0. 0. 0. 0. 0. 0. 0. 0.]
  [0. 0. 0. 0. 0. 0. 0. 0. 0. 0. 0. 0.]]]	[[[0.]
  [0.]
  [0.]
  [0.]]]	[[1. 1. 0. 0.]]	[[ 0.07077253 -0.37772653]]	[[-3.447811   -0.37772653]]	0	-3.504428838048195	0.07077253
[[0]]	[[1]]	[[0 0 0 5 5 0 0 1 0 0 0 0]]	[[0 0 0 1 0 0 0 0 0 0 0 0]]	[[0. 0. 0. 0. 0. 0. 0. 0. 0. 0. 0. 0.]]	[[[0. 0. 0. 0. 0. 0. 0. 0. 0. 0. 0. 0.]
  [0. 0. 0. 0. 0. 0. 0. 0. 0. 0. 0. 0.]
  [0. 0. 0. 0. 0. 0. 0. 0. 0. 0. 0. 0.]
  [0. 0. 0. 0. 0. 0. 0. 0. 0. 0. 0. 0.]]]	[[[0.]
  [0.]
  [0.]
  [0.]]]	[[1. 1. 0. 0.]]	[[ 0.07077253 -0.37772653]]	[[-1.1960871  -0.37772653]]	0	-1.2527050979889935	0.07077253
[[0]]	[[1]]	[[0 0 0 5 5 0 0 1 0 0 0 0]]	[[0 0 0 1 0 0 0 0 0 0 0 0]]	[[0. 0. 0. 0. 0. 0. 0. 0. 0. 0. 0. 0.]]	[[[0. 0. 0. 0. 0. 0. 0. 0. 0. 0. 0. 0.]
  [0. 0. 0. 0. 0. 0. 0. 0. 0. 0. 0. 0.]
  [0. 0. 0. 0. 0. 0. 0. 0. 0. 0. 0. 0.]
  [0. 0. 0. 0. 0. 0. 0. 0. 0. 0. 0. 0.]]]	[[[0.]
  [0.]
  [0.]
  [0.]]]	[[1. 1. 0. 0.]]	[[ 0.07077253 -0.37772653]]	[[-0.31212252 -0.37772653]]	0	-0.3687405568144952	0.07077253
[[0]]	[[1]]	[[0 0 0 5 5 0 0 1 0 0 0 0]]	[[0 0 0 1 0 0 0 0 0 0 0 0]]	[[0. 0. 0. 0. 0. 0. 0. 0. 0. 0. 0. 0.]]	[[[0. 0. 0. 0. 0. 0. 0. 0. 0. 0. 0. 0.]
  [0. 0. 0. 0. 0. 0. 0. 0. 0. 0. 0. 0.]
  [0. 0. 0. 0. 0. 0. 0. 0. 0. 0. 0. 0.]
  [0. 0. 0. 0. 0. 0. 0. 0. 0. 0. 0. 0.]]]	[[[0.]
  [0.]
  [0.]
  [0.]]]	[[1. 1. 0. 0.]]	[[ 0.07077253 -0.37772653]]	[[-1.0159764  -0.37772653]]	0	-1.0725944976981945	0.07077253
[[0]]	[[1]]	[[0 0 0 5 5 0 0 1 0 0 0 0]]	[[0 0 0 1 0 0 0 0 0 0 0 0]]	[[0. 0. 0. 0. 0. 0. 0. 0. 0. 0. 0. 0.]]	[[[0. 0. 0. 0. 0. 0. 0. 0. 0. 0. 0. 0.]
  [0. 0. 0. 0. 0. 0. 0. 0. 0. 0. 0. 0.]
  [0. 0. 0. 0. 0. 0. 0. 0. 0. 0. 0. 0.]
  [0. 0. 0. 0. 0. 0. 0. 0. 0. 0. 0. 0.]]]	[[[0.]
  [0.]
  [0.]
  [0.]]]	[[1. 1. 0. 0.]]	[[ 0.07077253 -0.37772653]]	[[-2.8661065  -0.37772653]]	0	-2.9227245389918077	0.07077253
[[0]]	[[1]]	[[0 0 0 5 5 0 0 1 0 0 0 0]]	[[0 0 0 1 0 0 0 0 0 0 0 0]]	[[0. 0. 0. 0. 0. 0. 0. 0. 0. 0. 0. 0.]]	[[[0. 0. 0. 0. 0. 0. 0. 0. 0. 0. 0. 0.]
  [0. 0. 0. 0. 0. 0. 0. 0. 0. 0. 0. 0.]
  [0. 0. 0. 0. 0. 0. 0. 0. 0. 0. 0. 0.]
  [0. 0. 0. 0. 0. 0. 0. 0. 0. 0. 0. 0.]]]	[[[0.]
  [0.]
  [0.]
  [0.]]]	[[1. 1. 0. 0.]]	[[ 0.07077253 -0.37772653]]	[[-2.5292654  -0.37772653]]	0	-2.585883430154407	0.07077253
[[0]]	[[1]]	[[0 0 0 5 5 0 0 1 0 0 0 0]]	[[0 0 0 1 0 0 0 0 0 0 0 0]]	[[0. 0. 0. 0. 0. 0. 0. 0. 0. 0. 0. 0.]]	[[[0. 0. 0. 0. 0. 0. 0. 0. 0. 0. 0. 0.]
  [0. 0. 0. 0. 0. 0. 0. 0. 0. 0. 0. 0.]
  [0. 0. 0. 0. 0. 0. 0. 0. 0. 0. 0. 0.]
  [0. 0. 0. 0. 0. 0. 0. 0. 0. 0. 0. 0.]]]	[[[0.]
  [0.]
  [0.]
  [0.]]]	[[1. 1. 0. 0.]]	[[ 0.07077253 -0.37772653]]	[[-1.1264135  -0.37772653]]	0	-1.1830314313285013	0.07077253
[[0]]	[[1]]	[[0 0 0 5 5 0 0 1 0 0 0 0]]	[[0 0 0 1 0 0 0 0 0 0 0 0]]	[[0. 0. 0. 0. 0. 0. 0. 0. 0. 0. 0. 0.]]	[[[0. 0. 0. 0. 0. 0. 0. 0. 0. 0. 0. 0.]
  [0. 0. 0. 0. 0. 0. 0. 0. 0. 0. 0. 0.]
  [0. 0. 0. 0. 0. 0. 0. 0. 0. 0. 0. 0.]
  [0. 0. 0. 0. 0. 0. 0. 0. 0. 0. 0. 0.]]]	[[[0.]
  [0.]
  [0.]
  [0.]]]	[[1. 1. 0. 0.]]	[[ 0.07077253 -0.37772653]]	[[-0.75831294 -0.37772653]]	0	-0.8149309384123855	0.07077253
[[0]]	[[1]]	[[0 0 0 5 5 0 0 1 0 0 0 0]]	[[0 0 0 1 0 0 0 0 0 0 0 0]]	[[0. 0. 0. 0. 0. 0. 0. 0. 0. 0. 0. 0.]]	[[[0. 0. 0. 0. 0. 0. 0. 0. 0. 0. 0. 0.]
  [0. 0. 0. 0. 0. 0. 0. 0. 0. 0. 0. 0.]
  [0. 0. 0. 0. 0. 0. 0. 0. 0. 0. 0. 0.]
  [0. 0. 0. 0. 0. 0. 0. 0. 0. 0. 0. 0.]]]	[[[0.]
  [0.]
  [0.]
  [0.]]]	[[1. 1. 0. 0.]]	[[ 0.07077253 -0.37772653]]	[[-0.08901276 -0.37772653]]	0	-0.1456307824818304	0.07077253
[[0]]	[[1]]	[[0 0 0 5 5 0 0 1 0 0 0 0]]	[[0 0 0 1 0 0 0 0 0 0 0 0]]	[[0. 0. 0. 0. 0. 0. 0. 0. 0. 0. 0. 0.]]	[[[0. 0. 0. 0. 0. 0. 0. 0. 0. 0. 0. 0.]
  [0. 0. 0. 0. 0. 0. 0. 0. 0. 0. 0. 0.]
  [0. 0. 0. 0. 0. 0. 0. 0. 0. 0. 0. 0.]
  [0. 0. 0. 0. 0. 0. 0. 0. 0. 0. 0. 0.]]]	[[[0.]
  [0.]
  [0.]
  [0.]]]	[[1. 1. 0. 0.]]	[[ 0.07077253 -0.37772653]]	[[-3.3326044  -0.37772653]]	0	-3.389222527256387	0.07077253
[[0]]	[[1]]	[[0 0 0 5 5 0 0 1 0 0 0 0]]	[[0 0 0 1 0 0 0 0 0 0 0 0]]	[[0. 0. 0. 0. 0. 0. 0. 0. 0. 0. 0. 0.]]	[[[0. 0. 0. 0. 0. 0. 0. 0. 0. 0. 0. 0.]
  [0. 0. 0. 0. 0. 0. 0. 0. 0. 0. 0. 0.]
  [0. 0. 0. 0. 0. 0. 0. 0. 0. 0. 0. 0.]
  [0. 0. 0. 0. 0. 0. 0. 0. 0. 0. 0. 0.]]]	[[[0.]
  [0.]
  [0.]
  [0.]]]	[[1. 1. 0. 0.]]	[[ 0.07077253 -0.37772653]]	[[-3.2900114  -0.37772653]]	0	-3.34662939339965	0.07077253
[[0]]	[[1]]	[[0 0 0 5 5 0 0 1 0 0 0 0]]	[[0 0 0 1 0 0 0 0 0 0 0 0]]	[[0. 0. 0. 0. 0. 0. 0. 0. 0. 0. 0. 0.]]	[[[0. 0. 0. 0. 0. 0. 0. 0. 0. 0. 0. 0.]
  [0. 0. 0. 0. 0. 0. 0. 0. 0. 0. 0. 0.]
  [0. 0. 0. 0. 0. 0. 0. 0. 0. 0. 0. 0.]
  [0. 0. 0. 0. 0. 0. 0. 0. 0. 0. 0. 0.]]]	[[[0.]
  [0.]
  [0.]
  [0.]]]	[[1. 1. 0. 0.]]	[[ 0.07077253 -0.37772653]]	[[-5.0290084  -0.37772653]]	0	-5.085626645866765	0.07077253
[[0]]	[[1]]	[[0 0 0 5 5 0 0 1 0 0 0 0]]	[[0 0 0 1 0 0 0 0 0 0 0 0]]	[[0. 0. 0. 0. 0. 0. 0. 0. 0. 0. 0. 0.]]	[[[0. 0. 0. 0. 0. 0. 0. 0. 0. 0. 0. 0.]
  [0. 0. 0. 0. 0. 0. 0. 0. 0. 0. 0. 0.]
  [0. 0. 0. 0. 0. 0. 0. 0. 0. 0. 0. 0.]
  [0. 0. 0. 0. 0. 0. 0. 0. 0. 0. 0. 0.]]]	[[[0.]
  [0.]
  [0.]
  [0.]]]	[[1. 1. 0. 0.]]	[[ 0.07077253 -0.37772653]]	[[-5.334072   -0.37772653]]	0	-5.390690104073982	0.07077253
[[0]]	[[1]]	[[0 0 0 5 5 0 0 1 0 0 0 0]]	[[0 0 0 1 0 0 0 0 0 0 0 0]]	[[0. 0. 0. 0. 0. 0. 0. 0. 0. 0. 0. 0.]]	[[[0. 0. 0. 0. 0. 0. 0. 0. 0. 0. 0. 0.]
  [0. 0. 0. 0. 0. 0. 0. 0. 0. 0. 0. 0.]
  [0. 0. 0. 0. 0. 0. 0. 0. 0. 0. 0. 0.]
  [0. 0. 0. 0. 0. 0. 0. 0. 0. 0. 0. 0.]]]	[[[0.]
  [0.]
  [0.]
  [0.]]]	[[1. 1. 0. 0.]]	[[ 0.07077253 -0.37772653]]	[[-0.7218547  -0.37772653]]	0	-0.778472696761668	0.07077253
[[0]]	[[1]]	[[0 0 0 5 5 0 0 1 0 0 0 0]]	[[0 0 0 1 0 0 0 0 0 0 0 0]]	[[0. 0. 0. 0. 0. 0. 0. 0. 0. 0. 0. 0.]]	[[[0. 0. 0. 0. 0. 0. 0. 0. 0. 0. 0. 0.]
  [0. 0. 0. 0. 0. 0. 0. 0. 0. 0. 0. 0.]
  [0. 0. 0. 0. 0. 0. 0. 0. 0. 0. 0. 0.]
  [0. 0. 0. 0. 0. 0. 0. 0. 0. 0. 0. 0.]]]	[[[0.]
  [0.]
  [0.]
  [0.]]]	[[1. 1. 0. 0.]]	[[ 0.07077253 -0.37772653]]	[[-1.691751   -0.37772653]]	0	-1.7483690322580994	0.07077253
[[0]]	[[1]]	[[0 0 0 5 5 0 0 1 0 0 0 0]]	[[0 0 0 1 0 0 0 0 0 0 0 0]]	[[0. 0. 0. 0. 0. 0. 0. 0. 0. 0. 0. 0.]]	[[[0. 0. 0. 0. 0. 0. 0. 0. 0. 0. 0. 0.]
  [0. 0. 0. 0. 0. 0. 0. 0. 0. 0. 0. 0.]
  [0. 0. 0. 0. 0. 0. 0. 0. 0. 0. 0. 0.]
  [0. 0. 0. 0. 0. 0. 0. 0. 0. 0. 0. 0.]]]	[[[0.]
  [0.]
  [0.]
  [0.]]]	[[1. 1. 0. 0.]]	[[ 0.07077253 -0.37772653]]	[[-1.3030875  -0.37772653]]	0	-1.359705440860634	0.07077253
[[0]]	[[1]]	[[0 0 0 5 5 0 0 1 0 0 0 0]]	[[0 0 0 1 0 0 0 0 0 0 0 0]]	[[0. 0. 0. 0. 0. 0. 0. 0. 0. 0. 0. 0.]]	[[[0. 0. 0. 0. 0. 0. 0. 0. 0. 0. 0. 0.]
  [0. 0. 0. 0. 0. 0. 0. 0. 0. 0. 0. 0.]
  [0. 0. 0. 0. 0. 0. 0. 0. 0. 0. 0. 0.]
  [0. 0. 0. 0. 0. 0. 0. 0. 0. 0. 0. 0.]]]	[[[0.]
  [0.]
  [0.]
  [0.]]]	[[1. 1. 0. 0.]]	[[ 0.07077253 -0.37772653]]	[[-3.0309062  -0.37772653]]	0	-3.0875243239080987	0.07077253
[[0]]	[[1]]	[[0 0 0 5 5 0 0 1 0 0 0 0]]	[[0 0 0 1 0 0 0 0 0 0 0 0]]	[[0. 0. 0. 0. 0. 0. 0. 0. 0. 0. 0. 0.]]	[[[0. 0. 0. 0. 0. 0. 0. 0. 0. 0. 0. 0.]
  [0. 0. 0. 0. 0. 0. 0. 0. 0. 0. 0. 0.]
  [0. 0. 0. 0. 0. 0. 0. 0. 0. 0. 0. 0.]
  [0. 0. 0. 0. 0. 0. 0. 0. 0. 0. 0. 0.]]]	[[[0.]
  [0.]
  [0.]
  [0.]]]	[[1. 1. 0. 0.]]	[[ 0.07077253 -0.37772653]]	[[-3.7568188  -0.37772653]]	0	-3.8134368956659994	0.07077253
[[0]]	[[1]]	[[0 0 0 5 5 0 0 1 0 0 0 0]]	[[0 0 0 1 0 0 0 0 0 0 0 0]]	[[0. 0. 0. 0. 0. 0. 0. 0. 0. 0. 0. 0.]]	[[[0. 0. 0. 0. 0. 0. 0. 0. 0. 0. 0. 0.]
  [0. 0. 0. 0. 0. 0. 0. 0. 0. 0. 0. 0.]
  [0. 0. 0. 0. 0. 0. 0. 0. 0. 0. 0. 0.]
  [0. 0. 0. 0. 0. 0. 0. 0. 0. 0. 0. 0.]]]	[[[0.]
  [0.]
  [0.]
  [0.]]]	[[1. 1. 0. 0.]]	[[ 0.07077253 -0.37772653]]	[[-2.7262805  -0.37772653]]	0	-2.7828984741680776	0.07077253
[[0]]	[[1]]	[[0 0 0 5 5 0 0 1 0 0 0 0]]	[[0 0 0 1 0 0 0 0 0 0 0 0]]	[[0. 0. 0. 0. 0. 0. 0. 0. 0. 0. 0. 0.]]	[[[0. 0. 0. 0. 0. 0. 0. 0. 0. 0. 0. 0.]
  [0. 0. 0. 0. 0. 0. 0. 0. 0. 0. 0. 0.]
  [0. 0. 0. 0. 0. 0. 0. 0. 0. 0. 0. 0.]
  [0. 0. 0. 0. 0. 0. 0. 0. 0. 0. 0. 0.]]]	[[[0.]
  [0.]
  [0.]
  [0.]]]	[[1. 1. 0. 0.]]	[[ 0.07077253 -0.37772653]]	[[-2.0781357  -0.37772653]]	0	-2.1347538648388147	0.07077253
[[0]]	[[1]]	[[0 0 0 5 5 0 0 1 0 0 0 0]]	[[0 0 0 1 0 0 0 0 0 0 0 0]]	[[0. 0. 0. 0. 0. 0. 0. 0. 0. 0. 0. 0.]]	[[[0. 0. 0. 0. 0. 0. 0. 0. 0. 0. 0. 0.]
  [0. 0. 0. 0. 0. 0. 0. 0. 0. 0. 0. 0.]
  [0. 0. 0. 0. 0. 0. 0. 0. 0. 0. 0. 0.]
  [0. 0. 0. 0. 0. 0. 0. 0. 0. 0. 0. 0.]]]	[[[0.]
  [0.]
  [0.]
  [0.]]]	[[1. 1. 0. 0.]]	[[ 0.07077253 -0.37772653]]	[[-4.5521455  -0.37772653]]	0	-4.608763716583543	0.07077253
[[0]]	[[1]]	[[0 0 0 5 5 0 0 1 0 0 0 0]]	[[0 0 0 1 0 0 0 0 0 0 0 0]]	[[0. 0. 0. 0. 0. 0. 0. 0. 0. 0. 0. 0.]]	[[[0. 0. 0. 0. 0. 0. 0. 0. 0. 0. 0. 0.]
  [0. 0. 0. 0. 0. 0. 0. 0. 0. 0. 0. 0.]
  [0. 0. 0. 0. 0. 0. 0. 0. 0. 0. 0. 0.]
  [0. 0. 0. 0. 0. 0. 0. 0. 0. 0. 0. 0.]]]	[[[0.]
  [0.]
  [0.]
  [0.]]]	[[1. 1. 0. 0.]]	[[ 0.07077253 -0.37772653]]	[[-1.1628915  -0.37772653]]	0	-1.219509511431813	0.07077253
[[0]]	[[1]]	[[0 0 0 5 5 0 0 1 0 0 0 0]]	[[0 0 0 1 0 0 0 0 0 0 0 0]]	[[0. 0. 0. 0. 0. 0. 0. 0. 0. 0. 0. 0.]]	[[[0. 0. 0. 0. 0. 0. 0. 0. 0. 0. 0. 0.]
  [0. 0. 0. 0. 0. 0. 0. 0. 0. 0. 0. 0.]
  [0. 0. 0. 0. 0. 0. 0. 0. 0. 0. 0. 0.]
  [0. 0. 0. 0. 0. 0. 0. 0. 0. 0. 0. 0.]]]	[[[0.]
  [0.]
  [0.]
  [0.]]]	[[1. 1. 0. 0.]]	[[ 0.07077253 -0.37772653]]	[[-0.31818727 -0.37772653]]	0	-0.374805290722817	0.07077253
[[0]]	[[1]]	[[0 0 0 5 5 0 0 1 0 0 0 0]]	[[0 0 0 1 0 0 0 0 0 0 0 0]]	[[0. 0. 0. 0. 0. 0. 0. 0. 0. 0. 0. 0.]]	[[[0. 0. 0. 0. 0. 0. 0. 0. 0. 0. 0. 0.]
  [0. 0. 0. 0. 0. 0. 0. 0. 0. 0. 0. 0.]
  [0. 0. 0. 0. 0. 0. 0. 0. 0. 0. 0. 0.]
  [0. 0. 0. 0. 0. 0. 0. 0. 0. 0. 0. 0.]]]	[[[0.]
  [0.]
  [0.]
  [0.]]]	[[1. 1. 0. 0.]]	[[ 0.07077253 -0.37772653]]	[[-4.79776    -0.37772653]]	0	-4.854378248110138	0.07077253
[[0]]	[[1]]	[[0 0 0 5 5 0 0 1 0 0 0 0]]	[[0 0 0 1 0 0 0 0 0 0 0 0]]	[[0. 0. 0. 0. 0. 0. 0. 0. 0. 0. 0. 0.]]	[[[0. 0. 0. 0. 0. 0. 0. 0. 0. 0. 0. 0.]
  [0. 0. 0. 0. 0. 0. 0. 0. 0. 0. 0. 0.]
  [0. 0. 0. 0. 0. 0. 0. 0. 0. 0. 0. 0.]
  [0. 0. 0. 0. 0. 0. 0. 0. 0. 0. 0. 0.]]]	[[[0.]
  [0.]
  [0.]
  [0.]]]	[[1. 1. 0. 0.]]	[[ 0.07077253 -0.37772653]]	[[-3.2211828  -0.37772653]]	0	-3.2778008885800185	0.07077253
[[0]]	[[1]]	[[0 0 0 5 5 0 0 1 0 0 0 0]]	[[0 0 0 1 0 0 0 0 0 0 0 0]]	[[0. 0. 0. 0. 0. 0. 0. 0. 0. 0. 0. 0.]]	[[[0. 0. 0. 0. 0. 0. 0. 0. 0. 0. 0. 0.]
  [0. 0. 0. 0. 0. 0. 0. 0. 0. 0. 0. 0.]
  [0. 0. 0. 0. 0. 0. 0. 0. 0. 0. 0. 0.]
  [0. 0. 0. 0. 0. 0. 0. 0. 0. 0. 0. 0.]]]	[[[0.]
  [0.]
  [0.]
  [0.]]]	[[1. 1. 0. 0.]]	[[ 0.07077253 -0.37772653]]	[[-0.63125616 -0.37772653]]	0	-0.6878741591818501	0.07077253
[[0]]	[[1]]	[[0 0 0 5 5 0 0 1 0 0 0 0]]	[[0 0 0 1 0 0 0 0 0 0 0 0]]	[[0. 0. 0. 0. 0. 0. 0. 0. 0. 0. 0. 0.]]	[[[0. 0. 0. 0. 0. 0. 0. 0. 0. 0. 0. 0.]
  [0. 0. 0. 0. 0. 0. 0. 0. 0. 0. 0. 0.]
  [0. 0. 0. 0. 0. 0. 0. 0. 0. 0. 0. 0.]
  [0. 0. 0. 0. 0. 0. 0. 0. 0. 0. 0. 0.]]]	[[[0.]
  [0.]
  [0.]
  [0.]]]	[[1. 1. 0. 0.]]	[[ 0.07077253 -0.37772653]]	[[-1.7293792  -0.37772653]]	0	-1.7859972253019116	0.07077253
[[0]]	[[1]]	[[0 0 0 5 5 0 0 1 0 0 0 0]]	[[0 0 0 1 0 0 0 0 0 0 0 0]]	[[0. 0. 0. 0. 0. 0. 0. 0. 0. 0. 0. 0.]]	[[[0. 0. 0. 0. 0. 0. 0. 0. 0. 0. 0. 0.]
  [0. 0. 0. 0. 0. 0. 0. 0. 0. 0. 0. 0.]
  [0. 0. 0. 0. 0. 0. 0. 0. 0. 0. 0. 0.]
  [0. 0. 0. 0. 0. 0. 0. 0. 0. 0. 0. 0.]]]	[[[0.]
  [0.]
  [0.]
  [0.]]]	[[1. 1. 0. 0.]]	[[ 0.07077253 -0.37772653]]	[[-1.6177355  -0.37772653]]	0	-1.6743535869224293	0.07077253
[[0]]	[[1]]	[[0 0 0 5 5 0 0 1 0 0 0 0]]	[[0 0 0 1 0 0 0 0 0 0 0 0]]	[[0. 0. 0. 0. 0. 0. 0. 0. 0. 0. 0. 0.]]	[[[0. 0. 0. 0. 0. 0. 0. 0. 0. 0. 0. 0.]
  [0. 0. 0. 0. 0. 0. 0. 0. 0. 0. 0. 0.]
  [0. 0. 0. 0. 0. 0. 0. 0. 0. 0. 0. 0.]
  [0. 0. 0. 0. 0. 0. 0. 0. 0. 0. 0. 0.]]]	[[[0.]
  [0.]
  [0.]
  [0.]]]	[[1. 1. 0. 0.]]	[[ 0.07077253 -0.37772653]]	[[-5.314382   -0.37772653]]	0	-5.371000273178287	0.07077253
[[0]]	[[1]]	[[0 0 1 0 0 4 0 0 0 0 0 0]]	[[0 0 0 0 0 0 0 0 0 0 0 0]]	[[0. 0. 0. 0. 0. 0. 0. 0. 0. 0. 0. 0.]]	[[[0. 0. 0. 0. 0. 0. 0. 0. 0. 0. 0. 0.]
  [0. 0. 0. 1. 0. 0. 0. 0. 0. 0. 0. 0.]
  [0. 0. 0. 0. 0. 0. 0. 0. 0. 0. 0. 0.]
  [0. 0. 0. 0. 0. 0. 0. 0. 0. 0. 0. 0.]]]	[[[0.]
  [0.]
  [0.]
  [0.]]]	[[1. 1. 0. 0.]]	[[-0.42468226 -0.29913697]]	[[-0.42468226 -2.6991053 ]]	1	-2.4597955846047372	-0.29913697
[[0]]	[[1]]	[[0 0 1 0 0 4 0 0 0 0 0 0]]	[[0 0 0 0 0 0 0 0 0 0 0 0]]	[[0. 0. 0. 0. 0. 0. 0. 0. 0. 0. 0. 0.]]	[[[0. 0. 0. 0. 0. 0. 0. 0. 0. 0. 0. 0.]
  [0. 0. 0. 1. 0. 0. 0. 0. 0. 0. 0. 0.]
  [0. 0. 0. 0. 0. 0. 0. 0. 0. 0. 0. 0.]
  [0. 0. 0. 0. 0. 0. 0. 0. 0. 0. 0. 0.]]]	[[[0.]
  [0.]
  [0.]
  [0.]]]	[[1. 1. 0. 0.]]	[[-0.42468226 -0.29913697]]	[[-0.42468226 -3.2463663 ]]	1	-3.0070565702165437	-0.29913697
[[0]]	[[1]]	[[0 0 1 0 0 4 0 0 0 0 0 0]]	[[0 0 0 0 0 0 0 0 0 0 0 0]]	[[0. 0. 0. 0. 0. 0. 0. 0. 0. 0. 0. 0.]]	[[[0. 0. 0. 0. 0. 0. 0. 0. 0. 0. 0. 0.]
  [0. 0. 0. 1. 0. 0. 0. 0. 0. 0. 0. 0.]
  [0. 0. 0. 0. 0. 0. 0. 0. 0. 0. 0. 0.]
  [0. 0. 0. 0. 0. 0. 0. 0. 0. 0. 0. 0.]]]	[[[0.]
  [0.]
  [0.]
  [0.]]]	[[1. 1. 0. 0.]]	[[-0.42468226 -0.29913697]]	[[-0.42468226 -1.4345922 ]]	1	-1.1952827116810874	-0.29913697
[[0]]	[[1]]	[[0 0 1 0 0 4 0 0 0 0 0 0]]	[[0 0 0 0 0 0 0 0 0 0 0 0]]	[[0. 0. 0. 0. 0. 0. 0. 0. 0. 0. 0. 0.]]	[[[0. 0. 0. 0. 0. 0. 0. 0. 0. 0. 0. 0.]
  [0. 0. 0. 1. 0. 0. 0. 0. 0. 0. 0. 0.]
  [0. 0. 0. 0. 0. 0. 0. 0. 0. 0. 0. 0.]
  [0. 0. 0. 0. 0. 0. 0. 0. 0. 0. 0. 0.]]]	[[[0.]
  [0.]
  [0.]
  [0.]]]	[[1. 1. 0. 0.]]	[[-0.42468226 -0.29913697]]	[[-0.42468226 -2.4495602 ]]	1	-2.210250575119295	-0.29913697
[[0]]	[[1]]	[[0 0 1 0 0 4 0 0 0 0 0 0]]	[[0 0 0 0 0 0 0 0 0 0 0 0]]	[[0. 0. 0. 0. 0. 0. 0. 0. 0. 0. 0. 0.]]	[[[0. 0. 0. 0. 0. 0. 0. 0. 0. 0. 0. 0.]
  [0. 0. 0. 1. 0. 0. 0. 0. 0. 0. 0. 0.]
  [0. 0. 0. 0. 0. 0. 0. 0. 0. 0. 0. 0.]
  [0. 0. 0. 0. 0. 0. 0. 0. 0. 0. 0. 0.]]]	[[[0.]
  [0.]
  [0.]
  [0.]]]	[[1. 1. 0. 0.]]	[[-0.42468226 -0.29913697]]	[[-0.42468226 -2.8801079 ]]	1	-2.640798186886643	-0.29913697
[[0]]	[[1]]	[[0 0 1 0 0 4 0 0 0 0 0 0]]	[[0 0 0 0 0 0 0 0 0 0 0 0]]	[[0. 0. 0. 0. 0. 0. 0. 0. 0. 0. 0. 0.]]	[[[0. 0. 0. 0. 0. 0. 0. 0. 0. 0. 0. 0.]
  [0. 0. 0. 1. 0. 0. 0. 0. 0. 0. 0. 0.]
  [0. 0. 0. 0. 0. 0. 0. 0. 0. 0. 0. 0.]
  [0. 0. 0. 0. 0. 0. 0. 0. 0. 0. 0. 0.]]]	[[[0.]
  [0.]
  [0.]
  [0.]]]	[[1. 1. 0. 0.]]	[[-0.42468226 -0.29913697]]	[[-0.42468226 -3.9413283 ]]	1	-3.7020187280517836	-0.29913697
[[0]]	[[1]]	[[0 0 1 0 0 4 0 0 0 0 0 0]]	[[0 0 0 0 0 0 0 0 0 0 0 0]]	[[0. 0. 0. 0. 0. 0. 0. 0. 0. 0. 0. 0.]]	[[[0. 0. 0. 0. 0. 0. 0. 0. 0. 0. 0. 0.]
  [0. 0. 0. 1. 0. 0. 0. 0. 0. 0. 0. 0.]
  [0. 0. 0. 0. 0. 0. 0. 0. 0. 0. 0. 0.]
  [0. 0. 0. 0. 0. 0. 0. 0. 0. 0. 0. 0.]]]	[[[0.]
  [0.]
  [0.]
  [0.]]]	[[1. 1. 0. 0.]]	[[-0.42468226 -0.29913697]]	[[-0.42468226 -3.422069  ]]	1	-3.1827593875820526	-0.29913697
[[0]]	[[1]]	[[0 0 1 0 0 4 0 0 0 0 0 0]]	[[0 0 0 0 0 0 0 0 0 0 0 0]]	[[0. 0. 0. 0. 0. 0. 0. 0. 0. 0. 0. 0.]]	[[[0. 0. 0. 0. 0. 0. 0. 0. 0. 0. 0. 0.]
  [0. 0. 0. 1. 0. 0. 0. 0. 0. 0. 0. 0.]
  [0. 0. 0. 0. 0. 0. 0. 0. 0. 0. 0. 0.]
  [0. 0. 0. 0. 0. 0. 0. 0. 0. 0. 0. 0.]]]	[[[0.]
  [0.]
  [0.]
  [0.]]]	[[1. 1. 0. 0.]]	[[-0.42468226 -0.29913697]]	[[-0.42468226 -3.3505828 ]]	1	-3.1112732638366745	-0.29913697
[[0]]	[[1]]	[[0 0 1 0 0 4 0 0 0 0 0 0]]	[[0 0 0 0 0 0 0 0 0 0 0 0]]	[[0. 0. 0. 0. 0. 0. 0. 0. 0. 0. 0. 0.]]	[[[0. 0. 0. 0. 0. 0. 0. 0. 0. 0. 0. 0.]
  [0. 0. 0. 1. 0. 0. 0. 0. 0. 0. 0. 0.]
  [0. 0. 0. 0. 0. 0. 0. 0. 0. 0. 0. 0.]
  [0. 0. 0. 0. 0. 0. 0. 0. 0. 0. 0. 0.]]]	[[[0.]
  [0.]
  [0.]
  [0.]]]	[[1. 1. 0. 0.]]	[[-0.42468226 -0.29913697]]	[[-0.42468226 -5.060654  ]]	1	-4.821344402970785	-0.29913697
[[0]]	[[1]]	[[0 0 1 0 0 4 0 0 0 0 0 0]]	[[0 0 0 0 0 0 0 0 0 0 0 0]]	[[0. 0. 0. 0. 0. 0. 0. 0. 0. 0. 0. 0.]]	[[[0. 0. 0. 0. 0. 0. 0. 0. 0. 0. 0. 0.]
  [0. 0. 0. 1. 0. 0. 0. 0. 0. 0. 0. 0.]
  [0. 0. 0. 0. 0. 0. 0. 0. 0. 0. 0. 0.]
  [0. 0. 0. 0. 0. 0. 0. 0. 0. 0. 0. 0.]]]	[[[0.]
  [0.]
  [0.]
  [0.]]]	[[1. 1. 0. 0.]]	[[-0.42468226 -0.29913697]]	[[-0.42468226 -3.9395006 ]]	1	-3.700191033070233	-0.29913697
[[0]]	[[1]]	[[0 0 1 0 0 4 0 0 0 0 0 0]]	[[0 0 0 0 0 0 0 0 0 0 0 0]]	[[0. 0. 0. 0. 0. 0. 0. 0. 0. 0. 0. 0.]]	[[[0. 0. 0. 0. 0. 0. 0. 0. 0. 0. 0. 0.]
  [0. 0. 0. 1. 0. 0. 0. 0. 0. 0. 0. 0.]
  [0. 0. 0. 0. 0. 0. 0. 0. 0. 0. 0. 0.]
  [0. 0. 0. 0. 0. 0. 0. 0. 0. 0. 0. 0.]]]	[[[0.]
  [0.]
  [0.]
  [0.]]]	[[1. 1. 0. 0.]]	[[-0.42468226 -0.29913697]]	[[-0.42468226 -4.053126  ]]	1	-3.813816446396037	-0.29913697
[[0]]	[[1]]	[[0 0 1 0 0 4 0 0 0 0 0 0]]	[[0 0 0 0 0 0 0 0 0 0 0 0]]	[[0. 0. 0. 0. 0. 0. 0. 0. 0. 0. 0. 0.]]	[[[0. 0. 0. 0. 0. 0. 0. 0. 0. 0. 0. 0.]
  [0. 0. 0. 1. 0. 0. 0. 0. 0. 0. 0. 0.]
  [0. 0. 0. 0. 0. 0. 0. 0. 0. 0. 0. 0.]
  [0. 0. 0. 0. 0. 0. 0. 0. 0. 0. 0. 0.]]]	[[[0.]
  [0.]
  [0.]
  [0.]]]	[[1. 1. 0. 0.]]	[[-0.42468226 -0.29913697]]	[[-0.42468226 -1.9224002 ]]	1	-1.6830906904618583	-0.29913697
[[0]]	[[1]]	[[0 0 1 0 0 4 0 0 0 0 0 0]]	[[0 0 0 0 0 0 0 0 0 0 0 0]]	[[0. 0. 0. 0. 0. 0. 0. 0. 0. 0. 0. 0.]]	[[[0. 0. 0. 0. 0. 0. 0. 0. 0. 0. 0. 0.]
  [0. 0. 0. 1. 0. 0. 0. 0. 0. 0. 0. 0.]
  [0. 0. 0. 0. 0. 0. 0. 0. 0. 0. 0. 0.]
  [0. 0. 0. 0. 0. 0. 0. 0. 0. 0. 0. 0.]]]	[[[0.]
  [0.]
  [0.]
  [0.]]]	[[1. 1. 0. 0.]]	[[-0.42468226 -0.29913697]]	[[-0.42468226 -2.3923898 ]]	1	-2.1530801637772754	-0.29913697
[[0]]	[[1]]	[[0 0 1 0 0 4 0 0 0 0 0 0]]	[[0 0 0 0 0 0 0 0 0 0 0 0]]	[[0. 0. 0. 0. 0. 0. 0. 0. 0. 0. 0. 0.]]	[[[0. 0. 0. 0. 0. 0. 0. 0. 0. 0. 0. 0.]
  [0. 0. 0. 1. 0. 0. 0. 0. 0. 0. 0. 0.]
  [0. 0. 0. 0. 0. 0. 0. 0. 0. 0. 0. 0.]
  [0. 0. 0. 0. 0. 0. 0. 0. 0. 0. 0. 0.]]]	[[[0.]
  [0.]
  [0.]
  [0.]]]	[[1. 1. 0. 0.]]	[[-0.42468226 -0.29913697]]	[[-0.42468226 -2.7694407 ]]	1	-2.5301311274418787	-0.29913697
[[0]]	[[1]]	[[0 0 1 0 0 4 0 0 0 0 0 0]]	[[0 0 0 0 0 0 0 0 0 0 0 0]]	[[0. 0. 0. 0. 0. 0. 0. 0. 0. 0. 0. 0.]]	[[[0. 0. 0. 0. 0. 0. 0. 0. 0. 0. 0. 0.]
  [0. 0. 0. 1. 0. 0. 0. 0. 0. 0. 0. 0.]
  [0. 0. 0. 0. 0. 0. 0. 0. 0. 0. 0. 0.]
  [0. 0. 0. 0. 0. 0. 0. 0. 0. 0. 0. 0.]]]	[[[0.]
  [0.]
  [0.]
  [0.]]]	[[1. 1. 0. 0.]]	[[-0.42468226 -0.29913697]]	[[-0.42468226 -3.3590963 ]]	1	-3.1197867486794113	-0.29913697
[[0]]	[[1]]	[[0 0 1 0 0 4 0 0 0 0 0 0]]	[[0 0 0 0 0 0 0 0 0 0 0 0]]	[[0. 0. 0. 0. 0. 0. 0. 0. 0. 0. 0. 0.]]	[[[0. 0. 0. 0. 0. 0. 0. 0. 0. 0. 0. 0.]
  [0. 0. 0. 1. 0. 0. 0. 0. 0. 0. 0. 0.]
  [0. 0. 0. 0. 0. 0. 0. 0. 0. 0. 0. 0.]
  [0. 0. 0. 0. 0. 0. 0. 0. 0. 0. 0. 0.]]]	[[[0.]
  [0.]
  [0.]
  [0.]]]	[[1. 1. 0. 0.]]	[[-0.42468226 -0.29913697]]	[[-0.42468226 -1.6137396 ]]	1	-1.3744300012253692	-0.29913697
[[0]]	[[1]]	[[0 0 1 0 0 4 0 0 0 0 0 0]]	[[0 0 0 0 0 0 0 0 0 0 0 0]]	[[0. 0. 0. 0. 0. 0. 0. 0. 0. 0. 0. 0.]]	[[[0. 0. 0. 0. 0. 0. 0. 0. 0. 0. 0. 0.]
  [0. 0. 0. 1. 0. 0. 0. 0. 0. 0. 0. 0.]
  [0. 0. 0. 0. 0. 0. 0. 0. 0. 0. 0. 0.]
  [0. 0. 0. 0. 0. 0. 0. 0. 0. 0. 0. 0.]]]	[[[0.]
  [0.]
  [0.]
  [0.]]]	[[1. 1. 0. 0.]]	[[-0.42468226 -0.29913697]]	[[-0.42468226 -1.8823214 ]]	1	-1.6430117842553063	-0.29913697
[[0]]	[[1]]	[[0 0 1 0 0 4 0 0 0 0 0 0]]	[[0 0 0 0 0 0 0 0 0 0 0 0]]	[[0. 0. 0. 0. 0. 0. 0. 0. 0. 0. 0. 0.]]	[[[0. 0. 0. 0. 0. 0. 0. 0. 0. 0. 0. 0.]
  [0. 0. 0. 1. 0. 0. 0. 0. 0. 0. 0. 0.]
  [0. 0. 0. 0. 0. 0. 0. 0. 0. 0. 0. 0.]
  [0. 0. 0. 0. 0. 0. 0. 0. 0. 0. 0. 0.]]]	[[[0.]
  [0.]
  [0.]
  [0.]]]	[[1. 1. 0. 0.]]	[[-0.42468226 -0.29913697]]	[[-0.42468226 -2.0923214 ]]	1	-1.8530117336230187	-0.29913697
[[0]]	[[1]]	[[0 0 1 0 0 4 0 0 0 0 0 0]]	[[0 0 0 0 0 0 0 0 0 0 0 0]]	[[0. 0. 0. 0. 0. 0. 0. 0. 0. 0. 0. 0.]]	[[[0. 0. 0. 0. 0. 0. 0. 0. 0. 0. 0. 0.]
  [0. 0. 0. 1. 0. 0. 0. 0. 0. 0. 0. 0.]
  [0. 0. 0. 0. 0. 0. 0. 0. 0. 0. 0. 0.]
  [0. 0. 0. 0. 0. 0. 0. 0. 0. 0. 0. 0.]]]	[[[0.]
  [0.]
  [0.]
  [0.]]]	[[1. 1. 0. 0.]]	[[-0.42468226 -0.29913697]]	[[-0.42468226 -3.460316  ]]	1	-3.2210064589952028	-0.29913697
[[0]]	[[1]]	[[0 0 1 0 0 4 0 0 0 0 0 0]]	[[0 0 0 0 0 0 0 0 0 0 0 0]]	[[0. 0. 0. 0. 0. 0. 0. 0. 0. 0. 0. 0.]]	[[[0. 0. 0. 0. 0. 0. 0. 0. 0. 0. 0. 0.]
  [0. 0. 0. 1. 0. 0. 0. 0. 0. 0. 0. 0.]
  [0. 0. 0. 0. 0. 0. 0. 0. 0. 0. 0. 0.]
  [0. 0. 0. 0. 0. 0. 0. 0. 0. 0. 0. 0.]]]	[[[0.]
  [0.]
  [0.]
  [0.]]]	[[1. 1. 0. 0.]]	[[-0.42468226 -0.29913697]]	[[-0.42468226 -2.5503132 ]]	1	-2.311003689322707	-0.29913697
[[0]]	[[1]]	[[0 0 1 0 0 4 0 0 0 0 0 0]]	[[0 0 0 0 0 0 0 0 0 0 0 0]]	[[0. 0. 0. 0. 0. 0. 0. 0. 0. 0. 0. 0.]]	[[[0. 0. 0. 0. 0. 0. 0. 0. 0. 0. 0. 0.]
  [0. 0. 0. 1. 0. 0. 0. 0. 0. 0. 0. 0.]
  [0. 0. 0. 0. 0. 0. 0. 0. 0. 0. 0. 0.]
  [0. 0. 0. 0. 0. 0. 0. 0. 0. 0. 0. 0.]]]	[[[0.]
  [0.]
  [0.]
  [0.]]]	[[1. 1. 0. 0.]]	[[-0.42468226 -0.29913697]]	[[-0.42468226 -1.273099  ]]	1	-1.0337893332215462	-0.29913697
[[0]]	[[1]]	[[0 0 1 0 0 4 0 0 0 0 0 0]]	[[0 0 0 0 0 0 0 0 0 0 0 0]]	[[0. 0. 0. 0. 0. 0. 0. 0. 0. 0. 0. 0.]]	[[[0. 0. 0. 0. 0. 0. 0. 0. 0. 0. 0. 0.]
  [0. 0. 0. 1. 0. 0. 0. 0. 0. 0. 0. 0.]
  [0. 0. 0. 0. 0. 0. 0. 0. 0. 0. 0. 0.]
  [0. 0. 0. 0. 0. 0. 0. 0. 0. 0. 0. 0.]]]	[[[0.]
  [0.]
  [0.]
  [0.]]]	[[1. 1. 0. 0.]]	[[-0.42468226 -0.29913697]]	[[-0.42468226 -1.3177255 ]]	1	-1.0784159122556105	-0.29913697
[[0]]	[[1]]	[[0 0 1 0 0 4 0 0 0 0 0 0]]	[[0 0 0 0 0 0 0 0 0 0 0 0]]	[[0. 0. 0. 0. 0. 0. 0. 0. 0. 0. 0. 0.]]	[[[0. 0. 0. 0. 0. 0. 0. 0. 0. 0. 0. 0.]
  [0. 0. 0. 1. 0. 0. 0. 0. 0. 0. 0. 0.]
  [0. 0. 0. 0. 0. 0. 0. 0. 0. 0. 0. 0.]
  [0. 0. 0. 0. 0. 0. 0. 0. 0. 0. 0. 0.]]]	[[[0.]
  [0.]
  [0.]
  [0.]]]	[[1. 1. 0. 0.]]	[[-0.42468226 -0.29913697]]	[[-0.42468226 -3.027512  ]]	1	-2.78820251810753	-0.29913697
[[0]]	[[1]]	[[0 0 1 0 0 4 0 0 0 0 0 0]]	[[0 0 0 0 0 0 0 0 0 0 0 0]]	[[0. 0. 0. 0. 0. 0. 0. 0. 0. 0. 0. 0.]]	[[[0. 0. 0. 0. 0. 0. 0. 0. 0. 0. 0. 0.]
  [0. 0. 0. 1. 0. 0. 0. 0. 0. 0. 0. 0.]
  [0. 0. 0. 0. 0. 0. 0. 0. 0. 0. 0. 0.]
  [0. 0. 0. 0. 0. 0. 0. 0. 0. 0. 0. 0.]]]	[[[0.]
  [0.]
  [0.]
  [0.]]]	[[1. 1. 0. 0.]]	[[-0.42468226 -0.29913697]]	[[-0.42468226 -4.649523  ]]	1	-4.410213374597354	-0.29913697
[[0]]	[[1]]	[[0 0 1 0 0 4 0 0 0 0 0 0]]	[[0 0 0 0 0 0 0 0 0 0 0 0]]	[[0. 0. 0. 0. 0. 0. 0. 0. 0. 0. 0. 0.]]	[[[0. 0. 0. 0. 0. 0. 0. 0. 0. 0. 0. 0.]
  [0. 0. 0. 1. 0. 0. 0. 0. 0. 0. 0. 0.]
  [0. 0. 0. 0. 0. 0. 0. 0. 0. 0. 0. 0.]
  [0. 0. 0. 0. 0. 0. 0. 0. 0. 0. 0. 0.]]]	[[[0.]
  [0.]
  [0.]
  [0.]]]	[[1. 1. 0. 0.]]	[[-0.42468226 -0.29913697]]	[[-0.42468226 -3.8195426 ]]	1	-3.5802329596838995	-0.29913697
[[0]]	[[1]]	[[0 0 1 0 0 4 0 0 0 0 0 0]]	[[0 0 0 0 0 0 0 0 0 0 0 0]]	[[0. 0. 0. 0. 0. 0. 0. 0. 0. 0. 0. 0.]]	[[[0. 0. 0. 0. 0. 0. 0. 0. 0. 0. 0. 0.]
  [0. 0. 0. 1. 0. 0. 0. 0. 0. 0. 0. 0.]
  [0. 0. 0. 0. 0. 0. 0. 0. 0. 0. 0. 0.]
  [0. 0. 0. 0. 0. 0. 0. 0. 0. 0. 0. 0.]]]	[[[0.]
  [0.]
  [0.]
  [0.]]]	[[1. 1. 0. 0.]]	[[-0.42468226 -0.29913697]]	[[-0.42468226 -1.7428595 ]]	1	-1.5035498936844713	-0.29913697
[[0]]	[[1]]	[[0 0 1 0 0 4 0 0 0 0 0 0]]	[[0 0 0 0 0 0 0 0 0 0 0 0]]	[[0. 0. 0. 0. 0. 0. 0. 0. 0. 0. 0. 0.]]	[[[0. 0. 0. 0. 0. 0. 0. 0. 0. 0. 0. 0.]
  [0. 0. 0. 1. 0. 0. 0. 0. 0. 0. 0. 0.]
  [0. 0. 0. 0. 0. 0. 0. 0. 0. 0. 0. 0.]
  [0. 0. 0. 0. 0. 0. 0. 0. 0. 0. 0. 0.]]]	[[[0.]
  [0.]
  [0.]
  [0.]]]	[[1. 1. 0. 0.]]	[[-0.42468226 -0.29913697]]	[[-0.42468226 -3.6085794 ]]	1	-3.3692697496106034	-0.29913697
[[0]]	[[1]]	[[0 0 1 0 0 4 0 0 0 0 0 0]]	[[0 0 0 0 0 0 0 0 0 0 0 0]]	[[0. 0. 0. 0. 0. 0. 0. 0. 0. 0. 0. 0.]]	[[[0. 0. 0. 0. 0. 0. 0. 0. 0. 0. 0. 0.]
  [0. 0. 0. 1. 0. 0. 0. 0. 0. 0. 0. 0.]
  [0. 0. 0. 0. 0. 0. 0. 0. 0. 0. 0. 0.]
  [0. 0. 0. 0. 0. 0. 0. 0. 0. 0. 0. 0.]]]	[[[0.]
  [0.]
  [0.]
  [0.]]]	[[1. 1. 0. 0.]]	[[-0.42468226 -0.29913697]]	[[-0.42468226 -3.1813219 ]]	1	-2.942012181413895	-0.29913697
[[0]]	[[1]]	[[0 0 1 0 0 4 0 0 0 0 0 0]]	[[0 0 0 0 0 0 0 0 0 0 0 0]]	[[0. 0. 0. 0. 0. 0. 0. 0. 0. 0. 0. 0.]]	[[[0. 0. 0. 0. 0. 0. 0. 0. 0. 0. 0. 0.]
  [0. 0. 0. 1. 0. 0. 0. 0. 0. 0. 0. 0.]
  [0. 0. 0. 0. 0. 0. 0. 0. 0. 0. 0. 0.]
  [0. 0. 0. 0. 0. 0. 0. 0. 0. 0. 0. 0.]]]	[[[0.]
  [0.]
  [0.]
  [0.]]]	[[1. 1. 0. 0.]]	[[-0.42468226 -0.29913697]]	[[-0.42468226 -2.9075737 ]]	1	-2.668264021086041	-0.29913697
[[0]]	[[1]]	[[0 0 1 0 0 4 0 0 0 0 0 0]]	[[0 0 0 0 0 0 0 0 0 0 0 0]]	[[0. 0. 0. 0. 0. 0. 0. 0. 0. 0. 0. 0.]]	[[[0. 0. 0. 0. 0. 0. 0. 0. 0. 0. 0. 0.]
  [0. 0. 0. 1. 0. 0. 0. 0. 0. 0. 0. 0.]
  [0. 0. 0. 0. 0. 0. 0. 0. 0. 0. 0. 0.]
  [0. 0. 0. 0. 0. 0. 0. 0. 0. 0. 0. 0.]]]	[[[0.]
  [0.]
  [0.]
  [0.]]]	[[1. 1. 0. 0.]]	[[-0.42468226 -0.29913697]]	[[-0.42468226 -2.3504307 ]]	1	-2.111121263486413	-0.29913697
[[0]]	[[1]]	[[0 0 1 0 0 4 0 0 0 0 0 0]]	[[0 0 0 0 0 0 0 0 0 0 0 0]]	[[0. 0. 0. 0. 0. 0. 0. 0. 0. 0. 0. 0.]]	[[[0. 0. 0. 0. 0. 0. 0. 0. 0. 0. 0. 0.]
  [0. 0. 0. 1. 0. 0. 0. 0. 0. 0. 0. 0.]
  [0. 0. 0. 0. 0. 0. 0. 0. 0. 0. 0. 0.]
  [0. 0. 0. 0. 0. 0. 0. 0. 0. 0. 0. 0.]]]	[[[0.]
  [0.]
  [0.]
  [0.]]]	[[1. 1. 0. 0.]]	[[-0.42468226 -0.29913697]]	[[-0.42468226 -4.0720243 ]]	1	-3.8327145832570344	-0.29913697
[[0]]	[[1]]	[[0 0 1 0 0 4 0 0 0 0 0 0]]	[[0 0 0 0 0 0 0 0 0 0 0 0]]	[[0. 0. 0. 0. 0. 0. 0. 0. 0. 0. 0. 0.]]	[[[0. 0. 0. 0. 0. 0. 0. 0. 0. 0. 0. 0.]
  [0. 0. 0. 1. 0. 0. 0. 0. 0. 0. 0. 0.]
  [0. 0. 0. 0. 0. 0. 0. 0. 0. 0. 0. 0.]
  [0. 0. 0. 0. 0. 0. 0. 0. 0. 0. 0. 0.]]]	[[[0.]
  [0.]
  [0.]
  [0.]]]	[[1. 1. 0. 0.]]	[[-0.42468226 -0.29913697]]	[[-0.42468226 -5.3472004 ]]	1	-5.107890910312964	-0.29913697
[[0]]	[[1]]	[[0 0 1 0 0 4 0 0 0 0 0 0]]	[[0 0 0 0 0 0 0 0 0 0 0 0]]	[[0. 0. 0. 0. 0. 0. 0. 0. 0. 0. 0. 0.]]	[[[0. 0. 0. 0. 0. 0. 0. 0. 0. 0. 0. 0.]
  [0. 0. 0. 1. 0. 0. 0. 0. 0. 0. 0. 0.]
  [0. 0. 0. 0. 0. 0. 0. 0. 0. 0. 0. 0.]
  [0. 0. 0. 0. 0. 0. 0. 0. 0. 0. 0. 0.]]]	[[[0.]
  [0.]
  [0.]
  [0.]]]	[[1. 1. 0. 0.]]	[[-0.42468226 -0.29913697]]	[[-0.42468226 -4.486245  ]]	1	-4.246935645312553	-0.29913697
[[0]]	[[1]]	[[0 0 1 0 0 4 0 0 0 0 0 0]]	[[0 0 0 0 0 0 0 0 0 0 0 0]]	[[0. 0. 0. 0. 0. 0. 0. 0. 0. 0. 0. 0.]]	[[[0. 0. 0. 0. 0. 0. 0. 0. 0. 0. 0. 0.]
  [0. 0. 0. 1. 0. 0. 0. 0. 0. 0. 0. 0.]
  [0. 0. 0. 0. 0. 0. 0. 0. 0. 0. 0. 0.]
  [0. 0. 0. 0. 0. 0. 0. 0. 0. 0. 0. 0.]]]	[[[0.]
  [0.]
  [0.]
  [0.]]]	[[1. 1. 0. 0.]]	[[-0.42468226 -0.29913697]]	[[-0.42468226 -2.0114594 ]]	1	-1.7721497226028027	-0.29913697
[[0]]	[[1]]	[[0 0 1 0 0 4 0 0 0 0 0 0]]	[[0 0 0 0 0 0 0 0 0 0 0 0]]	[[0. 0. 0. 0. 0. 0. 0. 0. 0. 0. 0. 0.]]	[[[0. 0. 0. 0. 0. 0. 0. 0. 0. 0. 0. 0.]
  [0. 0. 0. 1. 0. 0. 0. 0. 0. 0. 0. 0.]
  [0. 0. 0. 0. 0. 0. 0. 0. 0. 0. 0. 0.]
  [0. 0. 0. 0. 0. 0. 0. 0. 0. 0. 0. 0.]]]	[[[0.]
  [0.]
  [0.]
  [0.]]]	[[1. 1. 0. 0.]]	[[-0.42468226 -0.29913697]]	[[-0.42468226 -1.5140845 ]]	1	-1.274774856521074	-0.29913697
[[0]]	[[1]]	[[0 0 1 0 0 4 0 0 0 0 0 0]]	[[0 0 0 0 0 0 0 0 0 0 0 0]]	[[0. 0. 0. 0. 0. 0. 0. 0. 0. 0. 0. 0.]]	[[[0. 0. 0. 0. 0. 0. 0. 0. 0. 0. 0. 0.]
  [0. 0. 0. 1. 0. 0. 0. 0. 0. 0. 0. 0.]
  [0. 0. 0. 0. 0. 0. 0. 0. 0. 0. 0. 0.]
  [0. 0. 0. 0. 0. 0. 0. 0. 0. 0. 0. 0.]]]	[[[0.]
  [0.]
  [0.]
  [0.]]]	[[1. 1. 0. 0.]]	[[-0.42468226 -0.29913697]]	[[-0.42468226 -4.416888  ]]	1	-4.177578458698365	-0.29913697
[[0]]	[[1]]	[[0 0 1 0 0 4 0 0 0 0 0 0]]	[[0 0 0 0 0 0 0 0 0 0 0 0]]	[[0. 0. 0. 0. 0. 0. 0. 0. 0. 0. 0. 0.]]	[[[0. 0. 0. 0. 0. 0. 0. 0. 0. 0. 0. 0.]
  [0. 0. 0. 1. 0. 0. 0. 0. 0. 0. 0. 0.]
  [0. 0. 0. 0. 0. 0. 0. 0. 0. 0. 0. 0.]
  [0. 0. 0. 0. 0. 0. 0. 0. 0. 0. 0. 0.]]]	[[[0.]
  [0.]
  [0.]
  [0.]]]	[[1. 1. 0. 0.]]	[[-0.42468226 -0.29913697]]	[[-0.42468226 -2.4759157 ]]	1	-2.2366061807661684	-0.29913697
[[0]]	[[1]]	[[0 0 1 0 0 4 0 0 0 0 0 0]]	[[0 0 0 0 0 0 0 0 0 0 0 0]]	[[0. 0. 0. 0. 0. 0. 0. 0. 0. 0. 0. 0.]]	[[[0. 0. 0. 0. 0. 0. 0. 0. 0. 0. 0. 0.]
  [0. 0. 0. 1. 0. 0. 0. 0. 0. 0. 0. 0.]
  [0. 0. 0. 0. 0. 0. 0. 0. 0. 0. 0. 0.]
  [0. 0. 0. 0. 0. 0. 0. 0. 0. 0. 0. 0.]]]	[[[0.]
  [0.]
  [0.]
  [0.]]]	[[1. 1. 0. 0.]]	[[-0.42468226 -0.29913697]]	[[-0.42468226 -3.390412  ]]	1	-3.151102443778433	-0.29913697
[[0]]	[[1]]	[[0 0 1 0 0 4 0 0 0 0 0 0]]	[[0 0 0 0 0 0 0 0 0 0 0 0]]	[[0. 0. 0. 0. 0. 0. 0. 0. 0. 0. 0. 0.]]	[[[0. 0. 0. 0. 0. 0. 0. 0. 0. 0. 0. 0.]
  [0. 0. 0. 1. 0. 0. 0. 0. 0. 0. 0. 0.]
  [0. 0. 0. 0. 0. 0. 0. 0. 0. 0. 0. 0.]
  [0. 0. 0. 0. 0. 0. 0. 0. 0. 0. 0. 0.]]]	[[[0.]
  [0.]
  [0.]
  [0.]]]	[[1. 1. 0. 0.]]	[[-0.42468226 -0.29913697]]	[[-0.42468226 -2.0534167 ]]	1	-1.8141070343314214	-0.29913697
[[0]]	[[1]]	[[0 0 1 0 0 4 0 0 0 0 0 0]]	[[0 0 0 0 0 0 0 0 0 0 0 0]]	[[0. 0. 0. 0. 0. 0. 0. 0. 0. 0. 0. 0.]]	[[[0. 0. 0. 0. 0. 0. 0. 0. 0. 0. 0. 0.]
  [0. 0. 0. 1. 0. 0. 0. 0. 0. 0. 0. 0.]
  [0. 0. 0. 0. 0. 0. 0. 0. 0. 0. 0. 0.]
  [0. 0. 0. 0. 0. 0. 0. 0. 0. 0. 0. 0.]]]	[[[0.]
  [0.]
  [0.]
  [0.]]]	[[1. 1. 0. 0.]]	[[-0.42468226 -0.29913697]]	[[-0.42468226 -2.948864  ]]	1	-2.7095542926056644	-0.29913697
[[0]]	[[1]]	[[5 0 0 0 0 0 0 0 0 0 0 0]]	[[0 0 0 0 0 0 0 0 0 0 0 0]]	[[0. 0. 0. 0. 0. 0. 0. 0. 0. 0. 0. 0.]]	[[[0. 0. 0. 0. 0. 0. 0. 0. 0. 0. 0. 0.]
  [0. 0. 0. 1. 0. 0. 0. 0. 0. 0. 0. 0.]
  [0. 0. 0. 0. 0. 0. 0. 0. 0. 0. 0. 0.]
  [0. 0. 0. 0. 0. 0. 0. 0. 0. 0. 0. 0.]]]	[[[0.]
  [0.]
  [0.]
  [0.]]]	[[1. 1. 0. 0.]]	[[-0.6635082  0.6251829]]	[[-0.6635082 -1.2825621]]	1	-1.7827084726649238	0.6251829
[[0]]	[[1]]	[[5 0 0 0 0 0 0 0 0 0 0 0]]	[[0 0 0 0 0 0 0 0 0 0 0 0]]	[[0. 0. 0. 0. 0. 0. 0. 0. 0. 0. 0. 0.]]	[[[0. 0. 0. 0. 0. 0. 0. 0. 0. 0. 0. 0.]
  [0. 0. 0. 1. 0. 0. 0. 0. 0. 0. 0. 0.]
  [0. 0. 0. 0. 0. 0. 0. 0. 0. 0. 0. 0.]
  [0. 0. 0. 0. 0. 0. 0. 0. 0. 0. 0. 0.]]]	[[[0.]
  [0.]
  [0.]
  [0.]]]	[[1. 1. 0. 0.]]	[[-0.6635082  0.6251829]]	[[-0.6635082 -4.823726 ]]	1	-5.323872591134601	0.6251829
[[0]]	[[1]]	[[5 0 0 0 0 0 0 0 0 0 0 0]]	[[0 0 0 0 0 0 0 0 0 0 0 0]]	[[0. 0. 0. 0. 0. 0. 0. 0. 0. 0. 0. 0.]]	[[[0. 0. 0. 0. 0. 0. 0. 0. 0. 0. 0. 0.]
  [0. 0. 0. 1. 0. 0. 0. 0. 0. 0. 0. 0.]
  [0. 0. 0. 0. 0. 0. 0. 0. 0. 0. 0. 0.]
  [0. 0. 0. 0. 0. 0. 0. 0. 0. 0. 0. 0.]]]	[[[0.]
  [0.]
  [0.]
  [0.]]]	[[1. 1. 0. 0.]]	[[-0.6635082  0.6251829]]	[[-0.6635082 -3.2386148]]	1	-3.738761057543002	0.6251829
[[0]]	[[1]]	[[5 0 0 0 0 0 0 0 0 0 0 0]]	[[0 0 0 0 0 0 0 0 0 0 0 0]]	[[0. 0. 0. 0. 0. 0. 0. 0. 0. 0. 0. 0.]]	[[[0. 0. 0. 0. 0. 0. 0. 0. 0. 0. 0. 0.]
  [0. 0. 0. 1. 0. 0. 0. 0. 0. 0. 0. 0.]
  [0. 0. 0. 0. 0. 0. 0. 0. 0. 0. 0. 0.]
  [0. 0. 0. 0. 0. 0. 0. 0. 0. 0. 0. 0.]]]	[[[0.]
  [0.]
  [0.]
  [0.]]]	[[1. 1. 0. 0.]]	[[-0.6635082  0.6251829]]	[[-0.6635082 -3.564648 ]]	1	-4.064794333313719	0.6251829
[[0]]	[[1]]	[[5 0 0 0 0 0 0 0 0 0 0 0]]	[[0 0 0 0 0 0 0 0 0 0 0 0]]	[[0. 0. 0. 0. 0. 0. 0. 0. 0. 0. 0. 0.]]	[[[0. 0. 0. 0. 0. 0. 0. 0. 0. 0. 0. 0.]
  [0. 0. 0. 1. 0. 0. 0. 0. 0. 0. 0. 0.]
  [0. 0. 0. 0. 0. 0. 0. 0. 0. 0. 0. 0.]
  [0. 0. 0. 0. 0. 0. 0. 0. 0. 0. 0. 0.]]]	[[[0.]
  [0.]
  [0.]
  [0.]]]	[[1. 1. 0. 0.]]	[[-0.6635082  0.6251829]]	[[-0.6635082 -1.279027 ]]	1	-1.779173261417195	0.6251829
[[0]]	[[1]]	[[5 0 0 0 0 0 0 0 0 0 0 0]]	[[0 0 0 0 0 0 0 0 0 0 0 0]]	[[0. 0. 0. 0. 0. 0. 0. 0. 0. 0. 0. 0.]]	[[[0. 0. 0. 0. 0. 0. 0. 0. 0. 0. 0. 0.]
  [0. 0. 0. 1. 0. 0. 0. 0. 0. 0. 0. 0.]
  [0. 0. 0. 0. 0. 0. 0. 0. 0. 0. 0. 0.]
  [0. 0. 0. 0. 0. 0. 0. 0. 0. 0. 0. 0.]]]	[[[0.]
  [0.]
  [0.]
  [0.]]]	[[1. 1. 0. 0.]]	[[-0.6635082  0.6251829]]	[[-0.6635082 -4.0273333]]	1	-4.52747940703525	0.6251829
[[0]]	[[1]]	[[5 0 0 0 0 0 0 0 0 0 0 0]]	[[0 0 0 0 0 0 0 0 0 0 0 0]]	[[0. 0. 0. 0. 0. 0. 0. 0. 0. 0. 0. 0.]]	[[[0. 0. 0. 0. 0. 0. 0. 0. 0. 0. 0. 0.]
  [0. 0. 0. 1. 0. 0. 0. 0. 0. 0. 0. 0.]
  [0. 0. 0. 0. 0. 0. 0. 0. 0. 0. 0. 0.]
  [0. 0. 0. 0. 0. 0. 0. 0. 0. 0. 0. 0.]]]	[[[0.]
  [0.]
  [0.]
  [0.]]]	[[1. 1. 0. 0.]]	[[-0.6635082  0.6251829]]	[[-0.6635082 -4.854212 ]]	1	-5.354358087172869	0.6251829
[[0]]	[[1]]	[[5 0 0 0 0 0 0 0 0 0 0 0]]	[[0 0 0 0 0 0 0 0 0 0 0 0]]	[[0. 0. 0. 0. 0. 0. 0. 0. 0. 0. 0. 0.]]	[[[0. 0. 0. 0. 0. 0. 0. 0. 0. 0. 0. 0.]
  [0. 0. 0. 1. 0. 0. 0. 0. 0. 0. 0. 0.]
  [0. 0. 0. 0. 0. 0. 0. 0. 0. 0. 0. 0.]
  [0. 0. 0. 0. 0. 0. 0. 0. 0. 0. 0. 0.]]]	[[[0.]
  [0.]
  [0.]
  [0.]]]	[[1. 1. 0. 0.]]	[[-0.6635082  0.6251829]]	[[-0.6635082 -1.7454077]]	1	-2.245553992199507	0.6251829
[[0]]	[[1]]	[[5 0 0 0 0 0 0 0 0 0 0 0]]	[[0 0 0 0 0 0 0 0 0 0 0 0]]	[[0. 0. 0. 0. 0. 0. 0. 0. 0. 0. 0. 0.]]	[[[0. 0. 0. 0. 0. 0. 0. 0. 0. 0. 0. 0.]
  [0. 0. 0. 1. 0. 0. 0. 0. 0. 0. 0. 0.]
  [0. 0. 0. 0. 0. 0. 0. 0. 0. 0. 0. 0.]
  [0. 0. 0. 0. 0. 0. 0. 0. 0. 0. 0. 0.]]]	[[[0.]
  [0.]
  [0.]
  [0.]]]	[[1. 1. 0. 0.]]	[[-0.6635082  0.6251829]]	[[-0.6635082 -3.645291 ]]	1	-4.145437334085693	0.6251829
[[0]]	[[1]]	[[5 0 0 0 0 0 0 0 0 0 0 0]]	[[0 0 0 0 0 0 0 0 0 0 0 0]]	[[0. 0. 0. 0. 0. 0. 0. 0. 0. 0. 0. 0.]]	[[[0. 0. 0. 0. 0. 0. 0. 0. 0. 0. 0. 0.]
  [0. 0. 0. 1. 0. 0. 0. 0. 0. 0. 0. 0.]
  [0. 0. 0. 0. 0. 0. 0. 0. 0. 0. 0. 0.]
  [0. 0. 0. 0. 0. 0. 0. 0. 0. 0. 0. 0.]]]	[[[0.]
  [0.]
  [0.]
  [0.]]]	[[1. 1. 0. 0.]]	[[-0.6635082  0.6251829]]	[[-0.6635082 -3.6495423]]	1	-4.149688699261425	0.6251829
[[0]]	[[1]]	[[5 0 0 0 0 0 0 0 0 0 0 0]]	[[0 0 0 0 0 0 0 0 0 0 0 0]]	[[0. 0. 0. 0. 0. 0. 0. 0. 0. 0. 0. 0.]]	[[[0. 0. 0. 0. 0. 0. 0. 0. 0. 0. 0. 0.]
  [0. 0. 0. 1. 0. 0. 0. 0. 0. 0. 0. 0.]
  [0. 0. 0. 0. 0. 0. 0. 0. 0. 0. 0. 0.]
  [0. 0. 0. 0. 0. 0. 0. 0. 0. 0. 0. 0.]]]	[[[0.]
  [0.]
  [0.]
  [0.]]]	[[1. 1. 0. 0.]]	[[-0.6635082  0.6251829]]	[[-0.6635082 -5.0171385]]	1	-5.517284790603186	0.6251829
[[0]]	[[1]]	[[5 0 0 0 0 0 0 0 0 0 0 0]]	[[0 0 0 0 0 0 0 0 0 0 0 0]]	[[0. 0. 0. 0. 0. 0. 0. 0. 0. 0. 0. 0.]]	[[[0. 0. 0. 0. 0. 0. 0. 0. 0. 0. 0. 0.]
  [0. 0. 0. 1. 0. 0. 0. 0. 0. 0. 0. 0.]
  [0. 0. 0. 0. 0. 0. 0. 0. 0. 0. 0. 0.]
  [0. 0. 0. 0. 0. 0. 0. 0. 0. 0. 0. 0.]]]	[[[0.]
  [0.]
  [0.]
  [0.]]]	[[1. 1. 0. 0.]]	[[-0.6635082  0.6251829]]	[[-0.6635082 -4.041547 ]]	1	-4.541693236638782	0.6251829
[[0]]	[[1]]	[[5 0 0 0 0 0 0 0 0 0 0 0]]	[[0 0 0 0 0 0 0 0 0 0 0 0]]	[[0. 0. 0. 0. 0. 0. 0. 0. 0. 0. 0. 0.]]	[[[0. 0. 0. 0. 0. 0. 0. 0. 0. 0. 0. 0.]
  [0. 0. 0. 1. 0. 0. 0. 0. 0. 0. 0. 0.]
  [0. 0. 0. 0. 0. 0. 0. 0. 0. 0. 0. 0.]
  [0. 0. 0. 0. 0. 0. 0. 0. 0. 0. 0. 0.]]]	[[[0.]
  [0.]
  [0.]
  [0.]]]	[[1. 1. 0. 0.]]	[[-0.6635082  0.6251829]]	[[-0.6635082 -3.5873988]]	1	-4.087545061532767	0.6251829
[[0]]	[[1]]	[[5 0 0 0 0 0 0 0 0 0 0 0]]	[[0 0 0 0 0 0 0 0 0 0 0 0]]	[[0. 0. 0. 0. 0. 0. 0. 0. 0. 0. 0. 0.]]	[[[0. 0. 0. 0. 0. 0. 0. 0. 0. 0. 0. 0.]
  [0. 0. 0. 1. 0. 0. 0. 0. 0. 0. 0. 0.]
  [0. 0. 0. 0. 0. 0. 0. 0. 0. 0. 0. 0.]
  [0. 0. 0. 0. 0. 0. 0. 0. 0. 0. 0. 0.]]]	[[[0.]
  [0.]
  [0.]
  [0.]]]	[[1. 1. 0. 0.]]	[[-0.6635082  0.6251829]]	[[-0.6635082 -1.624489 ]]	1	-2.124635324824029	0.6251829
[[0]]	[[1]]	[[5 0 0 0 0 0 0 0 0 0 0 0]]	[[0 0 0 0 0 0 0 0 0 0 0 0]]	[[0. 0. 0. 0. 0. 0. 0. 0. 0. 0. 0. 0.]]	[[[0. 0. 0. 0. 0. 0. 0. 0. 0. 0. 0. 0.]
  [0. 0. 0. 1. 0. 0. 0. 0. 0. 0. 0. 0.]
  [0. 0. 0. 0. 0. 0. 0. 0. 0. 0. 0. 0.]
  [0. 0. 0. 0. 0. 0. 0. 0. 0. 0. 0. 0.]]]	[[[0.]
  [0.]
  [0.]
  [0.]]]	[[1. 1. 0. 0.]]	[[-0.6635082  0.6251829]]	[[-0.6635082 -6.272733 ]]	1	-6.772879743360347	0.6251829
[[0]]	[[1]]	[[5 0 0 0 0 0 0 0 0 0 0 0]]	[[0 0 0 0 0 0 0 0 0 0 0 0]]	[[0. 0. 0. 0. 0. 0. 0. 0. 0. 0. 0. 0.]]	[[[0. 0. 0. 0. 0. 0. 0. 0. 0. 0. 0. 0.]
  [0. 0. 0. 1. 0. 0. 0. 0. 0. 0. 0. 0.]
  [0. 0. 0. 0. 0. 0. 0. 0. 0. 0. 0. 0.]
  [0. 0. 0. 0. 0. 0. 0. 0. 0. 0. 0. 0.]]]	[[[0.]
  [0.]
  [0.]
  [0.]]]	[[1. 1. 0. 0.]]	[[-0.6635082  0.6251829]]	[[-0.6635082 -4.233211 ]]	1	-4.733357229685361	0.6251829
[[0]]	[[1]]	[[5 0 0 0 0 0 0 0 0 0 0 0]]	[[0 0 0 0 0 0 0 0 0 0 0 0]]	[[0. 0. 0. 0. 0. 0. 0. 0. 0. 0. 0. 0.]]	[[[0. 0. 0. 0. 0. 0. 0. 0. 0. 0. 0. 0.]
  [0. 0. 0. 1. 0. 0. 0. 0. 0. 0. 0. 0.]
  [0. 0. 0. 0. 0. 0. 0. 0. 0. 0. 0. 0.]
  [0. 0. 0. 0. 0. 0. 0. 0. 0. 0. 0. 0.]]]	[[[0.]
  [0.]
  [0.]
  [0.]]]	[[1. 1. 0. 0.]]	[[-0.6635082  0.6251829]]	[[-0.6635082 -2.0803366]]	1	-2.580482928899107	0.6251829
[[0]]	[[1]]	[[5 0 0 0 0 0 0 0 0 0 0 0]]	[[0 0 0 0 0 0 0 0 0 0 0 0]]	[[0. 0. 0. 0. 0. 0. 0. 0. 0. 0. 0. 0.]]	[[[0. 0. 0. 0. 0. 0. 0. 0. 0. 0. 0. 0.]
  [0. 0. 0. 1. 0. 0. 0. 0. 0. 0. 0. 0.]
  [0. 0. 0. 0. 0. 0. 0. 0. 0. 0. 0. 0.]
  [0. 0. 0. 0. 0. 0. 0. 0. 0. 0. 0. 0.]]]	[[[0.]
  [0.]
  [0.]
  [0.]]]	[[1. 1. 0. 0.]]	[[-0.6635082  0.6251829]]	[[-0.6635082 -2.4664543]]	1	-2.9666005619801132	0.6251829
[[0]]	[[1]]	[[5 0 0 0 0 0 0 0 0 0 0 0]]	[[0 0 0 0 0 0 0 0 0 0 0 0]]	[[0. 0. 0. 0. 0. 0. 0. 0. 0. 0. 0. 0.]]	[[[0. 0. 0. 0. 0. 0. 0. 0. 0. 0. 0. 0.]
  [0. 0. 0. 1. 0. 0. 0. 0. 0. 0. 0. 0.]
  [0. 0. 0. 0. 0. 0. 0. 0. 0. 0. 0. 0.]
  [0. 0. 0. 0. 0. 0. 0. 0. 0. 0. 0. 0.]]]	[[[0.]
  [0.]
  [0.]
  [0.]]]	[[1. 1. 0. 0.]]	[[-0.6635082  0.6251829]]	[[-0.6635082  -0.63211834]]	1	-1.132264664124172	0.6251829
[[0]]	[[1]]	[[5 0 0 0 0 0 0 0 0 0 0 0]]	[[0 0 0 0 0 0 0 0 0 0 0 0]]	[[0. 0. 0. 0. 0. 0. 0. 0. 0. 0. 0. 0.]]	[[[0. 0. 0. 0. 0. 0. 0. 0. 0. 0. 0. 0.]
  [0. 0. 0. 1. 0. 0. 0. 0. 0. 0. 0. 0.]
  [0. 0. 0. 0. 0. 0. 0. 0. 0. 0. 0. 0.]
  [0. 0. 0. 0. 0. 0. 0. 0. 0. 0. 0. 0.]]]	[[[0.]
  [0.]
  [0.]
  [0.]]]	[[1. 1. 0. 0.]]	[[-0.6635082  0.6251829]]	[[-0.6635082 -5.5018606]]	1	-6.002006813984579	0.6251829
[[0]]	[[1]]	[[5 0 0 0 0 0 0 0 0 0 0 0]]	[[0 0 0 0 0 0 0 0 0 0 0 0]]	[[0. 0. 0. 0. 0. 0. 0. 0. 0. 0. 0. 0.]]	[[[0. 0. 0. 0. 0. 0. 0. 0. 0. 0. 0. 0.]
  [0. 0. 0. 1. 0. 0. 0. 0. 0. 0. 0. 0.]
  [0. 0. 0. 0. 0. 0. 0. 0. 0. 0. 0. 0.]
  [0. 0. 0. 0. 0. 0. 0. 0. 0. 0. 0. 0.]]]	[[[0.]
  [0.]
  [0.]
  [0.]]]	[[1. 1. 0. 0.]]	[[-0.6635082  0.6251829]]	[[-0.6635082 -2.6132545]]	1	-3.113400908316636	0.6251829
[[0]]	[[1]]	[[5 0 0 0 0 0 0 0 0 0 0 0]]	[[0 0 0 0 0 0 0 0 0 0 0 0]]	[[0. 0. 0. 0. 0. 0. 0. 0. 0. 0. 0. 0.]]	[[[0. 0. 0. 0. 0. 0. 0. 0. 0. 0. 0. 0.]
  [0. 0. 0. 1. 0. 0. 0. 0. 0. 0. 0. 0.]
  [0. 0. 0. 0. 0. 0. 0. 0. 0. 0. 0. 0.]
  [0. 0. 0. 0. 0. 0. 0. 0. 0. 0. 0. 0.]]]	[[[0.]
  [0.]
  [0.]
  [0.]]]	[[1. 1. 0. 0.]]	[[-0.6635082  0.6251829]]	[[-0.6635082 -4.5506864]]	1	-5.050832607579001	0.6251829
[[0]]	[[1]]	[[5 0 0 0 0 0 0 0 0 0 0 0]]	[[0 0 0 0 0 0 0 0 0 0 0 0]]	[[0. 0. 0. 0. 0. 0. 0. 0. 0. 0. 0. 0.]]	[[[0. 0. 0. 0. 0. 0. 0. 0. 0. 0. 0. 0.]
  [0. 0. 0. 1. 0. 0. 0. 0. 0. 0. 0. 0.]
  [0. 0. 0. 0. 0. 0. 0. 0. 0. 0. 0. 0.]
  [0. 0. 0. 0. 0. 0. 0. 0. 0. 0. 0. 0.]]]	[[[0.]
  [0.]
  [0.]
  [0.]]]	[[1. 1. 0. 0.]]	[[-0.6635082  0.6251829]]	[[-0.6635082 -2.0446072]]	1	-2.5447536050954174	0.6251829
[[0]]	[[1]]	[[5 0 0 0 0 0 0 0 0 0 0 0]]	[[0 0 0 0 0 0 0 0 0 0 0 0]]	[[0. 0. 0. 0. 0. 0. 0. 0. 0. 0. 0. 0.]]	[[[0. 0. 0. 0. 0. 0. 0. 0. 0. 0. 0. 0.]
  [0. 0. 0. 1. 0. 0. 0. 0. 0. 0. 0. 0.]
  [0. 0. 0. 0. 0. 0. 0. 0. 0. 0. 0. 0.]
  [0. 0. 0. 0. 0. 0. 0. 0. 0. 0. 0. 0.]]]	[[[0.]
  [0.]
  [0.]
  [0.]]]	[[1. 1. 0. 0.]]	[[-0.6635082  0.6251829]]	[[-0.6635082 -3.1628418]]	1	-3.6629880203681275	0.6251829
[[0]]	[[1]]	[[5 0 0 0 0 0 0 0 0 0 0 0]]	[[0 0 0 0 0 0 0 0 0 0 0 0]]	[[0. 0. 0. 0. 0. 0. 0. 0. 0. 0. 0. 0.]]	[[[0. 0. 0. 0. 0. 0. 0. 0. 0. 0. 0. 0.]
  [0. 0. 0. 1. 0. 0. 0. 0. 0. 0. 0. 0.]
  [0. 0. 0. 0. 0. 0. 0. 0. 0. 0. 0. 0.]
  [0. 0. 0. 0. 0. 0. 0. 0. 0. 0. 0. 0.]]]	[[[0.]
  [0.]
  [0.]
  [0.]]]	[[1. 1. 0. 0.]]	[[-0.6635082  0.6251829]]	[[-0.6635082 -5.482739 ]]	1	-5.982885158846188	0.6251829
[[0]]	[[1]]	[[5 0 0 0 0 0 0 0 0 0 0 0]]	[[0 0 0 0 0 0 0 0 0 0 0 0]]	[[0. 0. 0. 0. 0. 0. 0. 0. 0. 0. 0. 0.]]	[[[0. 0. 0. 0. 0. 0. 0. 0. 0. 0. 0. 0.]
  [0. 0. 0. 1. 0. 0. 0. 0. 0. 0. 0. 0.]
  [0. 0. 0. 0. 0. 0. 0. 0. 0. 0. 0. 0.]
  [0. 0. 0. 0. 0. 0. 0. 0. 0. 0. 0. 0.]]]	[[[0.]
  [0.]
  [0.]
  [0.]]]	[[1. 1. 0. 0.]]	[[-0.6635082  0.6251829]]	[[-0.6635082 -5.8445287]]	1	-6.3446751893696	0.6251829
[[0]]	[[1]]	[[5 0 0 0 0 0 0 0 0 0 0 0]]	[[0 0 0 0 0 0 0 0 0 0 0 0]]	[[0. 0. 0. 0. 0. 0. 0. 0. 0. 0. 0. 0.]]	[[[0. 0. 0. 0. 0. 0. 0. 0. 0. 0. 0. 0.]
  [0. 0. 0. 1. 0. 0. 0. 0. 0. 0. 0. 0.]
  [0. 0. 0. 0. 0. 0. 0. 0. 0. 0. 0. 0.]
  [0. 0. 0. 0. 0. 0. 0. 0. 0. 0. 0. 0.]]]	[[[0.]
  [0.]
  [0.]
  [0.]]]	[[1. 1. 0. 0.]]	[[-0.6635082  0.6251829]]	[[-0.6635082 -4.451353 ]]	1	-4.951499562833273	0.6251829
[[0]]	[[1]]	[[5 0 0 0 0 0 0 0 0 0 0 0]]	[[0 0 0 0 0 0 0 0 0 0 0 0]]	[[0. 0. 0. 0. 0. 0. 0. 0. 0. 0. 0. 0.]]	[[[0. 0. 0. 0. 0. 0. 0. 0. 0. 0. 0. 0.]
  [0. 0. 0. 1. 0. 0. 0. 0. 0. 0. 0. 0.]
  [0. 0. 0. 0. 0. 0. 0. 0. 0. 0. 0. 0.]
  [0. 0. 0. 0. 0. 0. 0. 0. 0. 0. 0. 0.]]]	[[[0.]
  [0.]
  [0.]
  [0.]]]	[[1. 1. 0. 0.]]	[[-0.6635082  0.6251829]]	[[-0.6635082  -0.87335813]]	1	-1.373504460192995	0.6251829
[[0]]	[[1]]	[[5 0 0 0 0 0 0 0 0 0 0 0]]	[[0 0 0 0 0 0 0 0 0 0 0 0]]	[[0. 0. 0. 0. 0. 0. 0. 0. 0. 0. 0. 0.]]	[[[0. 0. 0. 0. 0. 0. 0. 0. 0. 0. 0. 0.]
  [0. 0. 0. 1. 0. 0. 0. 0. 0. 0. 0. 0.]
  [0. 0. 0. 0. 0. 0. 0. 0. 0. 0. 0. 0.]
  [0. 0. 0. 0. 0. 0. 0. 0. 0. 0. 0. 0.]]]	[[[0.]
  [0.]
  [0.]
  [0.]]]	[[1. 1. 0. 0.]]	[[-0.6635082  0.6251829]]	[[-0.6635082 -1.7333348]]	1	-2.2334811007307165	0.6251829
[[0]]	[[1]]	[[5 0 0 0 0 0 0 0 0 0 0 0]]	[[0 0 0 0 0 0 0 0 0 0 0 0]]	[[0. 0. 0. 0. 0. 0. 0. 0. 0. 0. 0. 0.]]	[[[0. 0. 0. 0. 0. 0. 0. 0. 0. 0. 0. 0.]
  [0. 0. 0. 1. 0. 0. 0. 0. 0. 0. 0. 0.]
  [0. 0. 0. 0. 0. 0. 0. 0. 0. 0. 0. 0.]
  [0. 0. 0. 0. 0. 0. 0. 0. 0. 0. 0. 0.]]]	[[[0.]
  [0.]
  [0.]
  [0.]]]	[[1. 1. 0. 0.]]	[[-0.6635082  0.6251829]]	[[-0.6635082 -0.5181863]]	1	-1.0183325769935299	0.6251829
[[0]]	[[1]]	[[5 0 0 0 0 0 0 0 0 0 0 0]]	[[0 0 0 0 0 0 0 0 0 0 0 0]]	[[0. 0. 0. 0. 0. 0. 0. 0. 0. 0. 0. 0.]]	[[[0. 0. 0. 0. 0. 0. 0. 0. 0. 0. 0. 0.]
  [0. 0. 0. 1. 0. 0. 0. 0. 0. 0. 0. 0.]
  [0. 0. 0. 0. 0. 0. 0. 0. 0. 0. 0. 0.]
  [0. 0. 0. 0. 0. 0. 0. 0. 0. 0. 0. 0.]]]	[[[0.]
  [0.]
  [0.]
  [0.]]]	[[1. 1. 0. 0.]]	[[-0.6635082  0.6251829]]	[[-0.6635082 -1.5512706]]	1	-2.0514169126388095	0.6251829
[[0]]	[[1]]	[[5 0 0 0 0 0 0 0 0 0 0 0]]	[[0 0 0 0 0 0 0 0 0 0 0 0]]	[[0. 0. 0. 0. 0. 0. 0. 0. 0. 0. 0. 0.]]	[[[0. 0. 0. 0. 0. 0. 0. 0. 0. 0. 0. 0.]
  [0. 0. 0. 1. 0. 0. 0. 0. 0. 0. 0. 0.]
  [0. 0. 0. 0. 0. 0. 0. 0. 0. 0. 0. 0.]
  [0. 0. 0. 0. 0. 0. 0. 0. 0. 0. 0. 0.]]]	[[[0.]
  [0.]
  [0.]
  [0.]]]	[[1. 1. 0. 0.]]	[[-0.6635082  0.6251829]]	[[-0.6635082 -3.1429033]]	1	-3.6430497391969574	0.6251829
[[0]]	[[1]]	[[5 0 0 0 0 0 0 0 0 0 0 0]]	[[0 0 0 0 0 0 0 0 0 0 0 0]]	[[0. 0. 0. 0. 0. 0. 0. 0. 0. 0. 0. 0.]]	[[[0. 0. 0. 0. 0. 0. 0. 0. 0. 0. 0. 0.]
  [0. 0. 0. 1. 0. 0. 0. 0. 0. 0. 0. 0.]
  [0. 0. 0. 0. 0. 0. 0. 0. 0. 0. 0. 0.]
  [0. 0. 0. 0. 0. 0. 0. 0. 0. 0. 0. 0.]]]	[[[0.]
  [0.]
  [0.]
  [0.]]]	[[1. 1. 0. 0.]]	[[-0.6635082  0.6251829]]	[[-0.6635082 -1.1181489]]	1	-1.6182952133515986	0.6251829
[[0]]	[[1]]	[[5 0 0 0 0 0 0 0 0 0 0 0]]	[[0 0 0 0 0 0 0 0 0 0 0 0]]	[[0. 0. 0. 0. 0. 0. 0. 0. 0. 0. 0. 0.]]	[[[0. 0. 0. 0. 0. 0. 0. 0. 0. 0. 0. 0.]
  [0. 0. 0. 1. 0. 0. 0. 0. 0. 0. 0. 0.]
  [0. 0. 0. 0. 0. 0. 0. 0. 0. 0. 0. 0.]
  [0. 0. 0. 0. 0. 0. 0. 0. 0. 0. 0. 0.]]]	[[[0.]
  [0.]
  [0.]
  [0.]]]	[[1. 1. 0. 0.]]	[[-0.6635082  0.6251829]]	[[-0.6635082 -3.0760095]]	1	-3.576155828474889	0.6251829
[[0]]	[[1]]	[[5 0 0 0 0 0 0 0 0 0 0 0]]	[[0 0 0 0 0 0 0 0 0 0 0 0]]	[[0. 0. 0. 0. 0. 0. 0. 0. 0. 0. 0. 0.]]	[[[0. 0. 0. 0. 0. 0. 0. 0. 0. 0. 0. 0.]
  [0. 0. 0. 1. 0. 0. 0. 0. 0. 0. 0. 0.]
  [0. 0. 0. 0. 0. 0. 0. 0. 0. 0. 0. 0.]
  [0. 0. 0. 0. 0. 0. 0. 0. 0. 0. 0. 0.]]]	[[[0.]
  [0.]
  [0.]
  [0.]]]	[[1. 1. 0. 0.]]	[[-0.6635082  0.6251829]]	[[-0.6635082 -6.0997214]]	1	-6.599867729454573	0.6251829
[[0]]	[[1]]	[[5 0 0 0 0 0 0 0 0 0 0 0]]	[[0 0 0 0 0 0 0 0 0 0 0 0]]	[[0. 0. 0. 0. 0. 0. 0. 0. 0. 0. 0. 0.]]	[[[0. 0. 0. 0. 0. 0. 0. 0. 0. 0. 0. 0.]
  [0. 0. 0. 1. 0. 0. 0. 0. 0. 0. 0. 0.]
  [0. 0. 0. 0. 0. 0. 0. 0. 0. 0. 0. 0.]
  [0. 0. 0. 0. 0. 0. 0. 0. 0. 0. 0. 0.]]]	[[[0.]
  [0.]
  [0.]
  [0.]]]	[[1. 1. 0. 0.]]	[[-0.6635082  0.6251829]]	[[-0.6635082 -4.432648 ]]	1	-4.932794453385521	0.6251829
[[0]]	[[1]]	[[5 0 0 0 0 0 0 0 0 0 0 0]]	[[0 0 0 0 0 0 0 0 0 0 0 0]]	[[0. 0. 0. 0. 0. 0. 0. 0. 0. 0. 0. 0.]]	[[[0. 0. 0. 0. 0. 0. 0. 0. 0. 0. 0. 0.]
  [0. 0. 0. 1. 0. 0. 0. 0. 0. 0. 0. 0.]
  [0. 0. 0. 0. 0. 0. 0. 0. 0. 0. 0. 0.]
  [0. 0. 0. 0. 0. 0. 0. 0. 0. 0. 0. 0.]]]	[[[0.]
  [0.]
  [0.]
  [0.]]]	[[1. 1. 0. 0.]]	[[-0.6635082  0.6251829]]	[[-0.6635082 -4.4716935]]	1	-4.971839669806976	0.6251829
[[0]]	[[1]]	[[5 0 0 0 0 0 0 0 0 0 0 0]]	[[0 0 0 0 0 0 0 0 0 0 0 0]]	[[0. 0. 0. 0. 0. 0. 0. 0. 0. 0. 0. 0.]]	[[[0. 0. 0. 0. 0. 0. 0. 0. 0. 0. 0. 0.]
  [0. 0. 0. 1. 0. 0. 0. 0. 0. 0. 0. 0.]
  [0. 0. 0. 0. 0. 0. 0. 0. 0. 0. 0. 0.]
  [0. 0. 0. 0. 0. 0. 0. 0. 0. 0. 0. 0.]]]	[[[0.]
  [0.]
  [0.]
  [0.]]]	[[1. 1. 0. 0.]]	[[-0.6635082  0.6251829]]	[[-0.6635082 -4.7628875]]	1	-5.26303385858693	0.6251829
[[0]]	[[1]]	[[5 0 0 0 0 0 0 0 0 0 0 0]]	[[0 0 0 0 0 0 0 0 0 0 0 0]]	[[0. 0. 0. 0. 0. 0. 0. 0. 0. 0. 0. 0.]]	[[[0. 0. 0. 0. 0. 0. 0. 0. 0. 0. 0. 0.]
  [0. 0. 0. 1. 0. 0. 0. 0. 0. 0. 0. 0.]
  [0. 0. 0. 0. 0. 0. 0. 0. 0. 0. 0. 0.]
  [0. 0. 0. 0. 0. 0. 0. 0. 0. 0. 0. 0.]]]	[[[0.]
  [0.]
  [0.]
  [0.]]]	[[1. 1. 0. 0.]]	[[-0.6635082  0.6251829]]	[[-0.6635082 -2.295848 ]]	1	-2.7959941235151913	0.6251829
[[0]]	[[1]]	[[5 0 0 0 0 0 0 0 0 0 0 0]]	[[0 0 0 0 0 0 0 0 0 0 0 0]]	[[0. 0. 0. 0. 0. 0. 0. 0. 0. 0. 0. 0.]]	[[[0. 0. 0. 0. 0. 0. 0. 0. 0. 0. 0. 0.]
  [0. 0. 0. 1. 0. 0. 0. 0. 0. 0. 0. 0.]
  [0. 0. 0. 0. 0. 0. 0. 0. 0. 0. 0. 0.]
  [0. 0. 0. 0. 0. 0. 0. 0. 0. 0. 0. 0.]]]	[[[0.]
  [0.]
  [0.]
  [0.]]]	[[1. 1. 0. 0.]]	[[-0.6635082  0.6251829]]	[[-0.6635082 -1.1635034]]	1	-1.6636497505349055	0.6251829
[[0]]	[[1]]	[[0 0 0 0 0 0 0 0 0 0 0 0]]	[[0 0 0 0 0 0 0 0 0 0 0 0]]	[[0. 0. 0. 0. 0. 0. 0. 0. 0. 0. 0. 0.]]	[[[0. 0. 0. 0. 0. 0. 0. 0. 0. 0. 0. 0.]
  [0. 0. 0. 0. 0. 0. 0. 0. 0. 0. 0. 0.]
  [0. 0. 0. 0. 0. 0. 0. 0. 0. 0. 0. 0.]
  [0. 0. 0. 0. 0. 0. 0. 0. 0. 0. 0. 0.]]]	[[[0.]
  [0.]
  [0.]
  [0.]]]	[[1. 1. 0. 0.]]	[[ 0.49947667 -0.75042355]]	[[ 0.3540119  -0.75042355]]	0	-0.045569463066161255	0.49947667
[[0]]	[[1]]	[[0 0 0 0 0 0 0 0 0 0 0 0]]	[[0 0 0 0 0 0 0 0 0 0 0 0]]	[[0. 0. 0. 0. 0. 0. 0. 0. 0. 0. 0. 0.]]	[[[0. 0. 0. 0. 0. 0. 0. 0. 0. 0. 0. 0.]
  [0. 0. 0. 0. 0. 0. 0. 0. 0. 0. 0. 0.]
  [0. 0. 0. 0. 0. 0. 0. 0. 0. 0. 0. 0.]
  [0. 0. 0. 0. 0. 0. 0. 0. 0. 0. 0. 0.]]]	[[[0.]
  [0.]
  [0.]
  [0.]]]	[[1. 1. 0. 0.]]	[[ 0.49947667 -0.75042355]]	[[ 0.39958134 -0.75042355]]	0	0.0	0.49947667
[[0]]	[[1]]	[[0 0 0 0 0 0 0 0 0 0 0 0]]	[[0 0 0 0 0 0 0 0 0 0 0 0]]	[[0. 0. 0. 0. 0. 0. 0. 0. 0. 0. 0. 0.]]	[[[0. 0. 0. 0. 0. 0. 0. 0. 0. 0. 0. 0.]
  [0. 0. 0. 0. 0. 0. 0. 0. 0. 0. 0. 0.]
  [0. 0. 0. 0. 0. 0. 0. 0. 0. 0. 0. 0.]
  [0. 0. 0. 0. 0. 0. 0. 0. 0. 0. 0. 0.]]]	[[[0.]
  [0.]
  [0.]
  [0.]]]	[[1. 1. 0. 0.]]	[[ 0.49947667 -0.75042355]]	[[ 0.33083275 -0.75042355]]	0	-0.06874859964408066	0.49947667
[[0]]	[[1]]	[[0 0 0 0 0 0 0 0 0 0 0 0]]	[[0 0 0 0 0 0 0 0 0 0 0 0]]	[[0. 0. 0. 0. 0. 0. 0. 0. 0. 0. 0. 0.]]	[[[0. 0. 0. 0. 0. 0. 0. 0. 0. 0. 0. 0.]
  [0. 0. 0. 0. 0. 0. 0. 0. 0. 0. 0. 0.]
  [0. 0. 0. 0. 0. 0. 0. 0. 0. 0. 0. 0.]
  [0. 0. 0. 0. 0. 0. 0. 0. 0. 0. 0. 0.]]]	[[[0.]
  [0.]
  [0.]
  [0.]]]	[[1. 1. 0. 0.]]	[[ 0.49947667 -0.75042355]]	[[ 0.13437474 -0.75042355]]	0	-0.26520659860658075	0.49947667
[[0]]	[[1]]	[[0 0 0 0 0 0 0 0 0 0 0 0]]	[[0 0 0 0 0 0 0 0 0 0 0 0]]	[[0. 0. 0. 0. 0. 0. 0. 0. 0. 0. 0. 0.]]	[[[0. 0. 0. 0. 0. 0. 0. 0. 0. 0. 0. 0.]
  [0. 0. 0. 0. 0. 0. 0. 0. 0. 0. 0. 0.]
  [0. 0. 0. 0. 0. 0. 0. 0. 0. 0. 0. 0.]
  [0. 0. 0. 0. 0. 0. 0. 0. 0. 0. 0. 0.]]]	[[[0.]
  [0.]
  [0.]
  [0.]]]	[[1. 1. 0. 0.]]	[[ 0.49947667 -0.75042355]]	[[ 0.17355075 -0.75042355]]	0	-0.22603058610121055	0.49947667
[[0]]	[[1]]	[[0 0 0 0 0 0 0 0 0 0 0 0]]	[[0 0 0 0 0 0 0 0 0 0 0 0]]	[[0. 0. 0. 0. 0. 0. 0. 0. 0. 0. 0. 0.]]	[[[0. 0. 0. 0. 0. 0. 0. 0. 0. 0. 0. 0.]
  [0. 0. 0. 0. 0. 0. 0. 0. 0. 0. 0. 0.]
  [0. 0. 0. 0. 0. 0. 0. 0. 0. 0. 0. 0.]
  [0. 0. 0. 0. 0. 0. 0. 0. 0. 0. 0. 0.]]]	[[[0.]
  [0.]
  [0.]
  [0.]]]	[[1. 1. 0. 0.]]	[[ 0.49947667 -0.75042355]]	[[ 0.39958134 -0.75042355]]	0	0.0	0.49947667
[[0]]	[[1]]	[[0 0 0 0 0 0 0 0 0 0 0 0]]	[[0 0 0 0 0 0 0 0 0 0 0 0]]	[[0. 0. 0. 0. 0. 0. 0. 0. 0. 0. 0. 0.]]	[[[0. 0. 0. 0. 0. 0. 0. 0. 0. 0. 0. 0.]
  [0. 0. 0. 0. 0. 0. 0. 0. 0. 0. 0. 0.]
  [0. 0. 0. 0. 0. 0. 0. 0. 0. 0. 0. 0.]
  [0. 0. 0. 0. 0. 0. 0. 0. 0. 0. 0. 0.]]]	[[[0.]
  [0.]
  [0.]
  [0.]]]	[[1. 1. 0. 0.]]	[[ 0.49947667 -0.75042355]]	[[ 0.39958134 -0.75042355]]	0	0.0	0.49947667
[[0]]	[[1]]	[[0 0 0 0 0 0 0 0 0 0 0 0]]	[[0 0 0 0 0 0 0 0 0 0 0 0]]	[[0. 0. 0. 0. 0. 0. 0. 0. 0. 0. 0. 0.]]	[[[0. 0. 0. 0. 0. 0. 0. 0. 0. 0. 0. 0.]
  [0. 0. 0. 0. 0. 0. 0. 0. 0. 0. 0. 0.]
  [0. 0. 0. 0. 0. 0. 0. 0. 0. 0. 0. 0.]
  [0. 0. 0. 0. 0. 0. 0. 0. 0. 0. 0. 0.]]]	[[[0.]
  [0.]
  [0.]
  [0.]]]	[[1. 1. 0. 0.]]	[[ 0.49947667 -0.75042355]]	[[-0.258752   -0.75042355]]	0	-0.6583333333333332	0.49947667
[[0]]	[[1]]	[[0 0 0 0 0 0 0 0 0 0 0 0]]	[[0 0 0 0 0 0 0 0 0 0 0 0]]	[[0. 0. 0. 0. 0. 0. 0. 0. 0. 0. 0. 0.]]	[[[0. 0. 0. 0. 0. 0. 0. 0. 0. 0. 0. 0.]
  [0. 0. 0. 0. 0. 0. 0. 0. 0. 0. 0. 0.]
  [0. 0. 0. 0. 0. 0. 0. 0. 0. 0. 0. 0.]
  [0. 0. 0. 0. 0. 0. 0. 0. 0. 0. 0. 0.]]]	[[[0.]
  [0.]
  [0.]
  [0.]]]	[[1. 1. 0. 0.]]	[[ 0.49947667 -0.75042355]]	[[ 0.32749632 -0.75042355]]	0	-0.07208502256515562	0.49947667
[[0]]	[[1]]	[[0 0 0 0 0 0 0 0 0 0 0 0]]	[[0 0 0 0 0 0 0 0 0 0 0 0]]	[[0. 0. 0. 0. 0. 0. 0. 0. 0. 0. 0. 0.]]	[[[0. 0. 0. 0. 0. 0. 0. 0. 0. 0. 0. 0.]
  [0. 0. 0. 0. 0. 0. 0. 0. 0. 0. 0. 0.]
  [0. 0. 0. 0. 0. 0. 0. 0. 0. 0. 0. 0.]
  [0. 0. 0. 0. 0. 0. 0. 0. 0. 0. 0. 0.]]]	[[[0.]
  [0.]
  [0.]
  [0.]]]	[[1. 1. 0. 0.]]	[[ 0.49947667 -0.75042355]]	[[ 0.20955317 -0.75042355]]	0	-0.19002817888097417	0.49947667
[[0]]	[[1]]	[[0 0 0 0 0 0 0 0 0 0 0 0]]	[[0 0 0 0 0 0 0 0 0 0 0 0]]	[[0. 0. 0. 0. 0. 0. 0. 0. 0. 0. 0. 0.]]	[[[0. 0. 0. 0. 0. 0. 0. 0. 0. 0. 0. 0.]
  [0. 0. 0. 0. 0. 0. 0. 0. 0. 0. 0. 0.]
  [0. 0. 0. 0. 0. 0. 0. 0. 0. 0. 0. 0.]
  [0. 0. 0. 0. 0. 0. 0. 0. 0. 0. 0. 0.]]]	[[[0.]
  [0.]
  [0.]
  [0.]]]	[[1. 1. 0. 0.]]	[[ 0.49947667 -0.75042355]]	[[ 0.36177212 -0.75042355]]	0	-0.03780922955280522	0.49947667
[[0]]	[[1]]	[[0 0 0 0 0 0 0 0 0 0 0 0]]	[[0 0 0 0 0 0 0 0 0 0 0 0]]	[[0. 0. 0. 0. 0. 0. 0. 0. 0. 0. 0. 0.]]	[[[0. 0. 0. 0. 0. 0. 0. 0. 0. 0. 0. 0.]
  [0. 0. 0. 0. 0. 0. 0. 0. 0. 0. 0. 0.]
  [0. 0. 0. 0. 0. 0. 0. 0. 0. 0. 0. 0.]
  [0. 0. 0. 0. 0. 0. 0. 0. 0. 0. 0. 0.]]]	[[[0.]
  [0.]
  [0.]
  [0.]]]	[[1. 1. 0. 0.]]	[[ 0.49947667 -0.75042355]]	[[ 0.32356295 -0.75042355]]	0	-0.07601838218715268	0.49947667
[[0]]	[[1]]	[[0 0 0 0 0 0 0 0 0 0 0 0]]	[[0 0 0 0 0 0 0 0 0 0 0 0]]	[[0. 0. 0. 0. 0. 0. 0. 0. 0. 0. 0. 0.]]	[[[0. 0. 0. 0. 0. 0. 0. 0. 0. 0. 0. 0.]
  [0. 0. 0. 0. 0. 0. 0. 0. 0. 0. 0. 0.]
  [0. 0. 0. 0. 0. 0. 0. 0. 0. 0. 0. 0.]
  [0. 0. 0. 0. 0. 0. 0. 0. 0. 0. 0. 0.]]]	[[[0.]
  [0.]
  [0.]
  [0.]]]	[[1. 1. 0. 0.]]	[[ 0.49947667 -0.75042355]]	[[ 0.29828393 -0.75042355]]	0	-0.10129740629214927	0.49947667
[[0]]	[[1]]	[[0 0 0 0 0 0 0 0 0 0 0 0]]	[[0 0 0 0 0 0 0 0 0 0 0 0]]	[[0. 0. 0. 0. 0. 0. 0. 0. 0. 0. 0. 0.]]	[[[0. 0. 0. 0. 0. 0. 0. 0. 0. 0. 0. 0.]
  [0. 0. 0. 0. 0. 0. 0. 0. 0. 0. 0. 0.]
  [0. 0. 0. 0. 0. 0. 0. 0. 0. 0. 0. 0.]
  [0. 0. 0. 0. 0. 0. 0. 0. 0. 0. 0. 0.]]]	[[[0.]
  [0.]
  [0.]
  [0.]]]	[[1. 1. 0. 0.]]	[[ 0.49947667 -0.75042355]]	[[-0.21208532 -0.75042355]]	0	-0.6116666666666666	0.49947667
[[0]]	[[1]]	[[0 0 0 0 0 0 0 0 0 0 0 0]]	[[0 0 0 0 0 0 0 0 0 0 0 0]]	[[0. 0. 0. 0. 0. 0. 0. 0. 0. 0. 0. 0.]]	[[[0. 0. 0. 0. 0. 0. 0. 0. 0. 0. 0. 0.]
  [0. 0. 0. 0. 0. 0. 0. 0. 0. 0. 0. 0.]
  [0. 0. 0. 0. 0. 0. 0. 0. 0. 0. 0. 0.]
  [0. 0. 0. 0. 0. 0. 0. 0. 0. 0. 0. 0.]]]	[[[0.]
  [0.]
  [0.]
  [0.]]]	[[1. 1. 0. 0.]]	[[ 0.49947667 -0.75042355]]	[[ 0.39958134 -0.75042355]]	0	0.0	0.49947667
[[0]]	[[1]]	[[0 0 0 0 0 0 0 0 0 0 0 0]]	[[0 0 0 0 0 0 0 0 0 0 0 0]]	[[0. 0. 0. 0. 0. 0. 0. 0. 0. 0. 0. 0.]]	[[[0. 0. 0. 0. 0. 0. 0. 0. 0. 0. 0. 0.]
  [0. 0. 0. 0. 0. 0. 0. 0. 0. 0. 0. 0.]
  [0. 0. 0. 0. 0. 0. 0. 0. 0. 0. 0. 0.]
  [0. 0. 0. 0. 0. 0. 0. 0. 0. 0. 0. 0.]]]	[[[0.]
  [0.]
  [0.]
  [0.]]]	[[1. 1. 0. 0.]]	[[ 0.49947667 -0.75042355]]	[[ 0.17791468 -0.75042355]]	0	-0.22166666666666662	0.49947667
[[0]]	[[1]]	[[0 0 0 0 0 0 0 0 0 0 0 0]]	[[0 0 0 0 0 0 0 0 0 0 0 0]]	[[0. 0. 0. 0. 0. 0. 0. 0. 0. 0. 0. 0.]]	[[[0. 0. 0. 0. 0. 0. 0. 0. 0. 0. 0. 0.]
  [0. 0. 0. 0. 0. 0. 0. 0. 0. 0. 0. 0.]
  [0. 0. 0. 0. 0. 0. 0. 0. 0. 0. 0. 0.]
  [0. 0. 0. 0. 0. 0. 0. 0. 0. 0. 0. 0.]]]	[[[0.]
  [0.]
  [0.]
  [0.]]]	[[1. 1. 0. 0.]]	[[ 0.49947667 -0.75042355]]	[[ 0.39958134 -0.75042355]]	0	0.0	0.49947667
[[0]]	[[1]]	[[0 0 0 0 0 0 0 0 0 0 0 0]]	[[0 0 0 0 0 0 0 0 0 0 0 0]]	[[0. 0. 0. 0. 0. 0. 0. 0. 0. 0. 0. 0.]]	[[[0. 0. 0. 0. 0. 0. 0. 0. 0. 0. 0. 0.]
  [0. 0. 0. 0. 0. 0. 0. 0. 0. 0. 0. 0.]
  [0. 0. 0. 0. 0. 0. 0. 0. 0. 0. 0. 0.]
  [0. 0. 0. 0. 0. 0. 0. 0. 0. 0. 0. 0.]]]	[[[0.]
  [0.]
  [0.]
  [0.]]]	[[1. 1. 0. 0.]]	[[ 0.49947667 -0.75042355]]	[[ 0.20680152 -0.75042355]]	0	-0.19277982307073674	0.49947667
[[0]]	[[1]]	[[0 0 0 0 0 0 0 0 0 0 0 0]]	[[0 0 0 0 0 0 0 0 0 0 0 0]]	[[0. 0. 0. 0. 0. 0. 0. 0. 0. 0. 0. 0.]]	[[[0. 0. 0. 0. 0. 0. 0. 0. 0. 0. 0. 0.]
  [0. 0. 0. 0. 0. 0. 0. 0. 0. 0. 0. 0.]
  [0. 0. 0. 0. 0. 0. 0. 0. 0. 0. 0. 0.]
  [0. 0. 0. 0. 0. 0. 0. 0. 0. 0. 0. 0.]]]	[[[0.]
  [0.]
  [0.]
  [0.]]]	[[1. 1. 0. 0.]]	[[ 0.49947667 -0.75042355]]	[[ 0.39958134 -0.75042355]]	0	0.0	0.49947667
[[0]]	[[1]]	[[0 0 0 0 0 0 0 0 0 0 0 0]]	[[0 0 0 0 0 0 0 0 0 0 0 0]]	[[0. 0. 0. 0. 0. 0. 0. 0. 0. 0. 0. 0.]]	[[[0. 0. 0. 0. 0. 0. 0. 0. 0. 0. 0. 0.]
  [0. 0. 0. 0. 0. 0. 0. 0. 0. 0. 0. 0.]
  [0. 0. 0. 0. 0. 0. 0. 0. 0. 0. 0. 0.]
  [0. 0. 0. 0. 0. 0. 0. 0. 0. 0. 0. 0.]]]	[[[0.]
  [0.]
  [0.]
  [0.]]]	[[1. 1. 0. 0.]]	[[ 0.49947667 -0.75042355]]	[[ 0.39958134 -0.75042355]]	0	0.0	0.49947667
[[0]]	[[1]]	[[0 0 0 0 0 0 0 0 0 0 0 0]]	[[0 0 0 0 0 0 0 0 0 0 0 0]]	[[0. 0. 0. 0. 0. 0. 0. 0. 0. 0. 0. 0.]]	[[[0. 0. 0. 0. 0. 0. 0. 0. 0. 0. 0. 0.]
  [0. 0. 0. 0. 0. 0. 0. 0. 0. 0. 0. 0.]
  [0. 0. 0. 0. 0. 0. 0. 0. 0. 0. 0. 0.]
  [0. 0. 0. 0. 0. 0. 0. 0. 0. 0. 0. 0.]]]	[[[0.]
  [0.]
  [0.]
  [0.]]]	[[1. 1. 0. 0.]]	[[ 0.49947667 -0.75042355]]	[[ 0.39958134 -0.75042355]]	0	0.0	0.49947667
[[0]]	[[1]]	[[0 0 0 0 0 0 0 0 0 0 0 0]]	[[0 0 0 0 0 0 0 0 0 0 0 0]]	[[0. 0. 0. 0. 0. 0. 0. 0. 0. 0. 0. 0.]]	[[[0. 0. 0. 0. 0. 0. 0. 0. 0. 0. 0. 0.]
  [0. 0. 0. 0. 0. 0. 0. 0. 0. 0. 0. 0.]
  [0. 0. 0. 0. 0. 0. 0. 0. 0. 0. 0. 0.]
  [0. 0. 0. 0. 0. 0. 0. 0. 0. 0. 0. 0.]]]	[[[0.]
  [0.]
  [0.]
  [0.]]]	[[1. 1. 0. 0.]]	[[ 0.49947667 -0.75042355]]	[[ 0.39958134 -0.75042355]]	0	0.0	0.49947667
[[0]]	[[1]]	[[0 0 0 0 0 0 0 0 0 0 0 0]]	[[0 0 0 0 0 0 0 0 0 0 0 0]]	[[0. 0. 0. 0. 0. 0. 0. 0. 0. 0. 0. 0.]]	[[[0. 0. 0. 0. 0. 0. 0. 0. 0. 0. 0. 0.]
  [0. 0. 0. 0. 0. 0. 0. 0. 0. 0. 0. 0.]
  [0. 0. 0. 0. 0. 0. 0. 0. 0. 0. 0. 0.]
  [0. 0. 0. 0. 0. 0. 0. 0. 0. 0. 0. 0.]]]	[[[0.]
  [0.]
  [0.]
  [0.]]]	[[1. 1. 0. 0.]]	[[ 0.49947667 -0.75042355]]	[[ 0.0309726  -0.75042355]]	0	-0.36860873978407765	0.49947667
[[0]]	[[1]]	[[0 0 0 0 0 0 0 0 0 0 0 0]]	[[0 0 0 0 0 0 0 0 0 0 0 0]]	[[0. 0. 0. 0. 0. 0. 0. 0. 0. 0. 0. 0.]]	[[[0. 0. 0. 0. 0. 0. 0. 0. 0. 0. 0. 0.]
  [0. 0. 0. 0. 0. 0. 0. 0. 0. 0. 0. 0.]
  [0. 0. 0. 0. 0. 0. 0. 0. 0. 0. 0. 0.]
  [0. 0. 0. 0. 0. 0. 0. 0. 0. 0. 0. 0.]]]	[[[0.]
  [0.]
  [0.]
  [0.]]]	[[1. 1. 0. 0.]]	[[ 0.49947667 -0.75042355]]	[[ 0.39958134 -0.75042355]]	0	0.0	0.49947667
[[0]]	[[1]]	[[0 0 0 0 0 0 0 0 0 0 0 0]]	[[0 0 0 0 0 0 0 0 0 0 0 0]]	[[0. 0. 0. 0. 0. 0. 0. 0. 0. 0. 0. 0.]]	[[[0. 0. 0. 0. 0. 0. 0. 0. 0. 0. 0. 0.]
  [0. 0. 0. 0. 0. 0. 0. 0. 0. 0. 0. 0.]
  [0. 0. 0. 0. 0. 0. 0. 0. 0. 0. 0. 0.]
  [0. 0. 0. 0. 0. 0. 0. 0. 0. 0. 0. 0.]]]	[[[0.]
  [0.]
  [0.]
  [0.]]]	[[1. 1. 0. 0.]]	[[ 0.49947667 -0.75042355]]	[[ 0.35480872 -0.75042355]]	0	-0.044772627282688264	0.49947667
[[0]]	[[1]]	[[0 0 0 0 0 0 0 0 0 0 0 0]]	[[0 0 0 0 0 0 0 0 0 0 0 0]]	[[0. 0. 0. 0. 0. 0. 0. 0. 0. 0. 0. 0.]]	[[[0. 0. 0. 0. 0. 0. 0. 0. 0. 0. 0. 0.]
  [0. 0. 0. 0. 0. 0. 0. 0. 0. 0. 0. 0.]
  [0. 0. 0. 0. 0. 0. 0. 0. 0. 0. 0. 0.]
  [0. 0. 0. 0. 0. 0. 0. 0. 0. 0. 0. 0.]]]	[[[0.]
  [0.]
  [0.]
  [0.]]]	[[1. 1. 0. 0.]]	[[ 0.49947667 -0.75042355]]	[[ 0.18958135 -0.75042355]]	0	-0.20999999999999996	0.49947667
[[0]]	[[1]]	[[0 0 0 0 0 0 0 0 0 0 0 0]]	[[0 0 0 0 0 0 0 0 0 0 0 0]]	[[0. 0. 0. 0. 0. 0. 0. 0. 0. 0. 0. 0.]]	[[[0. 0. 0. 0. 0. 0. 0. 0. 0. 0. 0. 0.]
  [0. 0. 0. 0. 0. 0. 0. 0. 0. 0. 0. 0.]
  [0. 0. 0. 0. 0. 0. 0. 0. 0. 0. 0. 0.]
  [0. 0. 0. 0. 0. 0. 0. 0. 0. 0. 0. 0.]]]	[[[0.]
  [0.]
  [0.]
  [0.]]]	[[1. 1. 0. 0.]]	[[ 0.49947667 -0.75042355]]	[[ 0.07508945 -0.75042355]]	0	-0.3244918947363864	0.49947667
[[0]]	[[1]]	[[0 0 0 0 0 0 0 0 0 0 0 0]]	[[0 0 0 0 0 0 0 0 0 0 0 0]]	[[0. 0. 0. 0. 0. 0. 0. 0. 0. 0. 0. 0.]]	[[[0. 0. 0. 0. 0. 0. 0. 0. 0. 0. 0. 0.]
  [0. 0. 0. 0. 0. 0. 0. 0. 0. 0. 0. 0.]
  [0. 0. 0. 0. 0. 0. 0. 0. 0. 0. 0. 0.]
  [0. 0. 0. 0. 0. 0. 0. 0. 0. 0. 0. 0.]]]	[[[0.]
  [0.]
  [0.]
  [0.]]]	[[1. 1. 0. 0.]]	[[ 0.49947667 -0.75042355]]	[[ 0.39958134 -0.75042355]]	0	0.0	0.49947667
[[0]]	[[1]]	[[0 0 0 0 0 0 0 0 0 0 0 0]]	[[0 0 0 0 0 0 0 0 0 0 0 0]]	[[0. 0. 0. 0. 0. 0. 0. 0. 0. 0. 0. 0.]]	[[[0. 0. 0. 0. 0. 0. 0. 0. 0. 0. 0. 0.]
  [0. 0. 0. 0. 0. 0. 0. 0. 0. 0. 0. 0.]
  [0. 0. 0. 0. 0. 0. 0. 0. 0. 0. 0. 0.]
  [0. 0. 0. 0. 0. 0. 0. 0. 0. 0. 0. 0.]]]	[[[0.]
  [0.]
  [0.]
  [0.]]]	[[1. 1. 0. 0.]]	[[ 0.49947667 -0.75042355]]	[[ 0.23624802 -0.75042355]]	0	-0.1633333333333333	0.49947667
[[0]]	[[1]]	[[0 0 0 0 0 0 0 0 0 0 0 0]]	[[0 0 0 0 0 0 0 0 0 0 0 0]]	[[0. 0. 0. 0. 0. 0. 0. 0. 0. 0. 0. 0.]]	[[[0. 0. 0. 0. 0. 0. 0. 0. 0. 0. 0. 0.]
  [0. 0. 0. 0. 0. 0. 0. 0. 0. 0. 0. 0.]
  [0. 0. 0. 0. 0. 0. 0. 0. 0. 0. 0. 0.]
  [0. 0. 0. 0. 0. 0. 0. 0. 0. 0. 0. 0.]]]	[[[0.]
  [0.]
  [0.]
  [0.]]]	[[1. 1. 0. 0.]]	[[ 0.49947667 -0.75042355]]	[[ 0.3252258  -0.75042355]]	0	-0.0743555383080996	0.49947667
[[0]]	[[1]]	[[0 0 0 0 0 0 0 0 0 0 0 0]]	[[0 0 0 0 0 0 0 0 0 0 0 0]]	[[0. 0. 0. 0. 0. 0. 0. 0. 0. 0. 0. 0.]]	[[[0. 0. 0. 0. 0. 0. 0. 0. 0. 0. 0. 0.]
  [0. 0. 0. 0. 0. 0. 0. 0. 0. 0. 0. 0.]
  [0. 0. 0. 0. 0. 0. 0. 0. 0. 0. 0. 0.]
  [0. 0. 0. 0. 0. 0. 0. 0. 0. 0. 0. 0.]]]	[[[0.]
  [0.]
  [0.]
  [0.]]]	[[1. 1. 0. 0.]]	[[ 0.49947667 -0.75042355]]	[[ 0.22458135 -0.75042355]]	0	-0.17499999999999996	0.49947667
[[0]]	[[1]]	[[0 0 0 0 0 0 0 0 0 0 0 0]]	[[0 0 0 0 0 0 0 0 0 0 0 0]]	[[0. 0. 0. 0. 0. 0. 0. 0. 0. 0. 0. 0.]]	[[[0. 0. 0. 0. 0. 0. 0. 0. 0. 0. 0. 0.]
  [0. 0. 0. 0. 0. 0. 0. 0. 0. 0. 0. 0.]
  [0. 0. 0. 0. 0. 0. 0. 0. 0. 0. 0. 0.]
  [0. 0. 0. 0. 0. 0. 0. 0. 0. 0. 0. 0.]]]	[[[0.]
  [0.]
  [0.]
  [0.]]]	[[1. 1. 0. 0.]]	[[ 0.49947667 -0.75042355]]	[[ 0.39958134 -0.75042355]]	0	0.0	0.49947667
[[0]]	[[1]]	[[0 0 0 0 0 0 0 0 0 0 0 0]]	[[0 0 0 0 0 0 0 0 0 0 0 0]]	[[0. 0. 0. 0. 0. 0. 0. 0. 0. 0. 0. 0.]]	[[[0. 0. 0. 0. 0. 0. 0. 0. 0. 0. 0. 0.]
  [0. 0. 0. 0. 0. 0. 0. 0. 0. 0. 0. 0.]
  [0. 0. 0. 0. 0. 0. 0. 0. 0. 0. 0. 0.]
  [0. 0. 0. 0. 0. 0. 0. 0. 0. 0. 0. 0.]]]	[[[0.]
  [0.]
  [0.]
  [0.]]]	[[1. 1. 0. 0.]]	[[ 0.49947667 -0.75042355]]	[[ 0.39958134 -0.75042355]]	0	0.0	0.49947667
[[0]]	[[1]]	[[0 0 0 0 0 0 0 0 0 0 0 0]]	[[0 0 0 0 0 0 0 0 0 0 0 0]]	[[0. 0. 0. 0. 0. 0. 0. 0. 0. 0. 0. 0.]]	[[[0. 0. 0. 0. 0. 0. 0. 0. 0. 0. 0. 0.]
  [0. 0. 0. 0. 0. 0. 0. 0. 0. 0. 0. 0.]
  [0. 0. 0. 0. 0. 0. 0. 0. 0. 0. 0. 0.]
  [0. 0. 0. 0. 0. 0. 0. 0. 0. 0. 0. 0.]]]	[[[0.]
  [0.]
  [0.]
  [0.]]]	[[1. 1. 0. 0.]]	[[ 0.49947667 -0.75042355]]	[[-0.16541767 -0.75042355]]	0	-0.564999011620374	0.49947667
[[0]]	[[1]]	[[0 0 0 0 0 0 0 0 0 0 0 0]]	[[0 0 0 0 0 0 0 0 0 0 0 0]]	[[0. 0. 0. 0. 0. 0. 0. 0. 0. 0. 0. 0.]]	[[[0. 0. 0. 0. 0. 0. 0. 0. 0. 0. 0. 0.]
  [0. 0. 0. 0. 0. 0. 0. 0. 0. 0. 0. 0.]
  [0. 0. 0. 0. 0. 0. 0. 0. 0. 0. 0. 0.]
  [0. 0. 0. 0. 0. 0. 0. 0. 0. 0. 0. 0.]]]	[[[0.]
  [0.]
  [0.]
  [0.]]]	[[1. 1. 0. 0.]]	[[ 0.49947667 -0.75042355]]	[[ 0.39958134 -0.75042355]]	0	0.0	0.49947667
[[0]]	[[1]]	[[0 0 0 0 0 0 0 0 0 0 0 0]]	[[0 0 0 0 0 0 0 0 0 0 0 0]]	[[0. 0. 0. 0. 0. 0. 0. 0. 0. 0. 0. 0.]]	[[[0. 0. 0. 0. 0. 0. 0. 0. 0. 0. 0. 0.]
  [0. 0. 0. 0. 0. 0. 0. 0. 0. 0. 0. 0.]
  [0. 0. 0. 0. 0. 0. 0. 0. 0. 0. 0. 0.]
  [0. 0. 0. 0. 0. 0. 0. 0. 0. 0. 0. 0.]]]	[[[0.]
  [0.]
  [0.]
  [0.]]]	[[1. 1. 0. 0.]]	[[ 0.49947667 -0.75042355]]	[[-0.14045824 -0.75042355]]	0	-0.5400395842518916	0.49947667
[[0]]	[[1]]	[[0 0 0 0 0 0 0 0 0 0 0 0]]	[[0 0 0 0 0 0 0 0 0 0 0 0]]	[[0. 0. 0. 0. 0. 0. 0. 0. 0. 0. 0. 0.]]	[[[0. 0. 0. 0. 0. 0. 0. 0. 0. 0. 0. 0.]
  [0. 0. 0. 0. 0. 0. 0. 0. 0. 0. 0. 0.]
  [0. 0. 0. 0. 0. 0. 0. 0. 0. 0. 0. 0.]
  [0. 0. 0. 0. 0. 0. 0. 0. 0. 0. 0. 0.]]]	[[[0.]
  [0.]
  [0.]
  [0.]]]	[[1. 1. 0. 0.]]	[[ 0.49947667 -0.75042355]]	[[ 0.39958134 -0.75042355]]	0	0.0	0.49947667
[[0]]	[[1]]	[[0 0 0 0 0 0 0 0 0 0 0 0]]	[[0 0 0 0 0 0 0 0 0 0 0 0]]	[[0. 0. 0. 0. 0. 0. 0. 0. 0. 0. 0. 0.]]	[[[0. 0. 0. 0. 0. 0. 0. 0. 0. 0. 0. 0.]
  [0. 0. 0. 0. 0. 0. 0. 0. 0. 0. 0. 0.]
  [0. 0. 0. 0. 0. 0. 0. 0. 0. 0. 0. 0.]
  [0. 0. 0. 0. 0. 0. 0. 0. 0. 0. 0. 0.]]]	[[[0.]
  [0.]
  [0.]
  [0.]]]	[[1. 1. 0. 0.]]	[[ 0.49947667 -0.75042355]]	[[ 0.35712326 -0.75042355]]	0	-0.042458094593769216	0.49947667
[[0]]	[[1]]	[[0 0 0 0 0 0 0 0 0 0 0 0]]	[[0 0 0 0 0 0 0 0 0 0 0 0]]	[[0. 0. 0. 0. 0. 0. 0. 0. 0. 0. 0. 0.]]	[[[0. 0. 0. 0. 0. 0. 0. 0. 0. 0. 0. 0.]
  [0. 0. 0. 0. 0. 0. 0. 0. 0. 0. 0. 0.]
  [0. 0. 0. 0. 0. 0. 0. 0. 0. 0. 0. 0.]
  [0. 0. 0. 0. 0. 0. 0. 0. 0. 0. 0. 0.]]]	[[[0.]
  [0.]
  [0.]
  [0.]]]	[[1. 1. 0. 0.]]	[[ 0.49947667 -0.75042355]]	[[ 0.201248   -0.75042355]]	0	-0.1983333333333333	0.49947667
[[0]]	[[1]]	[[0 0 0 0 0 0 0 0 0 0 0 0]]	[[0 0 0 0 0 0 0 0 0 0 0 0]]	[[0. 0. 0. 0. 0. 0. 0. 0. 0. 0. 0. 0.]]	[[[0. 0. 0. 0. 0. 0. 0. 0. 0. 0. 0. 0.]
  [0. 0. 0. 0. 0. 0. 0. 0. 0. 0. 0. 0.]
  [0. 0. 0. 0. 0. 0. 0. 0. 0. 0. 0. 0.]
  [0. 0. 0. 0. 0. 0. 0. 0. 0. 0. 0. 0.]]]	[[[0.]
  [0.]
  [0.]
  [0.]]]	[[1. 1. 0. 0.]]	[[ 0.49947667 -0.75042355]]	[[ 0.21291468 -0.75042355]]	0	-0.18666666666666662	0.49947667
